#
# There is insufficient memory for the Java Runtime Environment to continue.
# Native memory allocation (malloc) failed to allocate 1024336 bytes for Chunk::new
# Possible reasons:
#   The system is out of physical RAM or swap space
#   The process is running with CompressedOops enabled, and the Java Heap may be blocking the growth of the native heap
# Possible solutions:
#   Reduce memory load on the system
#   Increase physical memory or swap space
#   Check if swap backing store is full
#   Decrease Java heap size (-Xmx/-Xms)
#   Decrease number of Java threads
#   Decrease Java thread stack sizes (-Xss)
#   Set larger code cache with -XX:ReservedCodeCacheSize=
#   JVM is running with Unscaled Compressed Oops mode in which the Java heap is
#     placed in the first 4GB address space. The Java Heap base address is the
#     maximum limit for the native heap growth. Please use -XX:HeapBaseMinAddress
#     to set the Java Heap base and to place the Java Heap above 4GB virtual address.
# This output file may be truncated or incomplete.
#
#  Out of Memory Error (./src/hotspot/share/memory/arena.cpp:197), pid=19880, tid=10208
#
# JRE version: OpenJDK Runtime Environment (11.0.13) (build 11.0.13+0-b1751.21-8125866)
# Java VM: OpenJDK 64-Bit Server VM (11.0.13+0-b1751.21-8125866, mixed mode, tiered, compressed oops, g1 gc, windows-amd64)
# No core dump will be written. Minidumps are not enabled by default on client versions of Windows
#

---------------  S U M M A R Y ------------

Command Line: --add-opens=java.base/java.util=ALL-UNNAMED --add-opens=java.base/java.lang=ALL-UNNAMED --add-opens=java.base/java.lang.invoke=ALL-UNNAMED --add-opens=java.base/java.util=ALL-UNNAMED --add-opens=java.prefs/java.util.prefs=ALL-UNNAMED --add-opens=java.prefs/java.util.prefs=ALL-UNNAMED --add-opens=java.base/java.nio.charset=ALL-UNNAMED --add-opens=java.base/java.net=ALL-UNNAMED --add-opens=java.base/java.util.concurrent.atomic=ALL-UNNAMED -Xmx2048m -Dfile.encoding=UTF-8 -Duser.country=ES -Duser.language=es -Duser.variant org.gradle.launcher.daemon.bootstrap.GradleDaemon 7.4

Host: Intel(R) Core(TM) i7-9750H CPU @ 2.60GHz, 12 cores, 15G,  Windows 10 , 64 bit Build 19041 (10.0.19041.1889)
Time: Mon Oct 24 09:45:10 2022 Hora de verano de Marruecos elapsed time: 4.218801 seconds (0d 0h 0m 4s)

---------------  T H R E A D  ---------------

Current thread (0x0000028ebf030000):  JavaThread "C2 CompilerThread2" daemon [_thread_in_native, id=10208, stack(0x000000a490500000,0x000000a490600000)]


Current CompileTask:
C2:   4219 2772 %     4       jdk.internal.loader.URLClassPath::getResource @ 39 (74 bytes)

Stack: [0x000000a490500000,0x000000a490600000]
Native frames: (J=compiled Java code, j=interpreted, Vv=VM code, C=native code)
V  [jvm.dll+0x6100fa]
V  [jvm.dll+0x747090]
V  [jvm.dll+0x7486ad]
V  [jvm.dll+0x748d83]
V  [jvm.dll+0x24ab48]
V  [jvm.dll+0xc04dc]
V  [jvm.dll+0xc0a0c]
V  [jvm.dll+0x35eb9d]
V  [jvm.dll+0x19d7bc]
V  [jvm.dll+0x2033be]
V  [jvm.dll+0x202437]
V  [jvm.dll+0x188e01]
V  [jvm.dll+0x21106b]
V  [jvm.dll+0x20f8c1]
V  [jvm.dll+0x70de0f]
V  [jvm.dll+0x706a75]
V  [jvm.dll+0x60ed66]
C  [ucrtbase.dll+0x21bb2]
C  [KERNEL32.DLL+0x17034]
C  [ntdll.dll+0x526a1]


---------------  P R O C E S S  ---------------

Threads class SMR info:
_java_thread_list=0x0000028ec0298630, length=44, elements={
0x0000028e9f202000, 0x0000028ebc32f000, 0x0000028ebc338800, 0x0000028ebc38c800,
0x0000028ebc38d800, 0x0000028ebc38e800, 0x0000028ebc394000, 0x0000028ebc397000,
0x0000028ebc398000, 0x0000028ebc502000, 0x0000028ebe6ee800, 0x0000028ebddd3800,
0x0000028ebea2f800, 0x0000028ebe8ad800, 0x0000028ebe8ae000, 0x0000028ebd638800,
0x0000028ebe7e7800, 0x0000028ebed60800, 0x0000028ebee3b800, 0x0000028ebf219000,
0x0000028ebf04e000, 0x0000028ebf04e800, 0x0000028ebf04f800, 0x0000028ebf050800,
0x0000028ebf030000, 0x0000028ebf052000, 0x0000028ebf051000, 0x0000028ebf054800,
0x0000028ebf053000, 0x0000028ebf053800, 0x0000028ec1932800, 0x0000028ec1931000,
0x0000028ec1934800, 0x0000028ec1936000, 0x0000028ec1933800, 0x0000028ec1935000,
0x0000028ec1930800, 0x0000028ec1932000, 0x0000028ec1937800, 0x0000028ec1938800,
0x0000028ec193a000, 0x0000028ec193c800, 0x0000028ec193b800, 0x0000028ec1939000
}

Java Threads: ( => current thread )
  0x0000028e9f202000 JavaThread "main" [_thread_blocked, id=10020, stack(0x000000a48db00000,0x000000a48dc00000)]
  0x0000028ebc32f000 JavaThread "Reference Handler" daemon [_thread_blocked, id=10356, stack(0x000000a48e200000,0x000000a48e300000)]
  0x0000028ebc338800 JavaThread "Finalizer" daemon [_thread_blocked, id=17492, stack(0x000000a48e300000,0x000000a48e400000)]
  0x0000028ebc38c800 JavaThread "Signal Dispatcher" daemon [_thread_blocked, id=17628, stack(0x000000a48e400000,0x000000a48e500000)]
  0x0000028ebc38d800 JavaThread "Attach Listener" daemon [_thread_blocked, id=9440, stack(0x000000a48e500000,0x000000a48e600000)]
  0x0000028ebc38e800 JavaThread "Service Thread" daemon [_thread_blocked, id=11188, stack(0x000000a48e600000,0x000000a48e700000)]
  0x0000028ebc394000 JavaThread "C2 CompilerThread0" daemon [_thread_in_native, id=25364, stack(0x000000a48e700000,0x000000a48e800000)]
  0x0000028ebc397000 JavaThread "C1 CompilerThread0" daemon [_thread_blocked, id=22004, stack(0x000000a48e800000,0x000000a48e900000)]
  0x0000028ebc398000 JavaThread "Sweeper thread" daemon [_thread_blocked, id=20284, stack(0x000000a48e900000,0x000000a48ea00000)]
  0x0000028ebc502000 JavaThread "Common-Cleaner" daemon [_thread_blocked, id=17292, stack(0x000000a48ea00000,0x000000a48eb00000)]
  0x0000028ebe6ee800 JavaThread "Daemon health stats" [_thread_blocked, id=20264, stack(0x000000a48f300000,0x000000a48f400000)]
  0x0000028ebddd3800 JavaThread "Incoming local TCP Connector on port 1286" [_thread_in_native, id=24652, stack(0x000000a48ec00000,0x000000a48ed00000)]
  0x0000028ebea2f800 JavaThread "Daemon periodic checks" [_thread_blocked, id=18676, stack(0x000000a48f200000,0x000000a48f300000)]
  0x0000028ebe8ad800 JavaThread "Daemon" [_thread_blocked, id=24832, stack(0x000000a48f400000,0x000000a48f500000)]
  0x0000028ebe8ae000 JavaThread "Handler for socket connection from /127.0.0.1:1286 to /127.0.0.1:1287" [_thread_in_native, id=16972, stack(0x000000a48f500000,0x000000a48f600000)]
  0x0000028ebd638800 JavaThread "Cancel handler" [_thread_blocked, id=8172, stack(0x000000a48f600000,0x000000a48f700000)]
  0x0000028ebe7e7800 JavaThread "Daemon worker" [_thread_in_native, id=20680, stack(0x000000a48f700000,0x000000a48f800000)]
  0x0000028ebed60800 JavaThread "Asynchronous log dispatcher for DefaultDaemonConnection: socket connection from /127.0.0.1:1286 to /127.0.0.1:1287" [_thread_blocked, id=17576, stack(0x000000a48f800000,0x000000a48f900000)]
  0x0000028ebee3b800 JavaThread "C2 CompilerThread1" daemon [_thread_in_native, id=13628, stack(0x000000a48f900000,0x000000a48fa00000)]
  0x0000028ebf219000 JavaThread "Stdin handler" [_thread_blocked, id=18708, stack(0x000000a48fa00000,0x000000a48fb00000)]
  0x0000028ebf04e000 JavaThread "Daemon client event forwarder" [_thread_blocked, id=3752, stack(0x000000a48fb00000,0x000000a48fc00000)]
  0x0000028ebf04e800 JavaThread "Cache worker for journal cache (C:\Users\Imad\.gradle\caches\journal-1)" [_thread_blocked, id=13620, stack(0x000000a48fc00000,0x000000a48fd00000)]
  0x0000028ebf04f800 JavaThread "File lock request listener" [_thread_in_native, id=15824, stack(0x000000a48fd00000,0x000000a48fe00000)]
  0x0000028ebf050800 JavaThread "Cache worker for file hash cache (C:\Users\Imad\.gradle\caches\7.4\fileHashes)" [_thread_blocked, id=23792, stack(0x000000a490400000,0x000000a490500000)]
=>0x0000028ebf030000 JavaThread "C2 CompilerThread2" daemon [_thread_in_native, id=10208, stack(0x000000a490500000,0x000000a490600000)]
  0x0000028ebf052000 JavaThread "File watcher server" daemon [_thread_in_native, id=14596, stack(0x000000a490600000,0x000000a490700000)]
  0x0000028ebf051000 JavaThread "File watcher consumer" daemon [_thread_blocked, id=15684, stack(0x000000a490700000,0x000000a490800000)]
  0x0000028ebf054800 JavaThread "jar transforms" [_thread_blocked, id=12780, stack(0x000000a490800000,0x000000a490900000)]
  0x0000028ebf053000 JavaThread "jar transforms Thread 2" [_thread_blocked, id=12084, stack(0x000000a490900000,0x000000a490a00000)]
  0x0000028ebf053800 JavaThread "jar transforms Thread 3" [_thread_blocked, id=13420, stack(0x000000a490a00000,0x000000a490b00000)]
  0x0000028ec1932800 JavaThread "jar transforms Thread 4" [_thread_blocked, id=23216, stack(0x000000a490b00000,0x000000a490c00000)]
  0x0000028ec1931000 JavaThread "jar transforms Thread 5" [_thread_blocked, id=25048, stack(0x000000a490c00000,0x000000a490d00000)]
  0x0000028ec1934800 JavaThread "jar transforms Thread 6" [_thread_blocked, id=10980, stack(0x000000a490d00000,0x000000a490e00000)]
  0x0000028ec1936000 JavaThread "jar transforms Thread 7" [_thread_blocked, id=24104, stack(0x000000a490e00000,0x000000a490f00000)]
  0x0000028ec1933800 JavaThread "jar transforms Thread 8" [_thread_blocked, id=23692, stack(0x000000a490f00000,0x000000a491000000)]
  0x0000028ec1935000 JavaThread "jar transforms Thread 9" [_thread_blocked, id=16828, stack(0x000000a491000000,0x000000a491100000)]
  0x0000028ec1930800 JavaThread "jar transforms Thread 10" [_thread_blocked, id=8392, stack(0x000000a491100000,0x000000a491200000)]
  0x0000028ec1932000 JavaThread "jar transforms Thread 11" [_thread_blocked, id=9256, stack(0x000000a491200000,0x000000a491300000)]
  0x0000028ec1937800 JavaThread "jar transforms Thread 12" [_thread_blocked, id=18360, stack(0x000000a491300000,0x000000a491400000)]
  0x0000028ec1938800 JavaThread "Cache worker for checksums cache (C:\Users\Imad\AndroidStudioProjects\GestionSalle\.gradle\7.4\checksums)" [_thread_blocked, id=23884, stack(0x000000a491400000,0x000000a491500000)]
  0x0000028ec193a000 JavaThread "Cache worker for cache directory md-rule (C:\Users\Imad\.gradle\caches\7.4\md-rule)" [_thread_blocked, id=20836, stack(0x000000a491500000,0x000000a491600000)]
  0x0000028ec193c800 JavaThread "Cache worker for file hash cache (C:\Users\Imad\AndroidStudioProjects\GestionSalle\.gradle\7.4\fileHashes)" [_thread_blocked, id=20420, stack(0x000000a491600000,0x000000a491700000)]
  0x0000028ec193b800 JavaThread "Cache worker for cache directory md-supplier (C:\Users\Imad\.gradle\caches\7.4\md-supplier)" [_thread_blocked, id=24844, stack(0x000000a491700000,0x000000a491800000)]
  0x0000028ec1939000 JavaThread "Cache worker for execution history cache (C:\Users\Imad\.gradle\caches\7.4\executionHistory)" [_thread_blocked, id=19092, stack(0x000000a491800000,0x000000a491900000)]

Other Threads:
  0x0000028ebc32b800 VMThread "VM Thread" [stack: 0x000000a48e100000,0x000000a48e200000] [id=1000]
  0x0000028ebc50c800 WatcherThread [stack: 0x000000a48eb00000,0x000000a48ec00000] [id=19684]
  0x0000028e9f21b000 GCTaskThread "GC Thread#0" [stack: 0x000000a48dc00000,0x000000a48dd00000] [id=25024]
  0x0000028ebd310000 GCTaskThread "GC Thread#1" [stack: 0x000000a48ed00000,0x000000a48ee00000] [id=14580]
  0x0000028ebd30e000 GCTaskThread "GC Thread#2" [stack: 0x000000a48ee00000,0x000000a48ef00000] [id=4424]
  0x0000028ebd30c000 GCTaskThread "GC Thread#3" [stack: 0x000000a48ef00000,0x000000a48f000000] [id=18860]
  0x0000028ebd30d800 GCTaskThread "GC Thread#4" [stack: 0x000000a48f000000,0x000000a48f100000] [id=22848]
  0x0000028ebd30c800 GCTaskThread "GC Thread#5" [stack: 0x000000a48f100000,0x000000a48f200000] [id=11220]
  0x0000028ebd30e800 GCTaskThread "GC Thread#6" [stack: 0x000000a48fe00000,0x000000a48ff00000] [id=13820]
  0x0000028ebd30f800 GCTaskThread "GC Thread#7" [stack: 0x000000a48ff00000,0x000000a490000000] [id=3132]
  0x0000028ebd309800 GCTaskThread "GC Thread#8" [stack: 0x000000a490000000,0x000000a490100000] [id=16748]
  0x0000028ebd30a800 GCTaskThread "GC Thread#9" [stack: 0x000000a490100000,0x000000a490200000] [id=6712]
  0x0000028e9f24b000 ConcurrentGCThread "G1 Main Marker" [stack: 0x000000a48dd00000,0x000000a48de00000] [id=10892]
  0x0000028e9f24d800 ConcurrentGCThread "G1 Conc#0" [stack: 0x000000a48de00000,0x000000a48df00000] [id=21960]
  0x0000028ebd311000 ConcurrentGCThread "G1 Conc#1" [stack: 0x000000a490200000,0x000000a490300000] [id=19908]
  0x0000028ebd30b000 ConcurrentGCThread "G1 Conc#2" [stack: 0x000000a490300000,0x000000a490400000] [id=21184]
  0x0000028ebb970800 ConcurrentGCThread "G1 Refine#0" [stack: 0x000000a48df00000,0x000000a48e000000] [id=25460]
  0x0000028ebb971000 ConcurrentGCThread "G1 Young RemSet Sampling" [stack: 0x000000a48e000000,0x000000a48e100000] [id=24720]

Threads with active compile tasks:
C2 CompilerThread0   4254 2896       4       sun.net.util.URLUtil::urlNoFragString (114 bytes)
C2 CompilerThread1   4254 2770  s!   4       jdk.internal.loader.URLClassPath::getLoader (194 bytes)
C2 CompilerThread2   4254 2772 %     4       jdk.internal.loader.URLClassPath::getResource @ 39 (74 bytes)

VM state:not at safepoint (normal execution)

VM Mutex/Monitor currently owned by a thread:  ([mutex/lock_event])
[0x0000028e9f1fe640] SymbolTable_lock - owner thread: 0x0000000000000000

Heap address: 0x0000000080000000, size: 2048 MB, Compressed Oops mode: 32-bit
Narrow klass base: 0x0000000000000000, Narrow klass shift: 3
Compressed class space size: 1073741824 Address: 0x0000000100000000

Heap:
 garbage-first heap   total 262144K, used 48702K [0x0000000080000000, 0x0000000100000000)
  region size 1024K, 14 young (14336K), 10 survivors (10240K)
 Metaspace       used 35705K, capacity 36718K, committed 36784K, reserved 1081344K
  class space    used 4659K, capacity 5073K, committed 5120K, reserved 1048576K
Heap Regions: E=young(eden), S=young(survivor), O=old, HS=humongous(starts), HC=humongous(continues), CS=collection set, F=free, A=archive, TAMS=top-at-mark-start (previous, next)
|   0|0x0000000080000000, 0x0000000080100000, 0x0000000080100000|100%| O|  |TAMS 0x0000000080100000, 0x0000000080000000| Untracked 
|   1|0x0000000080100000, 0x0000000080200000, 0x0000000080200000|100%| O|  |TAMS 0x0000000080200000, 0x0000000080100000| Untracked 
|   2|0x0000000080200000, 0x0000000080300000, 0x0000000080300000|100%| O|  |TAMS 0x0000000080300000, 0x0000000080200000| Untracked 
|   3|0x0000000080300000, 0x0000000080400000, 0x0000000080400000|100%|HS|  |TAMS 0x0000000080400000, 0x0000000080300000| Complete 
|   4|0x0000000080400000, 0x0000000080500000, 0x0000000080500000|100%|HC|  |TAMS 0x0000000080500000, 0x0000000080400000| Complete 
|   5|0x0000000080500000, 0x0000000080600000, 0x0000000080600000|100%|HC|  |TAMS 0x0000000080600000, 0x0000000080500000| Complete 
|   6|0x0000000080600000, 0x0000000080700000, 0x0000000080700000|100%| O|  |TAMS 0x0000000080700000, 0x0000000080600000| Untracked 
|   7|0x0000000080700000, 0x0000000080800000, 0x0000000080800000|100%| O|  |TAMS 0x0000000080800000, 0x0000000080700000| Untracked 
|   8|0x0000000080800000, 0x0000000080900000, 0x0000000080900000|100%| O|  |TAMS 0x0000000080900000, 0x0000000080800000| Untracked 
|   9|0x0000000080900000, 0x0000000080a00000, 0x0000000080a00000|100%| O|  |TAMS 0x0000000080a00000, 0x0000000080900000| Untracked 
|  10|0x0000000080a00000, 0x0000000080b00000, 0x0000000080b00000|100%| O|  |TAMS 0x0000000080b00000, 0x0000000080a00000| Untracked 
|  11|0x0000000080b00000, 0x0000000080c00000, 0x0000000080c00000|100%| O|  |TAMS 0x0000000080c00000, 0x0000000080b00000| Untracked 
|  12|0x0000000080c00000, 0x0000000080d00000, 0x0000000080d00000|100%| O|  |TAMS 0x0000000080d00000, 0x0000000080c00000| Untracked 
|  13|0x0000000080d00000, 0x0000000080e00000, 0x0000000080e00000|100%| O|  |TAMS 0x0000000080e00000, 0x0000000080d00000| Untracked 
|  14|0x0000000080e00000, 0x0000000080f00000, 0x0000000080f00000|100%| O|  |TAMS 0x0000000080f00000, 0x0000000080e00000| Untracked 
|  15|0x0000000080f00000, 0x0000000081000000, 0x0000000081000000|100%| O|  |TAMS 0x0000000081000000, 0x0000000080f00000| Untracked 
|  16|0x0000000081000000, 0x0000000081100000, 0x0000000081100000|100%| O|  |TAMS 0x0000000081100000, 0x0000000081000000| Untracked 
|  17|0x0000000081100000, 0x0000000081109e00, 0x0000000081200000|  3%| O|  |TAMS 0x0000000081109e00, 0x0000000081100000| Untracked 
|  18|0x0000000081200000, 0x0000000081300000, 0x0000000081300000|100%|HS|  |TAMS 0x0000000081300000, 0x0000000081200000| Complete 
|  19|0x0000000081300000, 0x0000000081400000, 0x0000000081400000|100%|HC|  |TAMS 0x0000000081400000, 0x0000000081300000| Complete 
|  20|0x0000000081400000, 0x0000000081500000, 0x0000000081500000|100%|HS|  |TAMS 0x0000000081500000, 0x0000000081400000| Complete 
|  21|0x0000000081500000, 0x0000000081600000, 0x0000000081600000|100%|HC|  |TAMS 0x0000000081600000, 0x0000000081500000| Complete 
|  22|0x0000000081600000, 0x0000000081700000, 0x0000000081700000|100%|HC|  |TAMS 0x0000000081700000, 0x0000000081600000| Complete 
|  23|0x0000000081700000, 0x0000000081800000, 0x0000000081800000|100%|HS|  |TAMS 0x0000000081800000, 0x0000000081700000| Complete 
|  24|0x0000000081800000, 0x0000000081900000, 0x0000000081900000|100%|HC|  |TAMS 0x0000000081900000, 0x0000000081800000| Complete 
|  25|0x0000000081900000, 0x0000000081a00000, 0x0000000081a00000|100%|HC|  |TAMS 0x0000000081a00000, 0x0000000081900000| Complete 
|  26|0x0000000081a00000, 0x0000000081b00000, 0x0000000081b00000|100%|HS|  |TAMS 0x0000000081b00000, 0x0000000081a00000| Complete 
|  27|0x0000000081b00000, 0x0000000081c00000, 0x0000000081c00000|100%|HC|  |TAMS 0x0000000081c00000, 0x0000000081b00000| Complete 
|  28|0x0000000081c00000, 0x0000000081d00000, 0x0000000081d00000|100%|HC|  |TAMS 0x0000000081d00000, 0x0000000081c00000| Complete 
|  29|0x0000000081d00000, 0x0000000081e00000, 0x0000000081e00000|100%|HC|  |TAMS 0x0000000081e00000, 0x0000000081d00000| Complete 
|  30|0x0000000081e00000, 0x0000000081f00000, 0x0000000081f00000|100%|HC|  |TAMS 0x0000000081f00000, 0x0000000081e00000| Complete 
|  31|0x0000000081f00000, 0x0000000082000000, 0x0000000082000000|100%|HS|  |TAMS 0x0000000082000000, 0x0000000081f00000| Complete 
|  32|0x0000000082000000, 0x0000000082100000, 0x0000000082100000|100%|HS|  |TAMS 0x0000000082100000, 0x0000000082000000| Complete 
|  33|0x0000000082100000, 0x0000000082200000, 0x0000000082200000|100%|HC|  |TAMS 0x0000000082200000, 0x0000000082100000| Complete 
|  34|0x0000000082200000, 0x0000000082300000, 0x0000000082300000|100%|HC|  |TAMS 0x0000000082300000, 0x0000000082200000| Complete 
|  35|0x0000000082300000, 0x0000000082400000, 0x0000000082400000|100%|HC|  |TAMS 0x0000000082400000, 0x0000000082300000| Complete 
|  36|0x0000000082400000, 0x0000000082400000, 0x0000000082500000|  0%| F|  |TAMS 0x0000000082400000, 0x0000000082400000| Untracked 
|  37|0x0000000082500000, 0x0000000082500000, 0x0000000082600000|  0%| F|  |TAMS 0x0000000082500000, 0x0000000082500000| Untracked 
|  38|0x0000000082600000, 0x0000000082600000, 0x0000000082700000|  0%| F|  |TAMS 0x0000000082600000, 0x0000000082600000| Untracked 
|  39|0x0000000082700000, 0x0000000082700000, 0x0000000082800000|  0%| F|  |TAMS 0x0000000082700000, 0x0000000082700000| Untracked 
|  40|0x0000000082800000, 0x0000000082800000, 0x0000000082900000|  0%| F|  |TAMS 0x0000000082800000, 0x0000000082800000| Untracked 
|  41|0x0000000082900000, 0x0000000082900000, 0x0000000082a00000|  0%| F|  |TAMS 0x0000000082900000, 0x0000000082900000| Untracked 
|  42|0x0000000082a00000, 0x0000000082a00000, 0x0000000082b00000|  0%| F|  |TAMS 0x0000000082a00000, 0x0000000082a00000| Untracked 
|  43|0x0000000082b00000, 0x0000000082b00000, 0x0000000082c00000|  0%| F|  |TAMS 0x0000000082b00000, 0x0000000082b00000| Untracked 
|  44|0x0000000082c00000, 0x0000000082c00000, 0x0000000082d00000|  0%| F|  |TAMS 0x0000000082c00000, 0x0000000082c00000| Untracked 
|  45|0x0000000082d00000, 0x0000000082d00000, 0x0000000082e00000|  0%| F|  |TAMS 0x0000000082d00000, 0x0000000082d00000| Untracked 
|  46|0x0000000082e00000, 0x0000000082e00000, 0x0000000082f00000|  0%| F|  |TAMS 0x0000000082e00000, 0x0000000082e00000| Untracked 
|  47|0x0000000082f00000, 0x0000000082f00000, 0x0000000083000000|  0%| F|  |TAMS 0x0000000082f00000, 0x0000000082f00000| Untracked 
|  48|0x0000000083000000, 0x0000000083000000, 0x0000000083100000|  0%| F|  |TAMS 0x0000000083000000, 0x0000000083000000| Untracked 
|  49|0x0000000083100000, 0x0000000083100000, 0x0000000083200000|  0%| F|  |TAMS 0x0000000083100000, 0x0000000083100000| Untracked 
|  50|0x0000000083200000, 0x0000000083200000, 0x0000000083300000|  0%| F|  |TAMS 0x0000000083200000, 0x0000000083200000| Untracked 
|  51|0x0000000083300000, 0x0000000083300000, 0x0000000083400000|  0%| F|  |TAMS 0x0000000083300000, 0x0000000083300000| Untracked 
|  52|0x0000000083400000, 0x0000000083400000, 0x0000000083500000|  0%| F|  |TAMS 0x0000000083400000, 0x0000000083400000| Untracked 
|  53|0x0000000083500000, 0x0000000083500000, 0x0000000083600000|  0%| F|  |TAMS 0x0000000083500000, 0x0000000083500000| Untracked 
|  54|0x0000000083600000, 0x0000000083600000, 0x0000000083700000|  0%| F|  |TAMS 0x0000000083600000, 0x0000000083600000| Untracked 
|  55|0x0000000083700000, 0x0000000083700000, 0x0000000083800000|  0%| F|  |TAMS 0x0000000083700000, 0x0000000083700000| Untracked 
|  56|0x0000000083800000, 0x0000000083800000, 0x0000000083900000|  0%| F|  |TAMS 0x0000000083800000, 0x0000000083800000| Untracked 
|  57|0x0000000083900000, 0x0000000083900000, 0x0000000083a00000|  0%| F|  |TAMS 0x0000000083900000, 0x0000000083900000| Untracked 
|  58|0x0000000083a00000, 0x0000000083a00000, 0x0000000083b00000|  0%| F|  |TAMS 0x0000000083a00000, 0x0000000083a00000| Untracked 
|  59|0x0000000083b00000, 0x0000000083b00000, 0x0000000083c00000|  0%| F|  |TAMS 0x0000000083b00000, 0x0000000083b00000| Untracked 
|  60|0x0000000083c00000, 0x0000000083c00000, 0x0000000083d00000|  0%| F|  |TAMS 0x0000000083c00000, 0x0000000083c00000| Untracked 
|  61|0x0000000083d00000, 0x0000000083d00000, 0x0000000083e00000|  0%| F|  |TAMS 0x0000000083d00000, 0x0000000083d00000| Untracked 
|  62|0x0000000083e00000, 0x0000000083e00000, 0x0000000083f00000|  0%| F|  |TAMS 0x0000000083e00000, 0x0000000083e00000| Untracked 
|  63|0x0000000083f00000, 0x0000000083f00000, 0x0000000084000000|  0%| F|  |TAMS 0x0000000083f00000, 0x0000000083f00000| Untracked 
|  64|0x0000000084000000, 0x0000000084000000, 0x0000000084100000|  0%| F|  |TAMS 0x0000000084000000, 0x0000000084000000| Untracked 
|  65|0x0000000084100000, 0x0000000084100000, 0x0000000084200000|  0%| F|  |TAMS 0x0000000084100000, 0x0000000084100000| Untracked 
|  66|0x0000000084200000, 0x0000000084200000, 0x0000000084300000|  0%| F|  |TAMS 0x0000000084200000, 0x0000000084200000| Untracked 
|  67|0x0000000084300000, 0x0000000084300000, 0x0000000084400000|  0%| F|  |TAMS 0x0000000084300000, 0x0000000084300000| Untracked 
|  68|0x0000000084400000, 0x0000000084400000, 0x0000000084500000|  0%| F|  |TAMS 0x0000000084400000, 0x0000000084400000| Untracked 
|  69|0x0000000084500000, 0x0000000084500000, 0x0000000084600000|  0%| F|  |TAMS 0x0000000084500000, 0x0000000084500000| Untracked 
|  70|0x0000000084600000, 0x0000000084600000, 0x0000000084700000|  0%| F|  |TAMS 0x0000000084600000, 0x0000000084600000| Untracked 
|  71|0x0000000084700000, 0x0000000084700000, 0x0000000084800000|  0%| F|  |TAMS 0x0000000084700000, 0x0000000084700000| Untracked 
|  72|0x0000000084800000, 0x0000000084800000, 0x0000000084900000|  0%| F|  |TAMS 0x0000000084800000, 0x0000000084800000| Untracked 
|  73|0x0000000084900000, 0x0000000084900000, 0x0000000084a00000|  0%| F|  |TAMS 0x0000000084900000, 0x0000000084900000| Untracked 
|  74|0x0000000084a00000, 0x0000000084a00000, 0x0000000084b00000|  0%| F|  |TAMS 0x0000000084a00000, 0x0000000084a00000| Untracked 
|  75|0x0000000084b00000, 0x0000000084b00000, 0x0000000084c00000|  0%| F|  |TAMS 0x0000000084b00000, 0x0000000084b00000| Untracked 
|  76|0x0000000084c00000, 0x0000000084c00000, 0x0000000084d00000|  0%| F|  |TAMS 0x0000000084c00000, 0x0000000084c00000| Untracked 
|  77|0x0000000084d00000, 0x0000000084d00000, 0x0000000084e00000|  0%| F|  |TAMS 0x0000000084d00000, 0x0000000084d00000| Untracked 
|  78|0x0000000084e00000, 0x0000000084e00000, 0x0000000084f00000|  0%| F|  |TAMS 0x0000000084e00000, 0x0000000084e00000| Untracked 
|  79|0x0000000084f00000, 0x0000000084f00000, 0x0000000085000000|  0%| F|  |TAMS 0x0000000084f00000, 0x0000000084f00000| Untracked 
|  80|0x0000000085000000, 0x0000000085000000, 0x0000000085100000|  0%| F|  |TAMS 0x0000000085000000, 0x0000000085000000| Untracked 
|  81|0x0000000085100000, 0x0000000085100000, 0x0000000085200000|  0%| F|  |TAMS 0x0000000085100000, 0x0000000085100000| Untracked 
|  82|0x0000000085200000, 0x0000000085200000, 0x0000000085300000|  0%| F|  |TAMS 0x0000000085200000, 0x0000000085200000| Untracked 
|  83|0x0000000085300000, 0x0000000085300000, 0x0000000085400000|  0%| F|  |TAMS 0x0000000085300000, 0x0000000085300000| Untracked 
|  84|0x0000000085400000, 0x0000000085400000, 0x0000000085500000|  0%| F|  |TAMS 0x0000000085400000, 0x0000000085400000| Untracked 
|  85|0x0000000085500000, 0x0000000085500000, 0x0000000085600000|  0%| F|  |TAMS 0x0000000085500000, 0x0000000085500000| Untracked 
|  86|0x0000000085600000, 0x0000000085600000, 0x0000000085700000|  0%| F|  |TAMS 0x0000000085600000, 0x0000000085600000| Untracked 
|  87|0x0000000085700000, 0x0000000085700000, 0x0000000085800000|  0%| F|  |TAMS 0x0000000085700000, 0x0000000085700000| Untracked 
|  88|0x0000000085800000, 0x0000000085800000, 0x0000000085900000|  0%| F|  |TAMS 0x0000000085800000, 0x0000000085800000| Untracked 
|  89|0x0000000085900000, 0x0000000085900000, 0x0000000085a00000|  0%| F|  |TAMS 0x0000000085900000, 0x0000000085900000| Untracked 
|  90|0x0000000085a00000, 0x0000000085a00000, 0x0000000085b00000|  0%| F|  |TAMS 0x0000000085a00000, 0x0000000085a00000| Untracked 
|  91|0x0000000085b00000, 0x0000000085b00000, 0x0000000085c00000|  0%| F|  |TAMS 0x0000000085b00000, 0x0000000085b00000| Untracked 
|  92|0x0000000085c00000, 0x0000000085c00000, 0x0000000085d00000|  0%| F|  |TAMS 0x0000000085c00000, 0x0000000085c00000| Untracked 
|  93|0x0000000085d00000, 0x0000000085d00000, 0x0000000085e00000|  0%| F|  |TAMS 0x0000000085d00000, 0x0000000085d00000| Untracked 
|  94|0x0000000085e00000, 0x0000000085e00000, 0x0000000085f00000|  0%| F|  |TAMS 0x0000000085e00000, 0x0000000085e00000| Untracked 
|  95|0x0000000085f00000, 0x0000000085f00000, 0x0000000086000000|  0%| F|  |TAMS 0x0000000085f00000, 0x0000000085f00000| Untracked 
|  96|0x0000000086000000, 0x0000000086000000, 0x0000000086100000|  0%| F|  |TAMS 0x0000000086000000, 0x0000000086000000| Untracked 
|  97|0x0000000086100000, 0x0000000086100000, 0x0000000086200000|  0%| F|  |TAMS 0x0000000086100000, 0x0000000086100000| Untracked 
|  98|0x0000000086200000, 0x0000000086200000, 0x0000000086300000|  0%| F|  |TAMS 0x0000000086200000, 0x0000000086200000| Untracked 
|  99|0x0000000086300000, 0x0000000086300000, 0x0000000086400000|  0%| F|  |TAMS 0x0000000086300000, 0x0000000086300000| Untracked 
| 100|0x0000000086400000, 0x0000000086400000, 0x0000000086500000|  0%| F|  |TAMS 0x0000000086400000, 0x0000000086400000| Untracked 
| 101|0x0000000086500000, 0x0000000086500000, 0x0000000086600000|  0%| F|  |TAMS 0x0000000086500000, 0x0000000086500000| Untracked 
| 102|0x0000000086600000, 0x0000000086600000, 0x0000000086700000|  0%| F|  |TAMS 0x0000000086600000, 0x0000000086600000| Untracked 
| 103|0x0000000086700000, 0x0000000086700000, 0x0000000086800000|  0%| F|  |TAMS 0x0000000086700000, 0x0000000086700000| Untracked 
| 104|0x0000000086800000, 0x0000000086800000, 0x0000000086900000|  0%| F|  |TAMS 0x0000000086800000, 0x0000000086800000| Untracked 
| 105|0x0000000086900000, 0x0000000086900000, 0x0000000086a00000|  0%| F|  |TAMS 0x0000000086900000, 0x0000000086900000| Untracked 
| 106|0x0000000086a00000, 0x0000000086a00000, 0x0000000086b00000|  0%| F|  |TAMS 0x0000000086a00000, 0x0000000086a00000| Untracked 
| 107|0x0000000086b00000, 0x0000000086b00000, 0x0000000086c00000|  0%| F|  |TAMS 0x0000000086b00000, 0x0000000086b00000| Untracked 
| 108|0x0000000086c00000, 0x0000000086c00000, 0x0000000086d00000|  0%| F|  |TAMS 0x0000000086c00000, 0x0000000086c00000| Untracked 
| 109|0x0000000086d00000, 0x0000000086d00000, 0x0000000086e00000|  0%| F|  |TAMS 0x0000000086d00000, 0x0000000086d00000| Untracked 
| 110|0x0000000086e00000, 0x0000000086e00000, 0x0000000086f00000|  0%| F|  |TAMS 0x0000000086e00000, 0x0000000086e00000| Untracked 
| 111|0x0000000086f00000, 0x0000000086f00000, 0x0000000087000000|  0%| F|  |TAMS 0x0000000086f00000, 0x0000000086f00000| Untracked 
| 112|0x0000000087000000, 0x0000000087000000, 0x0000000087100000|  0%| F|  |TAMS 0x0000000087000000, 0x0000000087000000| Untracked 
| 113|0x0000000087100000, 0x0000000087100000, 0x0000000087200000|  0%| F|  |TAMS 0x0000000087100000, 0x0000000087100000| Untracked 
| 114|0x0000000087200000, 0x0000000087200000, 0x0000000087300000|  0%| F|  |TAMS 0x0000000087200000, 0x0000000087200000| Untracked 
| 115|0x0000000087300000, 0x0000000087300000, 0x0000000087400000|  0%| F|  |TAMS 0x0000000087300000, 0x0000000087300000| Untracked 
| 116|0x0000000087400000, 0x0000000087400000, 0x0000000087500000|  0%| F|  |TAMS 0x0000000087400000, 0x0000000087400000| Untracked 
| 117|0x0000000087500000, 0x0000000087500000, 0x0000000087600000|  0%| F|  |TAMS 0x0000000087500000, 0x0000000087500000| Untracked 
| 118|0x0000000087600000, 0x0000000087600000, 0x0000000087700000|  0%| F|  |TAMS 0x0000000087600000, 0x0000000087600000| Untracked 
| 119|0x0000000087700000, 0x0000000087700000, 0x0000000087800000|  0%| F|  |TAMS 0x0000000087700000, 0x0000000087700000| Untracked 
| 120|0x0000000087800000, 0x0000000087800000, 0x0000000087900000|  0%| F|  |TAMS 0x0000000087800000, 0x0000000087800000| Untracked 
| 121|0x0000000087900000, 0x0000000087900000, 0x0000000087a00000|  0%| F|  |TAMS 0x0000000087900000, 0x0000000087900000| Untracked 
| 122|0x0000000087a00000, 0x0000000087a00000, 0x0000000087b00000|  0%| F|  |TAMS 0x0000000087a00000, 0x0000000087a00000| Untracked 
| 123|0x0000000087b00000, 0x0000000087b00000, 0x0000000087c00000|  0%| F|  |TAMS 0x0000000087b00000, 0x0000000087b00000| Untracked 
| 124|0x0000000087c00000, 0x0000000087c00000, 0x0000000087d00000|  0%| F|  |TAMS 0x0000000087c00000, 0x0000000087c00000| Untracked 
| 125|0x0000000087d00000, 0x0000000087d00000, 0x0000000087e00000|  0%| F|  |TAMS 0x0000000087d00000, 0x0000000087d00000| Untracked 
| 126|0x0000000087e00000, 0x0000000087e00000, 0x0000000087f00000|  0%| F|  |TAMS 0x0000000087e00000, 0x0000000087e00000| Untracked 
| 127|0x0000000087f00000, 0x0000000087f00000, 0x0000000088000000|  0%| F|  |TAMS 0x0000000087f00000, 0x0000000087f00000| Untracked 
| 128|0x0000000088000000, 0x0000000088000000, 0x0000000088100000|  0%| F|  |TAMS 0x0000000088000000, 0x0000000088000000| Untracked 
| 129|0x0000000088100000, 0x0000000088100000, 0x0000000088200000|  0%| F|  |TAMS 0x0000000088100000, 0x0000000088100000| Untracked 
| 130|0x0000000088200000, 0x0000000088200000, 0x0000000088300000|  0%| F|  |TAMS 0x0000000088200000, 0x0000000088200000| Untracked 
| 131|0x0000000088300000, 0x0000000088300000, 0x0000000088400000|  0%| F|  |TAMS 0x0000000088300000, 0x0000000088300000| Untracked 
| 132|0x0000000088400000, 0x0000000088400000, 0x0000000088500000|  0%| F|  |TAMS 0x0000000088400000, 0x0000000088400000| Untracked 
| 133|0x0000000088500000, 0x0000000088500000, 0x0000000088600000|  0%| F|  |TAMS 0x0000000088500000, 0x0000000088500000| Untracked 
| 134|0x0000000088600000, 0x0000000088600000, 0x0000000088700000|  0%| F|  |TAMS 0x0000000088600000, 0x0000000088600000| Untracked 
| 135|0x0000000088700000, 0x0000000088700000, 0x0000000088800000|  0%| F|  |TAMS 0x0000000088700000, 0x0000000088700000| Untracked 
| 136|0x0000000088800000, 0x0000000088800000, 0x0000000088900000|  0%| F|  |TAMS 0x0000000088800000, 0x0000000088800000| Untracked 
| 137|0x0000000088900000, 0x0000000088900000, 0x0000000088a00000|  0%| F|  |TAMS 0x0000000088900000, 0x0000000088900000| Untracked 
| 138|0x0000000088a00000, 0x0000000088a00000, 0x0000000088b00000|  0%| F|  |TAMS 0x0000000088a00000, 0x0000000088a00000| Untracked 
| 139|0x0000000088b00000, 0x0000000088b00000, 0x0000000088c00000|  0%| F|  |TAMS 0x0000000088b00000, 0x0000000088b00000| Untracked 
| 140|0x0000000088c00000, 0x0000000088c00000, 0x0000000088d00000|  0%| F|  |TAMS 0x0000000088c00000, 0x0000000088c00000| Untracked 
| 141|0x0000000088d00000, 0x0000000088d00000, 0x0000000088e00000|  0%| F|  |TAMS 0x0000000088d00000, 0x0000000088d00000| Untracked 
| 142|0x0000000088e00000, 0x0000000088e00000, 0x0000000088f00000|  0%| F|  |TAMS 0x0000000088e00000, 0x0000000088e00000| Untracked 
| 143|0x0000000088f00000, 0x0000000088f00000, 0x0000000089000000|  0%| F|  |TAMS 0x0000000088f00000, 0x0000000088f00000| Untracked 
| 144|0x0000000089000000, 0x0000000089000000, 0x0000000089100000|  0%| F|  |TAMS 0x0000000089000000, 0x0000000089000000| Untracked 
| 145|0x0000000089100000, 0x0000000089100000, 0x0000000089200000|  0%| F|  |TAMS 0x0000000089100000, 0x0000000089100000| Untracked 
| 146|0x0000000089200000, 0x0000000089200000, 0x0000000089300000|  0%| F|  |TAMS 0x0000000089200000, 0x0000000089200000| Untracked 
| 147|0x0000000089300000, 0x0000000089300000, 0x0000000089400000|  0%| F|  |TAMS 0x0000000089300000, 0x0000000089300000| Untracked 
| 148|0x0000000089400000, 0x0000000089400000, 0x0000000089500000|  0%| F|  |TAMS 0x0000000089400000, 0x0000000089400000| Untracked 
| 149|0x0000000089500000, 0x0000000089500000, 0x0000000089600000|  0%| F|  |TAMS 0x0000000089500000, 0x0000000089500000| Untracked 
| 150|0x0000000089600000, 0x0000000089600000, 0x0000000089700000|  0%| F|  |TAMS 0x0000000089600000, 0x0000000089600000| Untracked 
| 151|0x0000000089700000, 0x0000000089700000, 0x0000000089800000|  0%| F|  |TAMS 0x0000000089700000, 0x0000000089700000| Untracked 
| 152|0x0000000089800000, 0x0000000089800000, 0x0000000089900000|  0%| F|  |TAMS 0x0000000089800000, 0x0000000089800000| Untracked 
| 153|0x0000000089900000, 0x0000000089900000, 0x0000000089a00000|  0%| F|  |TAMS 0x0000000089900000, 0x0000000089900000| Untracked 
| 154|0x0000000089a00000, 0x0000000089a00000, 0x0000000089b00000|  0%| F|  |TAMS 0x0000000089a00000, 0x0000000089a00000| Untracked 
| 155|0x0000000089b00000, 0x0000000089b00000, 0x0000000089c00000|  0%| F|  |TAMS 0x0000000089b00000, 0x0000000089b00000| Untracked 
| 156|0x0000000089c00000, 0x0000000089c00000, 0x0000000089d00000|  0%| F|  |TAMS 0x0000000089c00000, 0x0000000089c00000| Untracked 
| 157|0x0000000089d00000, 0x0000000089d00000, 0x0000000089e00000|  0%| F|  |TAMS 0x0000000089d00000, 0x0000000089d00000| Untracked 
| 158|0x0000000089e00000, 0x0000000089e00000, 0x0000000089f00000|  0%| F|  |TAMS 0x0000000089e00000, 0x0000000089e00000| Untracked 
| 159|0x0000000089f00000, 0x0000000089f00000, 0x000000008a000000|  0%| F|  |TAMS 0x0000000089f00000, 0x0000000089f00000| Untracked 
| 160|0x000000008a000000, 0x000000008a000000, 0x000000008a100000|  0%| F|  |TAMS 0x000000008a000000, 0x000000008a000000| Untracked 
| 161|0x000000008a100000, 0x000000008a100000, 0x000000008a200000|  0%| F|  |TAMS 0x000000008a100000, 0x000000008a100000| Untracked 
| 162|0x000000008a200000, 0x000000008a200000, 0x000000008a300000|  0%| F|  |TAMS 0x000000008a200000, 0x000000008a200000| Untracked 
| 163|0x000000008a300000, 0x000000008a300000, 0x000000008a400000|  0%| F|  |TAMS 0x000000008a300000, 0x000000008a300000| Untracked 
| 164|0x000000008a400000, 0x000000008a400000, 0x000000008a500000|  0%| F|  |TAMS 0x000000008a400000, 0x000000008a400000| Untracked 
| 165|0x000000008a500000, 0x000000008a500000, 0x000000008a600000|  0%| F|  |TAMS 0x000000008a500000, 0x000000008a500000| Untracked 
| 166|0x000000008a600000, 0x000000008a600000, 0x000000008a700000|  0%| F|  |TAMS 0x000000008a600000, 0x000000008a600000| Untracked 
| 167|0x000000008a700000, 0x000000008a700000, 0x000000008a800000|  0%| F|  |TAMS 0x000000008a700000, 0x000000008a700000| Untracked 
| 168|0x000000008a800000, 0x000000008a800000, 0x000000008a900000|  0%| F|  |TAMS 0x000000008a800000, 0x000000008a800000| Untracked 
| 169|0x000000008a900000, 0x000000008a900000, 0x000000008aa00000|  0%| F|  |TAMS 0x000000008a900000, 0x000000008a900000| Untracked 
| 170|0x000000008aa00000, 0x000000008aa00000, 0x000000008ab00000|  0%| F|  |TAMS 0x000000008aa00000, 0x000000008aa00000| Untracked 
| 171|0x000000008ab00000, 0x000000008ab00000, 0x000000008ac00000|  0%| F|  |TAMS 0x000000008ab00000, 0x000000008ab00000| Untracked 
| 172|0x000000008ac00000, 0x000000008ac00000, 0x000000008ad00000|  0%| F|  |TAMS 0x000000008ac00000, 0x000000008ac00000| Untracked 
| 173|0x000000008ad00000, 0x000000008ad00000, 0x000000008ae00000|  0%| F|  |TAMS 0x000000008ad00000, 0x000000008ad00000| Untracked 
| 174|0x000000008ae00000, 0x000000008ae00000, 0x000000008af00000|  0%| F|  |TAMS 0x000000008ae00000, 0x000000008ae00000| Untracked 
| 175|0x000000008af00000, 0x000000008af00000, 0x000000008b000000|  0%| F|  |TAMS 0x000000008af00000, 0x000000008af00000| Untracked 
| 176|0x000000008b000000, 0x000000008b000000, 0x000000008b100000|  0%| F|  |TAMS 0x000000008b000000, 0x000000008b000000| Untracked 
| 177|0x000000008b100000, 0x000000008b100000, 0x000000008b200000|  0%| F|  |TAMS 0x000000008b100000, 0x000000008b100000| Untracked 
| 178|0x000000008b200000, 0x000000008b200000, 0x000000008b300000|  0%| F|  |TAMS 0x000000008b200000, 0x000000008b200000| Untracked 
| 179|0x000000008b300000, 0x000000008b300000, 0x000000008b400000|  0%| F|  |TAMS 0x000000008b300000, 0x000000008b300000| Untracked 
| 180|0x000000008b400000, 0x000000008b400000, 0x000000008b500000|  0%| F|  |TAMS 0x000000008b400000, 0x000000008b400000| Untracked 
| 181|0x000000008b500000, 0x000000008b500000, 0x000000008b600000|  0%| F|  |TAMS 0x000000008b500000, 0x000000008b500000| Untracked 
| 182|0x000000008b600000, 0x000000008b600000, 0x000000008b700000|  0%| F|  |TAMS 0x000000008b600000, 0x000000008b600000| Untracked 
| 183|0x000000008b700000, 0x000000008b700000, 0x000000008b800000|  0%| F|  |TAMS 0x000000008b700000, 0x000000008b700000| Untracked 
| 184|0x000000008b800000, 0x000000008b800000, 0x000000008b900000|  0%| F|  |TAMS 0x000000008b800000, 0x000000008b800000| Untracked 
| 185|0x000000008b900000, 0x000000008b900000, 0x000000008ba00000|  0%| F|  |TAMS 0x000000008b900000, 0x000000008b900000| Untracked 
| 186|0x000000008ba00000, 0x000000008ba00000, 0x000000008bb00000|  0%| F|  |TAMS 0x000000008ba00000, 0x000000008ba00000| Untracked 
| 187|0x000000008bb00000, 0x000000008bb00000, 0x000000008bc00000|  0%| F|  |TAMS 0x000000008bb00000, 0x000000008bb00000| Untracked 
| 188|0x000000008bc00000, 0x000000008bc00000, 0x000000008bd00000|  0%| F|  |TAMS 0x000000008bc00000, 0x000000008bc00000| Untracked 
| 189|0x000000008bd00000, 0x000000008bd00000, 0x000000008be00000|  0%| F|  |TAMS 0x000000008bd00000, 0x000000008bd00000| Untracked 
| 190|0x000000008be00000, 0x000000008be00000, 0x000000008bf00000|  0%| F|  |TAMS 0x000000008be00000, 0x000000008be00000| Untracked 
| 191|0x000000008bf00000, 0x000000008bf00000, 0x000000008c000000|  0%| F|  |TAMS 0x000000008bf00000, 0x000000008bf00000| Untracked 
| 192|0x000000008c000000, 0x000000008c000000, 0x000000008c100000|  0%| F|  |TAMS 0x000000008c000000, 0x000000008c000000| Untracked 
| 193|0x000000008c100000, 0x000000008c100000, 0x000000008c200000|  0%| F|  |TAMS 0x000000008c100000, 0x000000008c100000| Untracked 
| 194|0x000000008c200000, 0x000000008c200000, 0x000000008c300000|  0%| F|  |TAMS 0x000000008c200000, 0x000000008c200000| Untracked 
| 195|0x000000008c300000, 0x000000008c300000, 0x000000008c400000|  0%| F|  |TAMS 0x000000008c300000, 0x000000008c300000| Untracked 
| 196|0x000000008c400000, 0x000000008c400000, 0x000000008c500000|  0%| F|  |TAMS 0x000000008c400000, 0x000000008c400000| Untracked 
| 197|0x000000008c500000, 0x000000008c500000, 0x000000008c600000|  0%| F|  |TAMS 0x000000008c500000, 0x000000008c500000| Untracked 
| 198|0x000000008c600000, 0x000000008c600000, 0x000000008c700000|  0%| F|  |TAMS 0x000000008c600000, 0x000000008c600000| Untracked 
| 199|0x000000008c700000, 0x000000008c700000, 0x000000008c800000|  0%| F|  |TAMS 0x000000008c700000, 0x000000008c700000| Untracked 
| 200|0x000000008c800000, 0x000000008c800000, 0x000000008c900000|  0%| F|  |TAMS 0x000000008c800000, 0x000000008c800000| Untracked 
| 201|0x000000008c900000, 0x000000008c900000, 0x000000008ca00000|  0%| F|  |TAMS 0x000000008c900000, 0x000000008c900000| Untracked 
| 202|0x000000008ca00000, 0x000000008ca00000, 0x000000008cb00000|  0%| F|  |TAMS 0x000000008ca00000, 0x000000008ca00000| Untracked 
| 203|0x000000008cb00000, 0x000000008cb00000, 0x000000008cc00000|  0%| F|  |TAMS 0x000000008cb00000, 0x000000008cb00000| Untracked 
| 204|0x000000008cc00000, 0x000000008cc00000, 0x000000008cd00000|  0%| F|  |TAMS 0x000000008cc00000, 0x000000008cc00000| Untracked 
| 205|0x000000008cd00000, 0x000000008cd00000, 0x000000008ce00000|  0%| F|  |TAMS 0x000000008cd00000, 0x000000008cd00000| Untracked 
| 206|0x000000008ce00000, 0x000000008ce00000, 0x000000008cf00000|  0%| F|  |TAMS 0x000000008ce00000, 0x000000008ce00000| Untracked 
| 207|0x000000008cf00000, 0x000000008cf00000, 0x000000008d000000|  0%| F|  |TAMS 0x000000008cf00000, 0x000000008cf00000| Untracked 
| 208|0x000000008d000000, 0x000000008d000000, 0x000000008d100000|  0%| F|  |TAMS 0x000000008d000000, 0x000000008d000000| Untracked 
| 209|0x000000008d100000, 0x000000008d100000, 0x000000008d200000|  0%| F|  |TAMS 0x000000008d100000, 0x000000008d100000| Untracked 
| 210|0x000000008d200000, 0x000000008d285bb0, 0x000000008d300000| 52%| S|CS|TAMS 0x000000008d200000, 0x000000008d200000| Complete 
| 211|0x000000008d300000, 0x000000008d400000, 0x000000008d400000|100%| S|CS|TAMS 0x000000008d300000, 0x000000008d300000| Complete 
| 212|0x000000008d400000, 0x000000008d500000, 0x000000008d500000|100%| S|CS|TAMS 0x000000008d400000, 0x000000008d400000| Complete 
| 213|0x000000008d500000, 0x000000008d600000, 0x000000008d600000|100%| S|CS|TAMS 0x000000008d500000, 0x000000008d500000| Complete 
| 214|0x000000008d600000, 0x000000008d700000, 0x000000008d700000|100%| S|CS|TAMS 0x000000008d600000, 0x000000008d600000| Complete 
| 215|0x000000008d700000, 0x000000008d800000, 0x000000008d800000|100%| S|CS|TAMS 0x000000008d700000, 0x000000008d700000| Complete 
| 216|0x000000008d800000, 0x000000008d900000, 0x000000008d900000|100%| S|CS|TAMS 0x000000008d800000, 0x000000008d800000| Complete 
| 217|0x000000008d900000, 0x000000008da00000, 0x000000008da00000|100%| S|CS|TAMS 0x000000008d900000, 0x000000008d900000| Complete 
| 218|0x000000008da00000, 0x000000008db00000, 0x000000008db00000|100%| S|CS|TAMS 0x000000008da00000, 0x000000008da00000| Complete 
| 219|0x000000008db00000, 0x000000008dc00000, 0x000000008dc00000|100%| S|CS|TAMS 0x000000008db00000, 0x000000008db00000| Complete 
| 220|0x000000008dc00000, 0x000000008dc00000, 0x000000008dd00000|  0%| F|  |TAMS 0x000000008dc00000, 0x000000008dc00000| Untracked 
| 221|0x000000008dd00000, 0x000000008dd00000, 0x000000008de00000|  0%| F|  |TAMS 0x000000008dd00000, 0x000000008dd00000| Untracked 
| 222|0x000000008de00000, 0x000000008de00000, 0x000000008df00000|  0%| F|  |TAMS 0x000000008de00000, 0x000000008de00000| Untracked 
| 223|0x000000008df00000, 0x000000008df00000, 0x000000008e000000|  0%| F|  |TAMS 0x000000008df00000, 0x000000008df00000| Untracked 
| 224|0x000000008e000000, 0x000000008e000000, 0x000000008e100000|  0%| F|  |TAMS 0x000000008e000000, 0x000000008e000000| Untracked 
| 225|0x000000008e100000, 0x000000008e100000, 0x000000008e200000|  0%| F|  |TAMS 0x000000008e100000, 0x000000008e100000| Untracked 
| 226|0x000000008e200000, 0x000000008e200000, 0x000000008e300000|  0%| F|  |TAMS 0x000000008e200000, 0x000000008e200000| Untracked 
| 227|0x000000008e300000, 0x000000008e300000, 0x000000008e400000|  0%| F|  |TAMS 0x000000008e300000, 0x000000008e300000| Untracked 
| 228|0x000000008e400000, 0x000000008e400000, 0x000000008e500000|  0%| F|  |TAMS 0x000000008e400000, 0x000000008e400000| Untracked 
| 229|0x000000008e500000, 0x000000008e500000, 0x000000008e600000|  0%| F|  |TAMS 0x000000008e500000, 0x000000008e500000| Untracked 
| 230|0x000000008e600000, 0x000000008e600000, 0x000000008e700000|  0%| F|  |TAMS 0x000000008e600000, 0x000000008e600000| Untracked 
| 231|0x000000008e700000, 0x000000008e700000, 0x000000008e800000|  0%| F|  |TAMS 0x000000008e700000, 0x000000008e700000| Untracked 
| 232|0x000000008e800000, 0x000000008e800000, 0x000000008e900000|  0%| F|  |TAMS 0x000000008e800000, 0x000000008e800000| Untracked 
| 233|0x000000008e900000, 0x000000008e900000, 0x000000008ea00000|  0%| F|  |TAMS 0x000000008e900000, 0x000000008e900000| Untracked 
| 234|0x000000008ea00000, 0x000000008ea00000, 0x000000008eb00000|  0%| F|  |TAMS 0x000000008ea00000, 0x000000008ea00000| Untracked 
| 235|0x000000008eb00000, 0x000000008eb00000, 0x000000008ec00000|  0%| F|  |TAMS 0x000000008eb00000, 0x000000008eb00000| Untracked 
| 236|0x000000008ec00000, 0x000000008ec00000, 0x000000008ed00000|  0%| F|  |TAMS 0x000000008ec00000, 0x000000008ec00000| Untracked 
| 237|0x000000008ed00000, 0x000000008ed00000, 0x000000008ee00000|  0%| F|  |TAMS 0x000000008ed00000, 0x000000008ed00000| Untracked 
| 238|0x000000008ee00000, 0x000000008ee00000, 0x000000008ef00000|  0%| F|  |TAMS 0x000000008ee00000, 0x000000008ee00000| Untracked 
| 239|0x000000008ef00000, 0x000000008ef00000, 0x000000008f000000|  0%| F|  |TAMS 0x000000008ef00000, 0x000000008ef00000| Untracked 
| 240|0x000000008f000000, 0x000000008f000000, 0x000000008f100000|  0%| F|  |TAMS 0x000000008f000000, 0x000000008f000000| Untracked 
| 241|0x000000008f100000, 0x000000008f100000, 0x000000008f200000|  0%| F|  |TAMS 0x000000008f100000, 0x000000008f100000| Untracked 
| 242|0x000000008f200000, 0x000000008f200000, 0x000000008f300000|  0%| F|  |TAMS 0x000000008f200000, 0x000000008f200000| Untracked 
| 243|0x000000008f300000, 0x000000008f300000, 0x000000008f400000|  0%| F|  |TAMS 0x000000008f300000, 0x000000008f300000| Untracked 
| 244|0x000000008f400000, 0x000000008f400000, 0x000000008f500000|  0%| F|  |TAMS 0x000000008f400000, 0x000000008f400000| Untracked 
| 245|0x000000008f500000, 0x000000008f500000, 0x000000008f600000|  0%| F|  |TAMS 0x000000008f500000, 0x000000008f500000| Untracked 
| 246|0x000000008f600000, 0x000000008f600000, 0x000000008f700000|  0%| F|  |TAMS 0x000000008f600000, 0x000000008f600000| Untracked 
| 247|0x000000008f700000, 0x000000008f700000, 0x000000008f800000|  0%| F|  |TAMS 0x000000008f700000, 0x000000008f700000| Untracked 
| 248|0x000000008f800000, 0x000000008f800000, 0x000000008f900000|  0%| F|  |TAMS 0x000000008f800000, 0x000000008f800000| Untracked 
| 249|0x000000008f900000, 0x000000008f900000, 0x000000008fa00000|  0%| F|  |TAMS 0x000000008f900000, 0x000000008f900000| Untracked 
| 250|0x000000008fa00000, 0x000000008fa00000, 0x000000008fb00000|  0%| F|  |TAMS 0x000000008fa00000, 0x000000008fa00000| Untracked 
| 251|0x000000008fb00000, 0x000000008fb00000, 0x000000008fc00000|  0%| F|  |TAMS 0x000000008fb00000, 0x000000008fb00000| Untracked 
| 252|0x000000008fc00000, 0x000000008fc80800, 0x000000008fd00000| 50%| E|  |TAMS 0x000000008fc00000, 0x000000008fc00000| Complete 
| 253|0x000000008fd00000, 0x000000008fe00000, 0x000000008fe00000|100%| E|CS|TAMS 0x000000008fd00000, 0x000000008fd00000| Complete 
| 254|0x000000008fe00000, 0x000000008ff00000, 0x000000008ff00000|100%| E|CS|TAMS 0x000000008fe00000, 0x000000008fe00000| Complete 
| 255|0x000000008ff00000, 0x0000000090000000, 0x0000000090000000|100%| E|CS|TAMS 0x000000008ff00000, 0x000000008ff00000| Complete 

Card table byte_map: [0x0000028eb45b0000,0x0000028eb49b0000] _byte_map_base: 0x0000028eb41b0000

Marking Bits (Prev, Next): (CMBitMap*) 0x0000028e9f242618, (CMBitMap*) 0x0000028e9f242650
 Prev Bits: [0x0000028eb4db0000, 0x0000028eb6db0000)
 Next Bits: [0x0000028eb6db0000, 0x0000028eb8db0000)

Polling page: 0x0000028e9f2e0000

Metaspace:

Usage:
  Non-class:     31.47 MB capacity,    30.85 MB ( 98%) used,   542.20 KB (  2%) free+waste,    87.81 KB ( <1%) overhead. 
      Class:      5.02 MB capacity,     4.62 MB ( 92%) used,   363.27 KB (  7%) free+waste,    43.44 KB ( <1%) overhead. 
       Both:     36.48 MB capacity,    35.47 MB ( 97%) used,   905.47 KB (  2%) free+waste,   131.25 KB ( <1%) overhead. 

Virtual space:
  Non-class space:       32.00 MB reserved,      31.67 MB ( 99%) committed 
      Class space:        1.00 GB reserved,       5.13 MB ( <1%) committed 
             Both:        1.03 GB reserved,      36.80 MB (  3%) committed 

Chunk freelists:
   Non-Class:  19.00 KB
       Class:  15.00 KB
        Both:  34.00 KB

MaxMetaspaceSize: 17179869184.00 GB
CompressedClassSpaceSize: 1.00 GB
Initial GC threshold: 20.80 MB
Current GC threshold: 58.41 MB
CDS: off

CodeHeap 'non-profiled nmethods': size=120000Kb used=1693Kb max_used=1693Kb free=118306Kb
 bounds [0x0000028eac000000, 0x0000028eac270000, 0x0000028eb3530000]
CodeHeap 'profiled nmethods': size=120000Kb used=6147Kb max_used=6147Kb free=113852Kb
 bounds [0x0000028ea4ad0000, 0x0000028ea50e0000, 0x0000028eac000000]
CodeHeap 'non-nmethods': size=5760Kb used=1240Kb max_used=1266Kb free=4519Kb
 bounds [0x0000028ea4530000, 0x0000028ea47a0000, 0x0000028ea4ad0000]
 total_blobs=3474 nmethods=2955 adapters=430
 compilation: enabled
              stopped_count=0, restarted_count=0
 full_count=0

Compilation events (20 events):
Event: 4.206 Thread 0x0000028ebc397000 2903       3       org.codehaus.groovy.util.ReferenceManager$1::afterReferenceCreation (57 bytes)
Event: 4.207 Thread 0x0000028ebc397000 nmethod 2903 0x0000028ea50b6310 code [0x0000028ea50b6500, 0x0000028ea50b6918]
Event: 4.207 Thread 0x0000028ebc397000 2906       3       java.util.stream.ReferencePipeline$StatelessOp::<init> (29 bytes)
Event: 4.207 Thread 0x0000028ebc397000 nmethod 2906 0x0000028ea50b6a90 code [0x0000028ea50b6c60, 0x0000028ea50b6e08]
Event: 4.207 Thread 0x0000028ebc397000 2907       3       java.util.stream.ReferencePipeline::<init> (7 bytes)
Event: 4.207 Thread 0x0000028ebc397000 nmethod 2907 0x0000028ea50b6f10 code [0x0000028ea50b70c0, 0x0000028ea50b71e8]
Event: 4.207 Thread 0x0000028ebc397000 2908       3       java.util.stream.Sink$ChainedReference::end (10 bytes)
Event: 4.207 Thread 0x0000028ebc397000 nmethod 2908 0x0000028ea50b7290 code [0x0000028ea50b7440, 0x0000028ea50b7608]
Event: 4.207 Thread 0x0000028ebc397000 2909   !   3       org.codehaus.groovy.util.LazyReference::getLocked (85 bytes)
Event: 4.208 Thread 0x0000028ebc397000 nmethod 2909 0x0000028ea50b7710 code [0x0000028ea50b7a40, 0x0000028ea50b8b78]
Event: 4.210 Thread 0x0000028ebc397000 2911       3       java.lang.ClassValue$Entry::isPromise (14 bytes)
Event: 4.210 Thread 0x0000028ebc397000 nmethod 2911 0x0000028ea50b9210 code [0x0000028ea50b93c0, 0x0000028ea50b9518]
Event: 4.210 Thread 0x0000028ebc397000 2910       1       java.lang.ClassValue$Version::promise (5 bytes)
Event: 4.210 Thread 0x0000028ebc397000 nmethod 2910 0x0000028eac1a1a90 code [0x0000028eac1a1c40, 0x0000028eac1a1cf8]
Event: 4.210 Thread 0x0000028ebc397000 2912       3       org.codehaus.groovy.util.LockableObject::tryRelease (45 bytes)
Event: 4.210 Thread 0x0000028ebc397000 nmethod 2912 0x0000028ea50b9590 code [0x0000028ea50b9760, 0x0000028ea50b9a28]
Event: 4.210 Thread 0x0000028ebc397000 2913       1       org.codehaus.groovy.util.ManagedConcurrentLinkedQueue::access$000 (5 bytes)
Event: 4.210 Thread 0x0000028ebc397000 nmethod 2913 0x0000028eac1a1d90 code [0x0000028eac1a1f40, 0x0000028eac1a1fd8]
Event: 4.210 Thread 0x0000028ebc397000 2914       1       org.codehaus.groovy.reflection.ClassInfo::access$200 (5 bytes)
Event: 4.210 Thread 0x0000028ebc397000 nmethod 2914 0x0000028eac1a2090 code [0x0000028eac1a2240, 0x0000028eac1a22d8]

GC Heap History (10 events):
Event: 0.570 GC heap before
{Heap before GC invocations=0 (full 0):
 garbage-first heap   total 262144K, used 29696K [0x0000000080000000, 0x0000000100000000)
  region size 1024K, 24 young (24576K), 0 survivors (0K)
 Metaspace       used 10084K, capacity 10387K, committed 10624K, reserved 1058816K
  class space    used 1037K, capacity 1106K, committed 1152K, reserved 1048576K
}
Event: 0.574 GC heap after
{Heap after GC invocations=1 (full 0):
 garbage-first heap   total 262144K, used 9484K [0x0000000080000000, 0x0000000100000000)
  region size 1024K, 3 young (3072K), 3 survivors (3072K)
 Metaspace       used 10084K, capacity 10387K, committed 10624K, reserved 1058816K
  class space    used 1037K, capacity 1106K, committed 1152K, reserved 1048576K
}
Event: 2.495 GC heap before
{Heap before GC invocations=1 (full 0):
 garbage-first heap   total 262144K, used 110860K [0x0000000080000000, 0x0000000100000000)
  region size 1024K, 103 young (105472K), 3 survivors (3072K)
 Metaspace       used 20661K, capacity 21150K, committed 21296K, reserved 1069056K
  class space    used 2512K, capacity 2665K, committed 2688K, reserved 1048576K
}
Event: 2.503 GC heap after
{Heap after GC invocations=2 (full 0):
 garbage-first heap   total 262144K, used 17427K [0x0000000080000000, 0x0000000100000000)
  region size 1024K, 11 young (11264K), 11 survivors (11264K)
 Metaspace       used 20661K, capacity 21150K, committed 21296K, reserved 1069056K
  class space    used 2512K, capacity 2665K, committed 2688K, reserved 1048576K
}
Event: 2.704 GC heap before
{Heap before GC invocations=3 (full 0):
 garbage-first heap   total 262144K, used 36883K [0x0000000080000000, 0x0000000100000000)
  region size 1024K, 30 young (30720K), 11 survivors (11264K)
 Metaspace       used 22584K, capacity 23145K, committed 23472K, reserved 1069056K
  class space    used 2840K, capacity 3017K, committed 3072K, reserved 1048576K
}
Event: 2.710 GC heap after
{Heap after GC invocations=4 (full 0):
 garbage-first heap   total 262144K, used 18642K [0x0000000080000000, 0x0000000100000000)
  region size 1024K, 2 young (2048K), 2 survivors (2048K)
 Metaspace       used 22584K, capacity 23145K, committed 23472K, reserved 1069056K
  class space    used 2840K, capacity 3017K, committed 3072K, reserved 1048576K
}
Event: 3.699 GC heap before
{Heap before GC invocations=4 (full 0):
 garbage-first heap   total 262144K, used 121042K [0x0000000080000000, 0x0000000100000000)
  region size 1024K, 84 young (86016K), 2 survivors (2048K)
 Metaspace       used 30099K, capacity 30985K, committed 31152K, reserved 1077248K
  class space    used 3982K, capacity 4290K, committed 4352K, reserved 1048576K
}
Event: 3.704 GC heap after
{Heap after GC invocations=5 (full 0):
 garbage-first heap   total 262144K, used 44101K [0x0000000080000000, 0x0000000100000000)
  region size 1024K, 9 young (9216K), 9 survivors (9216K)
 Metaspace       used 30099K, capacity 30985K, committed 31152K, reserved 1077248K
  class space    used 3982K, capacity 4290K, committed 4352K, reserved 1048576K
}
Event: 4.177 GC heap before
{Heap before GC invocations=5 (full 0):
 garbage-first heap   total 262144K, used 79941K [0x0000000080000000, 0x0000000100000000)
  region size 1024K, 45 young (46080K), 9 survivors (9216K)
 Metaspace       used 34563K, capacity 35584K, committed 35632K, reserved 1079296K
  class space    used 4592K, capacity 4970K, committed 4992K, reserved 1048576K
}
Event: 4.185 GC heap after
{Heap after GC invocations=6 (full 0):
 garbage-first heap   total 262144K, used 45630K [0x0000000080000000, 0x0000000100000000)
  region size 1024K, 10 young (10240K), 10 survivors (10240K)
 Metaspace       used 34563K, capacity 35584K, committed 35632K, reserved 1079296K
  class space    used 4592K, capacity 4970K, committed 4992K, reserved 1048576K
}

Deoptimization events (20 events):
Event: 4.005 Thread 0x0000028ebe7e7800 Uncommon trap: trap_request=0xffffff4d fr.pc=0x0000028eac17b600 relative=0x0000000000000720
Event: 4.005 Thread 0x0000028ebe7e7800 Uncommon trap: reason=unstable_if action=reinterpret pc=0x0000028eac17b600 method=java.lang.Class.getPackageName()Ljava/lang/String; @ 55 c2
Event: 4.005 Thread 0x0000028ebe7e7800 DEOPT PACKING pc=0x0000028eac17b600 sp=0x000000a48f7f8000
Event: 4.005 Thread 0x0000028ebe7e7800 DEOPT UNPACKING pc=0x0000028ea457a1af sp=0x000000a48f7f7fc0 mode 2
Event: 4.035 Thread 0x0000028ebe7e7800 Uncommon trap: trap_request=0xffffffc6 fr.pc=0x0000028eac1414f4 relative=0x0000000000000a74
Event: 4.035 Thread 0x0000028ebe7e7800 Uncommon trap: reason=bimorphic_or_optimized_type_check action=maybe_recompile pc=0x0000028eac1414f4 method=java.io.BufferedInputStream.read([BII)I @ 101 c2
Event: 4.035 Thread 0x0000028ebe7e7800 DEOPT PACKING pc=0x0000028eac1414f4 sp=0x000000a48f7f76e0
Event: 4.035 Thread 0x0000028ebe7e7800 DEOPT UNPACKING pc=0x0000028ea457a1af sp=0x000000a48f7f7698 mode 2
Event: 4.035 Thread 0x0000028ebe7e7800 Uncommon trap: trap_request=0xffffffc6 fr.pc=0x0000028eac1414f4 relative=0x0000000000000a74
Event: 4.036 Thread 0x0000028ebe7e7800 Uncommon trap: reason=bimorphic_or_optimized_type_check action=maybe_recompile pc=0x0000028eac1414f4 method=java.io.BufferedInputStream.read([BII)I @ 101 c2
Event: 4.036 Thread 0x0000028ebe7e7800 DEOPT PACKING pc=0x0000028eac1414f4 sp=0x000000a48f7f76e0
Event: 4.036 Thread 0x0000028ebe7e7800 DEOPT UNPACKING pc=0x0000028ea457a1af sp=0x000000a48f7f7698 mode 2
Event: 4.036 Thread 0x0000028ebe7e7800 Uncommon trap: trap_request=0xffffffc6 fr.pc=0x0000028eac1414f4 relative=0x0000000000000a74
Event: 4.036 Thread 0x0000028ebe7e7800 Uncommon trap: reason=bimorphic_or_optimized_type_check action=maybe_recompile pc=0x0000028eac1414f4 method=java.io.BufferedInputStream.read([BII)I @ 101 c2
Event: 4.036 Thread 0x0000028ebe7e7800 DEOPT PACKING pc=0x0000028eac1414f4 sp=0x000000a48f7f76e0
Event: 4.036 Thread 0x0000028ebe7e7800 DEOPT UNPACKING pc=0x0000028ea457a1af sp=0x000000a48f7f7698 mode 2
Event: 4.037 Thread 0x0000028ebe7e7800 Uncommon trap: trap_request=0xffffffc6 fr.pc=0x0000028eac1414f4 relative=0x0000000000000a74
Event: 4.037 Thread 0x0000028ebe7e7800 Uncommon trap: reason=bimorphic_or_optimized_type_check action=maybe_recompile pc=0x0000028eac1414f4 method=java.io.BufferedInputStream.read([BII)I @ 101 c2
Event: 4.037 Thread 0x0000028ebe7e7800 DEOPT PACKING pc=0x0000028eac1414f4 sp=0x000000a48f7f76e0
Event: 4.037 Thread 0x0000028ebe7e7800 DEOPT UNPACKING pc=0x0000028ea457a1af sp=0x000000a48f7f7698 mode 2

Classes redefined (0 events):
No events

Internal exceptions (20 events):
Event: 3.389 Thread 0x0000028ebe7e7800 Exception <a 'java/lang/NoSuchMethodError'{0x000000008cb5b7f0}: <clinit>> (0x000000008cb5b7f0) thrown at [./src/hotspot/share/prims/jni.cpp, line 1366]
Event: 3.412 Thread 0x0000028ebe7e7800 Exception <a 'java/lang/NoSuchMethodError'{0x000000008c9ba8a8}: 'java.lang.Object java.lang.invoke.Invokers$Holder.linkToTargetMethod(java.lang.Object, int, java.lang.Object)'> (0x000000008c9ba8a8) thrown at [./src/hotspot/share/interpreter/linkResolver.cpp, line 773]
Event: 3.558 Thread 0x0000028ebe7e7800 Exception <a 'java/lang/NoSuchMethodError'{0x000000008b602a60}: 'java.lang.Object java.lang.invoke.DirectMethodHandle$Holder.invokeSpecialIFC(java.lang.Object, java.lang.Object, java.lang.Object, java.lang.Object)'> (0x000000008b602a60) thrown at [./src/hotspot/share/interpreter/linkResolver.cpp, line 773]
Event: 3.639 Thread 0x0000028ebe7e7800 Implicit null exception at 0x0000028eac0ea5f5 to 0x0000028eac0ea7bc
Event: 3.639 Thread 0x0000028ebe7e7800 Implicit null exception at 0x0000028eac0f15af to 0x0000028eac0f161d
Event: 3.693 Thread 0x0000028ebe7e7800 Exception <a 'java/lang/NoSuchMethodError'{0x000000008ac96ca0}: 'java.lang.Object java.lang.invoke.DirectMethodHandle$Holder.invokeSpecial(java.lang.Object, java.lang.Object, java.lang.Object, java.lang.Object, java.lang.Object, java.lang.Object, java.lang.Object, java.lang.Object, java.lang.Object, java.lang.Object, java.lang.Object, java.lang.Object, java.lang.Object)'> (0x000000008ac96ca0) thrown at [./src/hotspot/share/interpreter/linkResolver.cpp, line 773]
Event: 3.694 Thread 0x0000028ebe7e7800 Exception <a 'java/lang/NoSuchMethodError'{0x000000008aca7da8}: 'java.lang.Object java.lang.invoke.DirectMethodHandle$Holder.invokeSpecial(java.lang.Object, java.lang.Object, java.lang.Object, java.lang.Object, java.lang.Object, java.lang.Object, java.lang.Object, java.lang.Object, java.lang.Object, java.lang.Object, java.lang.Object, java.lang.Object)'> (0x000000008aca7da8) thrown at [./src/hotspot/share/interpreter/linkResolver.cpp, line 773]
Event: 3.695 Thread 0x0000028ebe7e7800 Exception <a 'java/lang/NoSuchMethodError'{0x000000008acad178}: 'java.lang.Object java.lang.invoke.Invokers$Holder.linkToTargetMethod(java.lang.Object, java.lang.Object, java.lang.Object, java.lang.Object, java.lang.Object, java.lang.Object, java.lang.Object, java.lang.Object, java.lang.Object, java.lang.Object, java.lang.Object)'> (0x000000008acad178) thrown at [./src/hotspot/share/interpreter/linkResolver.cpp, line 773]
Event: 3.707 Thread 0x0000028ebe7e7800 Exception <a 'java/lang/NoSuchMethodError'{0x000000008ff4f8d8}: 'java.lang.Object java.lang.invoke.DirectMethodHandle$Holder.invokeSpecial(java.lang.Object, java.lang.Object, java.lang.Object, java.lang.Object, java.lang.Object, java.lang.Object, java.lang.Object, java.lang.Object, java.lang.Object, java.lang.Object, java.lang.Object, java.lang.Object, java.lang.Object, java.lang.Object)'> (0x000000008ff4f8d8) thrown at [./src/hotspot/share/interpreter/linkResolver.cpp, line 773]
Event: 3.709 Thread 0x0000028ebe7e7800 Exception <a 'java/lang/NoSuchMethodError'{0x000000008ff612c0}: 'java.lang.Object java.lang.invoke.Invokers$Holder.linkToTargetMethod(java.lang.Object, java.lang.Object, java.lang.Object, java.lang.Object, java.lang.Object, java.lang.Object, java.lang.Object, java.lang.Object, java.lang.Object, java.lang.Object, java.lang.Object, java.lang.Object)'> (0x000000008ff612c0) thrown at [./src/hotspot/share/interpreter/linkResolver.cpp, line 773]
Event: 3.726 Thread 0x0000028ebe7e7800 Exception <a 'java/lang/NoSuchMethodError'{0x000000008fe62348}: 'java.lang.Object java.lang.invoke.DirectMethodHandle$Holder.invokeStaticInit(java.lang.Object, java.lang.Object, java.lang.Object, java.lang.Object)'> (0x000000008fe62348) thrown at [./src/hotspot/share/interpreter/linkResolver.cpp, line 773]
Event: 3.823 Thread 0x0000028ebe7e7800 Exception <a 'java/lang/NoSuchMethodError'{0x000000008f5d11c8}: 'java.lang.Object java.lang.invoke.Invokers$Holder.linkToTargetMethod(java.lang.Object, java.lang.Object, java.lang.Object, java.lang.Object, java.lang.Object, java.lang.Object, java.lang.Object, java.lang.Object)'> (0x000000008f5d11c8) thrown at [./src/hotspot/share/interpreter/linkResolver.cpp, line 773]
Event: 3.826 Thread 0x0000028ebe7e7800 Exception <a 'java/lang/NoSuchMethodError'{0x000000008f428488}: 'java.lang.Object java.lang.invoke.Invokers$Holder.linkToTargetMethod(java.lang.Object, java.lang.Object, java.lang.Object, java.lang.Object, java.lang.Object, java.lang.Object, java.lang.Object)'> (0x000000008f428488) thrown at [./src/hotspot/share/interpreter/linkResolver.cpp, line 773]
Event: 3.830 Thread 0x0000028ebe7e7800 Exception <a 'java/lang/IncompatibleClassChangeError'{0x000000008f47f458}: Found class java.lang.Object, but interface was expected> (0x000000008f47f458) thrown at [./src/hotspot/share/interpreter/linkResolver.cpp, line 839]
Event: 3.971 Thread 0x0000028ebe7e7800 Exception <a 'java/lang/NoSuchMethodError'{0x000000008e6336a8}: 'int java.lang.invoke.DirectMethodHandle$Holder.invokeStatic(java.lang.Object, java.lang.Object, java.lang.Object, java.lang.Object, java.lang.Object)'> (0x000000008e6336a8) thrown at [./src/hotspot/share/interpreter/linkResolver.cpp, line 773]
Event: 4.004 Thread 0x0000028ebe7e7800 Implicit null exception at 0x0000028eac1488d5 to 0x0000028eac149b35
Event: 4.088 Thread 0x0000028ebe7e7800 Exception <a 'java/lang/NoSuchMethodError'{0x000000008e0ec7a0}: 'void java.lang.invoke.DirectMethodHandle$Holder.invokeStaticInit(java.lang.Object, java.lang.Object, java.lang.Object)'> (0x000000008e0ec7a0) thrown at [./src/hotspot/share/interpreter/linkResolver.cpp, line 773]
Event: 4.089 Thread 0x0000028ebe7e7800 Exception <a 'java/lang/NoSuchMethodError'{0x000000008e0f3ca0}: 'void java.lang.invoke.DirectMethodHandle$Holder.invokeStaticInit(java.lang.Object, java.lang.Object, java.lang.Object, java.lang.Object)'> (0x000000008e0f3ca0) thrown at [./src/hotspot/share/interpreter/linkResolver.cpp, line 773]
Event: 4.091 Thread 0x0000028ebe7e7800 Exception <a 'java/lang/NoSuchMethodError'{0x000000008df34be0}: 'void java.lang.invoke.DirectMethodHandle$Holder.invokeStaticInit(java.lang.Object, java.lang.Object, java.lang.Object, java.lang.Object, java.lang.Object)'> (0x000000008df34be0) thrown at [./src/hotspot/share/interpreter/linkResolver.cpp, line 773]
Event: 4.125 Thread 0x0000028ebe7e7800 Exception <a 'java/lang/NoSuchMethodError'{0x000000008dfad3f8}: 'int java.lang.invoke.DirectMethodHandle$Holder.invokeStaticInit(java.lang.Object, java.lang.Object, java.lang.Object, java.lang.Object)'> (0x000000008dfad3f8) thrown at [./src/hotspot/share/interpreter/linkResolver.cpp, line 773]

Events (20 events):
Event: 4.213 loading class org/codehaus/groovy/runtime/m12n/ExtensionModuleScanner
Event: 4.213 loading class org/codehaus/groovy/runtime/m12n/ExtensionModuleScanner done
Event: 4.213 loading class org/codehaus/groovy/runtime/metaclass/MetaClassRegistryImpl$DefaultModuleListener
Event: 4.213 loading class org/codehaus/groovy/runtime/metaclass/MetaClassRegistryImpl$DefaultModuleListener done
Event: 4.213 loading class org/codehaus/groovy/util/URLStreams
Event: 4.213 loading class org/codehaus/groovy/util/URLStreams done
Event: 4.214 Executing VM operation: RevokeBias
Event: 4.214 Executing VM operation: RevokeBias done
Event: 4.214 loading class org/codehaus/groovy/runtime/m12n/StandardPropertiesModuleFactory
Event: 4.214 loading class org/codehaus/groovy/runtime/m12n/StandardPropertiesModuleFactory done
Event: 4.215 loading class org/codehaus/groovy/runtime/m12n/PropertiesModuleFactory
Event: 4.215 loading class org/codehaus/groovy/runtime/m12n/PropertiesModuleFactory done
Event: 4.215 loading class org/codehaus/groovy/runtime/m12n/ExtensionModule
Event: 4.215 loading class org/codehaus/groovy/runtime/m12n/ExtensionModule done
Event: 4.215 loading class org/codehaus/groovy/runtime/m12n/MetaInfExtensionModule
Event: 4.215 loading class org/codehaus/groovy/runtime/m12n/MetaInfExtensionModule done
Event: 4.215 loading class org/codehaus/groovy/runtime/m12n/SimpleExtensionModule
Event: 4.215 loading class org/codehaus/groovy/runtime/m12n/SimpleExtensionModule done
Event: 4.216 loading class java/lang/UnsupportedClassVersionError
Event: 4.216 loading class java/lang/UnsupportedClassVersionError done


Dynamic libraries:
0x00007ff6744d0000 - 0x00007ff6744da000 	C:\Program Files\Android\Android Studio\jre\bin\java.exe
0x00007ffd3f4f0000 - 0x00007ffd3f6e8000 	C:\WINDOWS\SYSTEM32\ntdll.dll
0x00007ffd3ebe0000 - 0x00007ffd3ec9d000 	C:\WINDOWS\System32\KERNEL32.DLL
0x00007ffd3ce80000 - 0x00007ffd3d152000 	C:\WINDOWS\System32\KERNELBASE.dll
0x00007ffd3cd20000 - 0x00007ffd3ce20000 	C:\WINDOWS\System32\ucrtbase.dll
0x00007ffcfc420000 - 0x00007ffcfc437000 	C:\Program Files\Android\Android Studio\jre\bin\VCRUNTIME140.dll
0x00007ffcf64a0000 - 0x00007ffcf64b9000 	C:\Program Files\Android\Android Studio\jre\bin\jli.dll
0x00007ffd3dba0000 - 0x00007ffd3dd3d000 	C:\WINDOWS\System32\USER32.dll
0x00007ffd3ce20000 - 0x00007ffd3ce42000 	C:\WINDOWS\System32\win32u.dll
0x00007ffd25650000 - 0x00007ffd258ea000 	C:\WINDOWS\WinSxS\amd64_microsoft.windows.common-controls_6595b64144ccf1df_6.0.19041.1110_none_60b5254171f9507e\COMCTL32.dll
0x00007ffd3eac0000 - 0x00007ffd3eaeb000 	C:\WINDOWS\System32\GDI32.dll
0x00007ffd3db00000 - 0x00007ffd3db9e000 	C:\WINDOWS\System32\msvcrt.dll
0x00007ffd3d2c0000 - 0x00007ffd3d3cf000 	C:\WINDOWS\System32\gdi32full.dll
0x00007ffd3d460000 - 0x00007ffd3d4fd000 	C:\WINDOWS\System32\msvcp_win.dll
0x00007ffd3ebb0000 - 0x00007ffd3ebe0000 	C:\WINDOWS\System32\IMM32.DLL
0x00007ffcb16f0000 - 0x00007ffcb178d000 	C:\Program Files\Android\Android Studio\jre\bin\msvcp140.dll
0x00007ffcc2460000 - 0x00007ffcc2f62000 	C:\Program Files\Android\Android Studio\jre\bin\server\jvm.dll
0x00007ffd3eb00000 - 0x00007ffd3ebae000 	C:\WINDOWS\System32\ADVAPI32.dll
0x00007ffd3e050000 - 0x00007ffd3e0ec000 	C:\WINDOWS\System32\sechost.dll
0x00007ffd3ee50000 - 0x00007ffd3ef75000 	C:\WINDOWS\System32\RPCRT4.dll
0x00007ffd3efe0000 - 0x00007ffd3efe8000 	C:\WINDOWS\System32\PSAPI.DLL
0x00007ffd36760000 - 0x00007ffd36769000 	C:\WINDOWS\SYSTEM32\WSOCK32.dll
0x00007ffd33320000 - 0x00007ffd3332a000 	C:\WINDOWS\SYSTEM32\VERSION.dll
0x00007ffd2ded0000 - 0x00007ffd2def7000 	C:\WINDOWS\SYSTEM32\WINMM.dll
0x00007ffd3e920000 - 0x00007ffd3e98b000 	C:\WINDOWS\System32\WS2_32.dll
0x00007ffd3b7c0000 - 0x00007ffd3b7d2000 	C:\WINDOWS\SYSTEM32\kernel.appcore.dll
0x00007ffd23f70000 - 0x00007ffd23f81000 	C:\Program Files\Android\Android Studio\jre\bin\verify.dll
0x00007ffd3b540000 - 0x00007ffd3b724000 	C:\WINDOWS\SYSTEM32\DBGHELP.DLL
0x00007ffd1fed0000 - 0x00007ffd1fefc000 	C:\WINDOWS\SYSTEM32\dbgcore.DLL
0x00007ffd3d3d0000 - 0x00007ffd3d452000 	C:\WINDOWS\System32\bcryptPrimitives.dll
0x00007ffd23d60000 - 0x00007ffd23d89000 	C:\Program Files\Android\Android Studio\jre\bin\java.dll
0x00007ffd26210000 - 0x00007ffd2621b000 	C:\Program Files\Android\Android Studio\jre\bin\jimage.dll
0x00007ffd23f50000 - 0x00007ffd23f68000 	C:\Program Files\Android\Android Studio\jre\bin\zip.dll
0x00007ffd3e1d0000 - 0x00007ffd3e913000 	C:\WINDOWS\System32\SHELL32.dll
0x00007ffd3a9d0000 - 0x00007ffd3b161000 	C:\WINDOWS\SYSTEM32\windows.storage.dll
0x00007ffd3f150000 - 0x00007ffd3f4a4000 	C:\WINDOWS\System32\combase.dll
0x00007ffd3c660000 - 0x00007ffd3c690000 	C:\WINDOWS\SYSTEM32\Wldp.dll
0x00007ffd3da50000 - 0x00007ffd3dafd000 	C:\WINDOWS\System32\SHCORE.dll
0x00007ffd3ef80000 - 0x00007ffd3efd5000 	C:\WINDOWS\System32\shlwapi.dll
0x00007ffd3cb40000 - 0x00007ffd3cb5f000 	C:\WINDOWS\SYSTEM32\profapi.dll
0x00007ffd216a0000 - 0x00007ffd216ba000 	C:\Program Files\Android\Android Studio\jre\bin\net.dll
0x00007ffd33810000 - 0x00007ffd3391d000 	C:\WINDOWS\SYSTEM32\WINHTTP.dll
0x00007ffd3c3c0000 - 0x00007ffd3c42a000 	C:\WINDOWS\system32\mswsock.dll
0x00007ffd10000000 - 0x00007ffd10014000 	C:\Program Files\Android\Android Studio\jre\bin\nio.dll
0x00007ffcf7460000 - 0x00007ffcf7487000 	C:\Users\Imad\.gradle\native\e1d6ef7f7dcc3fd88c89a11ec53ec762bb8ba0a96d01ffa2cd45eb1d1d8dd5c5\windows-amd64\native-platform.dll
0x00007ffcb0d60000 - 0x00007ffcb0ea4000 	C:\Users\Imad\.gradle\native\0d407fdbe67a94daf76414ababcb853783967236a71b16ec16e742cd7a986fd3\windows-amd64\native-platform-file-events.dll
0x00007ffd21690000 - 0x00007ffd2169a000 	C:\Program Files\Android\Android Studio\jre\bin\management.dll
0x00007ffd10070000 - 0x00007ffd1007d000 	C:\Program Files\Android\Android Studio\jre\bin\management_ext.dll
0x00007ffd3c5b0000 - 0x00007ffd3c5c8000 	C:\WINDOWS\SYSTEM32\CRYPTSP.dll
0x00007ffd3bc70000 - 0x00007ffd3bca4000 	C:\WINDOWS\system32\rsaenh.dll
0x00007ffd3ce50000 - 0x00007ffd3ce77000 	C:\WINDOWS\System32\bcrypt.dll
0x00007ffd3cac0000 - 0x00007ffd3caee000 	C:\WINDOWS\SYSTEM32\USERENV.dll
0x00007ffd3c5d0000 - 0x00007ffd3c5dc000 	C:\WINDOWS\SYSTEM32\CRYPTBASE.dll
0x00007ffd3c060000 - 0x00007ffd3c09b000 	C:\WINDOWS\SYSTEM32\IPHLPAPI.DLL
0x00007ffd3eaf0000 - 0x00007ffd3eaf8000 	C:\WINDOWS\System32\NSI.dll
0x00007ffd334d0000 - 0x00007ffd334e7000 	C:\WINDOWS\SYSTEM32\dhcpcsvc6.DLL
0x00007ffd32c00000 - 0x00007ffd32c1d000 	C:\WINDOWS\SYSTEM32\dhcpcsvc.DLL
0x00007ffd3c0a0000 - 0x00007ffd3c16a000 	C:\WINDOWS\SYSTEM32\DNSAPI.dll

dbghelp: loaded successfully - version: 4.0.5 - missing functions: none
symbol engine: initialized successfully - sym options: 0x614 - pdb path: .;C:\Program Files\Android\Android Studio\jre\bin;C:\WINDOWS\SYSTEM32;C:\WINDOWS\WinSxS\amd64_microsoft.windows.common-controls_6595b64144ccf1df_6.0.19041.1110_none_60b5254171f9507e;C:\Program Files\Android\Android Studio\jre\bin\server;C:\Users\Imad\.gradle\native\e1d6ef7f7dcc3fd88c89a11ec53ec762bb8ba0a96d01ffa2cd45eb1d1d8dd5c5\windows-amd64;C:\Users\Imad\.gradle\native\0d407fdbe67a94daf76414ababcb853783967236a71b16ec16e742cd7a986fd3\windows-amd64

VM Arguments:
jvm_args: --add-opens=java.base/java.util=ALL-UNNAMED --add-opens=java.base/java.lang=ALL-UNNAMED --add-opens=java.base/java.lang.invoke=ALL-UNNAMED --add-opens=java.base/java.util=ALL-UNNAMED --add-opens=java.prefs/java.util.prefs=ALL-UNNAMED --add-opens=java.prefs/java.util.prefs=ALL-UNNAMED --add-opens=java.base/java.nio.charset=ALL-UNNAMED --add-opens=java.base/java.net=ALL-UNNAMED --add-opens=java.base/java.util.concurrent.atomic=ALL-UNNAMED -Xmx2048m -Dfile.encoding=UTF-8 -Duser.country=ES -Duser.language=es -Duser.variant 
java_command: org.gradle.launcher.daemon.bootstrap.GradleDaemon 7.4
java_class_path (initial): C:\Users\Imad\.gradle\wrapper\dists\gradle-7.4-bin\c0gwcg53nkjbqw7r0h0umtfvt\gradle-7.4\lib\gradle-launcher-7.4.jar
Launcher Type: SUN_STANDARD

[Global flags]
     intx CICompilerCount                          = 4                                         {product} {ergonomic}
     uint ConcGCThreads                            = 3                                         {product} {ergonomic}
     uint G1ConcRefinementThreads                  = 10                                        {product} {ergonomic}
   size_t G1HeapRegionSize                         = 1048576                                   {product} {ergonomic}
    uintx GCDrainStackTargetSize                   = 64                                        {product} {ergonomic}
   size_t InitialHeapSize                          = 268435456                                 {product} {ergonomic}
   size_t MarkStackSize                            = 4194304                                   {product} {ergonomic}
   size_t MaxHeapSize                              = 2147483648                                {product} {command line}
   size_t MaxNewSize                               = 1287651328                                {product} {ergonomic}
   size_t MinHeapDeltaBytes                        = 1048576                                   {product} {ergonomic}
    uintx NonNMethodCodeHeapSize                   = 5836300                                {pd product} {ergonomic}
    uintx NonProfiledCodeHeapSize                  = 122910970                              {pd product} {ergonomic}
    uintx ProfiledCodeHeapSize                     = 122910970                              {pd product} {ergonomic}
    uintx ReservedCodeCacheSize                    = 251658240                              {pd product} {ergonomic}
     bool SegmentedCodeCache                       = true                                      {product} {ergonomic}
     bool UseCompressedClassPointers               = true                                 {lp64_product} {ergonomic}
     bool UseCompressedOops                        = true                                 {lp64_product} {ergonomic}
     bool UseG1GC                                  = true                                      {product} {ergonomic}
     bool UseLargePagesIndividualAllocation        = false                                  {pd product} {ergonomic}

Logging:
Log output configuration:
 #0: stdout all=warning uptime,level,tags
 #1: stderr all=off uptime,level,tags

Environment Variables:
JAVA_HOME=C:\Program Files\Java\jdk1.8.0_151
PATH=C:\Program Files (x86)\Common Files\Oracle\Java\javapath;C:\ProgramData\Oracle\Java\javapath;C:\Windows\system32;C:\Windows;C:\Windows\System32\Wbem;C:\Windows\System32\WindowsPowerShell\v1.0\;C:\Windows\System32\OpenSSH\;C:\Program Files (x86)\NVIDIA Corporation\PhysX\Common;C:\Program Files\NVIDIA Corporation\NVIDIA NvDLISR;C:\Program Files\dotnet\;C:\Program Files\Microsoft SQL Server\Client SDK\ODBC\170\Tools\Binn\;C:\WINDOWS\system32;C:\WINDOWS;C:\WINDOWS\System32\Wbem;C:\WINDOWS\System32\WindowsPowerShell\v1.0\;C:\WINDOWS\System32\OpenSSH\;C:\Program Files\Microsoft SQL Server\130\Tools\Binn\;C:\Program Files\nodejs\;C:\Program Files (x86)\Microsoft SQL Server\150\DTS\Binn\;C:\Program Files\Azure Data Studio\bin;C:\Program Files (x86)\Microsoft SQL Server\150\Tools\Binn\;C:\Program Files\Microsoft SQL Server\150\Tools\Binn\;C:\Program Files\Microsoft SQL Server\150\DTS\Binn\;C:\Program Files\Liquid Technologies\Liquid Studio\XmlDataBinder20\Redist20\cpp\win32\bin;C:\Program Files\Liquid Technologies\Liquid Studio\XmlDataBinder20\Redist20\cpp\win64\bin;C:\Program Files\Git\cmd;C:\Program Files\MySQL\MySQL Shell 8.0\bin\;C:\Users\Imad\AppData\Local\Programs\Python\Python39\Scripts\;C:\Users\Imad\AppData\Local\Programs\Python\Python39\;C:\Users\Imad\AppData\Local\Microsoft\WindowsApps;C:\Users\Imad\AppData\Local\Programs\Microsoft VS Code\bin;C:\Users\Imad\AppData\Local\Android\Sdk\platform-tools;C:\Program Files\JetBrains\PyCharm Community Edition 2020.2.3\bin;;C:\src\flutter\bin;C:\Users\Imad\AppData\Roaming\npm;C:\Program Files\Azure Data Studio\bin;C:\Program Files\heroku\bin;C:\Users\Imad\AppData\Local\GitHubDesktop\bin;C:\Users\Imad\.dotnet\tools
USERNAME=Imad
OS=Windows_NT
PROCESSOR_IDENTIFIER=Intel64 Family 6 Model 158 Stepping 10, GenuineIntel



---------------  S Y S T E M  ---------------

OS: Windows 10 , 64 bit Build 19041 (10.0.19041.1889)
OS uptime: 1 days 23:17 hours

CPU:total 12 (initial active 12) (6 cores per cpu, 2 threads per core) family 6 model 158 stepping 10 microcode 0xf0, cmov, cx8, fxsr, mmx, sse, sse2, sse3, ssse3, sse4.1, sse4.2, popcnt, avx, avx2, aes, clmul, erms, 3dnowpref, lzcnt, ht, tsc, tscinvbit, bmi1, bmi2, adx, fma

Memory: 4k page, system-wide physical 16294M (777M free)
TotalPageFile size 19226M (AvailPageFile size 4M)
current process WorkingSet (physical memory assigned to process): 297M, peak: 297M
current process commit charge ("private bytes"): 448M, peak: 448M

vm_info: OpenJDK 64-Bit Server VM (11.0.13+0-b1751.21-8125866) for windows-amd64 JRE (11.0.13+0-b1751.21-8125866), built on Feb  2 2022 03:00:22 by "builder" with MS VC++ 14.0 (VS2015)

END.
