#
# There is insufficient memory for the Java Runtime Environment to continue.
# Native memory allocation (malloc) failed to allocate 1531296 bytes for Chunk::new
# Possible reasons:
#   The system is out of physical RAM or swap space
#   The process is running with CompressedOops enabled, and the Java Heap may be blocking the growth of the native heap
# Possible solutions:
#   Reduce memory load on the system
#   Increase physical memory or swap space
#   Check if swap backing store is full
#   Decrease Java heap size (-Xmx/-Xms)
#   Decrease number of Java threads
#   Decrease Java thread stack sizes (-Xss)
#   Set larger code cache with -XX:ReservedCodeCacheSize=
#   JVM is running with Unscaled Compressed Oops mode in which the Java heap is
#     placed in the first 4GB address space. The Java Heap base address is the
#     maximum limit for the native heap growth. Please use -XX:HeapBaseMinAddress
#     to set the Java Heap base and to place the Java Heap above 4GB virtual address.
# This output file may be truncated or incomplete.
#
#  Out of Memory Error (./src/hotspot/share/memory/arena.cpp:197), pid=20728, tid=20180
#
# JRE version: OpenJDK Runtime Environment (11.0.13) (build 11.0.13+0-b1751.21-8125866)
# Java VM: OpenJDK 64-Bit Server VM (11.0.13+0-b1751.21-8125866, mixed mode, tiered, compressed oops, g1 gc, windows-amd64)
# No core dump will be written. Minidumps are not enabled by default on client versions of Windows
#

---------------  S U M M A R Y ------------

Command Line: --add-opens=java.base/java.util=ALL-UNNAMED --add-opens=java.base/java.lang=ALL-UNNAMED --add-opens=java.base/java.lang.invoke=ALL-UNNAMED --add-opens=java.base/java.util=ALL-UNNAMED --add-opens=java.prefs/java.util.prefs=ALL-UNNAMED --add-opens=java.prefs/java.util.prefs=ALL-UNNAMED --add-opens=java.base/java.nio.charset=ALL-UNNAMED --add-opens=java.base/java.net=ALL-UNNAMED --add-opens=java.base/java.util.concurrent.atomic=ALL-UNNAMED -Xmx2048m -Dfile.encoding=UTF-8 -Duser.country=ES -Duser.language=es -Duser.variant org.gradle.launcher.daemon.bootstrap.GradleDaemon 7.4

Host: Intel(R) Core(TM) i7-9750H CPU @ 2.60GHz, 12 cores, 15G,  Windows 10 , 64 bit Build 19041 (10.0.19041.1889)
Time: Mon Oct 24 09:45:33 2022 Hora de verano de Marruecos elapsed time: 6.776075 seconds (0d 0h 0m 6s)

---------------  T H R E A D  ---------------

Current thread (0x00000181f6dcd000):  JavaThread "C2 CompilerThread2" daemon [_thread_in_native, id=20180, stack(0x0000002df3100000,0x0000002df3200000)]


Current CompileTask:
C2:   6776 6133       4       groovyjarjarantlr4.v4.runtime.atn.PredictionContext::getCachedContext (297 bytes)

Stack: [0x0000002df3100000,0x0000002df3200000]
Native frames: (J=compiled Java code, j=interpreted, Vv=VM code, C=native code)
V  [jvm.dll+0x6100fa]
V  [jvm.dll+0x747090]
V  [jvm.dll+0x7486ad]
V  [jvm.dll+0x748d83]
V  [jvm.dll+0x24ab48]
V  [jvm.dll+0xc04dc]
V  [jvm.dll+0xc0a0c]
V  [jvm.dll+0x2bfab4]
V  [jvm.dll+0x524238]
V  [jvm.dll+0x204802]
V  [jvm.dll+0x2023c2]
V  [jvm.dll+0x188e01]
V  [jvm.dll+0x21106b]
V  [jvm.dll+0x20f8c1]
V  [jvm.dll+0x70de0f]
V  [jvm.dll+0x706a75]
V  [jvm.dll+0x60ed66]
C  [ucrtbase.dll+0x21bb2]
C  [KERNEL32.DLL+0x17034]
C  [ntdll.dll+0x526a1]


---------------  P R O C E S S  ---------------

Threads class SMR info:
_java_thread_list=0x00000181f94c68c0, length=167, elements={
0x00000181d86bf000, 0x00000181f3826800, 0x00000181f3832800, 0x00000181f3886800,
0x00000181f3888000, 0x00000181f388a800, 0x00000181f3890000, 0x00000181f3891800,
0x00000181f3892800, 0x00000181f39fc800, 0x00000181f523f800, 0x00000181f3b9b000,
0x00000181f471a000, 0x00000181f4886800, 0x00000181f6933000, 0x00000181f52f2800,
0x00000181f52f3800, 0x00000181f6811800, 0x00000181f6a82000, 0x00000181f689b000,
0x00000181f5932800, 0x00000181f689c000, 0x00000181f689c800, 0x00000181f689a000,
0x00000181f6dcd000, 0x00000181f745a000, 0x00000181f745b000, 0x00000181f7460800,
0x00000181f745c000, 0x00000181f7460000, 0x00000181f745c800, 0x00000181f745e800,
0x00000181f745d800, 0x00000181f7463000, 0x00000181f7464000, 0x00000181f7462800,
0x00000181f745f000, 0x00000181f7465800, 0x00000181f7465000, 0x00000181f7466800,
0x00000181f7467800, 0x00000181f7461800, 0x00000181f7469000, 0x00000181f7468000,
0x00000181f9612800, 0x00000181f9611000, 0x00000181f9613800, 0x00000181f9614800,
0x00000181f960f800, 0x00000181f9617800, 0x00000181f961a000, 0x00000181f961b000,
0x00000181f961b800, 0x00000181f9617000, 0x00000181f9616000, 0x00000181f961c800,
0x00000181f961d800, 0x00000181f961e000, 0x00000181f9618800, 0x00000181f9619800,
0x00000181fa320800, 0x00000181fa322800, 0x00000181fa31d800, 0x00000181fa31c800,
0x00000181fa320000, 0x00000181fa321800, 0x00000181fa323000, 0x00000181fa324000,
0x00000181fa31e000, 0x00000181fa324800, 0x00000181fa31f000, 0x00000181fa325800,
0x00000181fa32a800, 0x00000181fa328000, 0x00000181fa329800, 0x00000181fa32b800,
0x00000181fa326800, 0x00000181fa327000, 0x00000181fa329000, 0x00000181f7127000,
0x00000181f7127800, 0x00000181f7128800, 0x00000181f7125000, 0x00000181f7123800,
0x00000181f7122800, 0x00000181f7129800, 0x00000181f7126000, 0x00000181f712a000,
0x00000181f7124800, 0x00000181f7130800, 0x00000181f712b000, 0x00000181f7131800,
0x00000181f712f000, 0x00000181f7130000, 0x00000181f712b800, 0x00000181f712c800,
0x00000181f712d800, 0x00000181f712e000, 0x00000181fcf2b800, 0x00000181fcf2a800,
0x00000181fcf27800, 0x00000181fcf29800, 0x00000181fcf2c000, 0x00000181fcf2d000,
0x00000181fcf2e000, 0x00000181fcf28000, 0x00000181fcf2e800, 0x00000181fcf29000,
0x00000181fcf2f800, 0x00000181fcf32000, 0x00000181fcf36000, 0x00000181fcf33800,
0x00000181fcf34800, 0x00000181fcf31000, 0x00000181fcf30800, 0x00000181fcf35000,
0x00000181fcf32800, 0x00000181fe320800, 0x00000181fe321800, 0x00000181fe31f000,
0x00000181fe31e000, 0x00000181fe322000, 0x00000181fe31c800, 0x00000181fe31f800,
0x00000181fe323000, 0x00000181fe31d800, 0x00000181fe329800, 0x00000181fe324000,
0x00000181fe32a800, 0x00000181fe328000, 0x00000181fe327000, 0x00000181fe328800,
0x00000181fe324800, 0x00000181fe326800, 0x00000181fe32b000, 0x00000181fe325800,
0x00000181fab94000, 0x00000181fab90800, 0x00000181fab94800, 0x00000181fab93000,
0x00000181fab96800, 0x00000181fab95800, 0x00000181fab97000, 0x00000181fab91800,
0x00000181fab98000, 0x00000181fab92000, 0x00000181fab9c000, 0x00000181fab99800,
0x00000181fab9d800, 0x00000181fab9e800, 0x00000181fab9d000, 0x00000181fab9a800,
0x00000181fab99000, 0x00000181fab9f800, 0x00000181fab9b000, 0x00000181fcef9000,
0x00000181fcef9800, 0x00000181fcefb800, 0x00000181fcefc000, 0x00000181fcefa800,
0x00000181fcef7800, 0x00000181fcefd000, 0x00000181fcefe000, 0x00000181fcef8000,
0x00000181fceff800, 0x00000181fcefe800, 0x00000181fcf04800
}

Java Threads: ( => current thread )
  0x00000181d86bf000 JavaThread "main" [_thread_blocked, id=7240, stack(0x0000002df0600000,0x0000002df0700000)]
  0x00000181f3826800 JavaThread "Reference Handler" daemon [_thread_blocked, id=9848, stack(0x0000002df0d00000,0x0000002df0e00000)]
  0x00000181f3832800 JavaThread "Finalizer" daemon [_thread_blocked, id=22860, stack(0x0000002df0e00000,0x0000002df0f00000)]
  0x00000181f3886800 JavaThread "Signal Dispatcher" daemon [_thread_blocked, id=25176, stack(0x0000002df0f00000,0x0000002df1000000)]
  0x00000181f3888000 JavaThread "Attach Listener" daemon [_thread_blocked, id=22396, stack(0x0000002df1000000,0x0000002df1100000)]
  0x00000181f388a800 JavaThread "Service Thread" daemon [_thread_blocked, id=14076, stack(0x0000002df1100000,0x0000002df1200000)]
  0x00000181f3890000 JavaThread "C2 CompilerThread0" daemon [_thread_blocked, id=3356, stack(0x0000002df1200000,0x0000002df1300000)]
  0x00000181f3891800 JavaThread "C1 CompilerThread0" daemon [_thread_blocked, id=2464, stack(0x0000002df1300000,0x0000002df1400000)]
  0x00000181f3892800 JavaThread "Sweeper thread" daemon [_thread_blocked, id=22364, stack(0x0000002df1400000,0x0000002df1500000)]
  0x00000181f39fc800 JavaThread "Common-Cleaner" daemon [_thread_blocked, id=15796, stack(0x0000002df1500000,0x0000002df1600000)]
  0x00000181f523f800 JavaThread "Daemon health stats" [_thread_blocked, id=20120, stack(0x0000002df1e00000,0x0000002df1f00000)]
  0x00000181f3b9b000 JavaThread "Incoming local TCP Connector on port 1338" [_thread_in_native, id=3080, stack(0x0000002df1700000,0x0000002df1800000)]
  0x00000181f471a000 JavaThread "Daemon periodic checks" [_thread_blocked, id=1956, stack(0x0000002df1d00000,0x0000002df1e00000)]
  0x00000181f4886800 JavaThread "Daemon" [_thread_blocked, id=18484, stack(0x0000002df1f00000,0x0000002df2000000)]
  0x00000181f6933000 JavaThread "Handler for socket connection from /127.0.0.1:1338 to /127.0.0.1:1339" [_thread_in_native, id=23908, stack(0x0000002df2000000,0x0000002df2100000)]
  0x00000181f52f2800 JavaThread "Cancel handler" [_thread_blocked, id=11052, stack(0x0000002df2100000,0x0000002df2200000)]
  0x00000181f52f3800 JavaThread "Daemon worker" [_thread_in_native, id=9320, stack(0x0000002df2200000,0x0000002df2300000)]
  0x00000181f6811800 JavaThread "Asynchronous log dispatcher for DefaultDaemonConnection: socket connection from /127.0.0.1:1338 to /127.0.0.1:1339" [_thread_blocked, id=7376, stack(0x0000002df2300000,0x0000002df2400000)]
  0x00000181f6a82000 JavaThread "Stdin handler" [_thread_blocked, id=8628, stack(0x0000002df2400000,0x0000002df2500000)]
  0x00000181f689b000 JavaThread "Daemon client event forwarder" [_thread_blocked, id=18788, stack(0x0000002df2500000,0x0000002df2600000)]
  0x00000181f5932800 JavaThread "C2 CompilerThread1" daemon [_thread_in_native, id=1388, stack(0x0000002df2600000,0x0000002df2700000)]
  0x00000181f689c000 JavaThread "Cache worker for journal cache (C:\Users\Imad\.gradle\caches\journal-1)" [_thread_blocked, id=23116, stack(0x0000002df2700000,0x0000002df2800000)]
  0x00000181f689c800 JavaThread "File lock request listener" [_thread_in_native, id=14444, stack(0x0000002df2800000,0x0000002df2900000)]
  0x00000181f689a000 JavaThread "Cache worker for file hash cache (C:\Users\Imad\.gradle\caches\7.4\fileHashes)" [_thread_blocked, id=9284, stack(0x0000002df3000000,0x0000002df3100000)]
=>0x00000181f6dcd000 JavaThread "C2 CompilerThread2" daemon [_thread_in_native, id=20180, stack(0x0000002df3100000,0x0000002df3200000)]
  0x00000181f745a000 JavaThread "File watcher server" daemon [_thread_in_native, id=23700, stack(0x0000002df3200000,0x0000002df3300000)]
  0x00000181f745b000 JavaThread "File watcher consumer" daemon [_thread_blocked, id=24876, stack(0x0000002df3300000,0x0000002df3400000)]
  0x00000181f7460800 JavaThread "jar transforms" [_thread_blocked, id=21036, stack(0x0000002df3400000,0x0000002df3500000)]
  0x00000181f745c000 JavaThread "jar transforms Thread 2" [_thread_blocked, id=20660, stack(0x0000002df3500000,0x0000002df3600000)]
  0x00000181f7460000 JavaThread "jar transforms Thread 3" [_thread_blocked, id=23408, stack(0x0000002df3600000,0x0000002df3700000)]
  0x00000181f745c800 JavaThread "jar transforms Thread 4" [_thread_blocked, id=16788, stack(0x0000002df3700000,0x0000002df3800000)]
  0x00000181f745e800 JavaThread "jar transforms Thread 5" [_thread_blocked, id=16952, stack(0x0000002df3800000,0x0000002df3900000)]
  0x00000181f745d800 JavaThread "jar transforms Thread 6" [_thread_blocked, id=18560, stack(0x0000002df3900000,0x0000002df3a00000)]
  0x00000181f7463000 JavaThread "jar transforms Thread 7" [_thread_blocked, id=16028, stack(0x0000002df3a00000,0x0000002df3b00000)]
  0x00000181f7464000 JavaThread "jar transforms Thread 8" [_thread_blocked, id=17884, stack(0x0000002df3b00000,0x0000002df3c00000)]
  0x00000181f7462800 JavaThread "jar transforms Thread 9" [_thread_blocked, id=688, stack(0x0000002df3c00000,0x0000002df3d00000)]
  0x00000181f745f000 JavaThread "jar transforms Thread 10" [_thread_blocked, id=16528, stack(0x0000002df3d00000,0x0000002df3e00000)]
  0x00000181f7465800 JavaThread "jar transforms Thread 11" [_thread_blocked, id=14068, stack(0x0000002df3e00000,0x0000002df3f00000)]
  0x00000181f7465000 JavaThread "jar transforms Thread 12" [_thread_blocked, id=10788, stack(0x0000002df3f00000,0x0000002df4000000)]
  0x00000181f7466800 JavaThread "Cache worker for checksums cache (C:\Users\Imad\AndroidStudioProjects\GestionSalle\.gradle\7.4\checksums)" [_thread_blocked, id=20212, stack(0x0000002df4000000,0x0000002df4100000)]
  0x00000181f7467800 JavaThread "Cache worker for cache directory md-rule (C:\Users\Imad\.gradle\caches\7.4\md-rule)" [_thread_blocked, id=21252, stack(0x0000002df4100000,0x0000002df4200000)]
  0x00000181f7461800 JavaThread "Cache worker for file hash cache (C:\Users\Imad\AndroidStudioProjects\GestionSalle\.gradle\7.4\fileHashes)" [_thread_blocked, id=19224, stack(0x0000002df4200000,0x0000002df4300000)]
  0x00000181f7469000 JavaThread "Cache worker for cache directory md-supplier (C:\Users\Imad\.gradle\caches\7.4\md-supplier)" [_thread_blocked, id=23444, stack(0x0000002df4300000,0x0000002df4400000)]
  0x00000181f7468000 JavaThread "Cache worker for execution history cache (C:\Users\Imad\.gradle\caches\7.4\executionHistory)" [_thread_blocked, id=8684, stack(0x0000002df4400000,0x0000002df4500000)]
  0x00000181f9612800 JavaThread "Cache worker for file content cache (C:\Users\Imad\.gradle\caches\7.4\fileContent)" [_thread_blocked, id=15356, stack(0x0000002df4500000,0x0000002df4600000)]
  0x00000181f9611000 JavaThread "Cache worker for dependencies-accessors (C:\Users\Imad\AndroidStudioProjects\GestionSalle\.gradle\7.4\dependencies-accessors)" [_thread_blocked, id=16228, stack(0x0000002df4600000,0x0000002df4700000)]
  0x00000181f9613800 JavaThread "Cache worker for Build Output Cleanup Cache (C:\Users\Imad\AndroidStudioProjects\GestionSalle\.gradle\buildOutputCleanup)" [_thread_blocked, id=24572, stack(0x0000002df4700000,0x0000002df4800000)]
  0x00000181f9614800 JavaThread "Unconstrained build operations" [_thread_blocked, id=8516, stack(0x0000002df4800000,0x0000002df4900000)]
  0x00000181f960f800 JavaThread "Unconstrained build operations Thread 2" [_thread_blocked, id=23384, stack(0x0000002df4900000,0x0000002df4a00000)]
  0x00000181f9617800 JavaThread "Unconstrained build operations Thread 3" [_thread_blocked, id=24452, stack(0x0000002df4a00000,0x0000002df4b00000)]
  0x00000181f961a000 JavaThread "Unconstrained build operations Thread 4" [_thread_blocked, id=21660, stack(0x0000002df4b00000,0x0000002df4c00000)]
  0x00000181f961b000 JavaThread "Unconstrained build operations Thread 5" [_thread_blocked, id=20736, stack(0x0000002df4c00000,0x0000002df4d00000)]
  0x00000181f961b800 JavaThread "Unconstrained build operations Thread 6" [_thread_blocked, id=14860, stack(0x0000002df4d00000,0x0000002df4e00000)]
  0x00000181f9617000 JavaThread "Unconstrained build operations Thread 7" [_thread_blocked, id=17660, stack(0x0000002df4e00000,0x0000002df4f00000)]
  0x00000181f9616000 JavaThread "Unconstrained build operations Thread 8" [_thread_blocked, id=15988, stack(0x0000002df4f00000,0x0000002df5000000)]
  0x00000181f961c800 JavaThread "Unconstrained build operations Thread 9" [_thread_blocked, id=21384, stack(0x0000002df5000000,0x0000002df5100000)]
  0x00000181f961d800 JavaThread "Unconstrained build operations Thread 10" [_thread_blocked, id=25296, stack(0x0000002df5100000,0x0000002df5200000)]
  0x00000181f961e000 JavaThread "Unconstrained build operations Thread 11" [_thread_blocked, id=22888, stack(0x0000002df5200000,0x0000002df5300000)]
  0x00000181f9618800 JavaThread "Unconstrained build operations Thread 12" [_thread_blocked, id=12188, stack(0x0000002df5300000,0x0000002df5400000)]
  0x00000181f9619800 JavaThread "Unconstrained build operations Thread 13" [_thread_blocked, id=17756, stack(0x0000002df5400000,0x0000002df5500000)]
  0x00000181fa320800 JavaThread "Unconstrained build operations Thread 14" [_thread_blocked, id=24904, stack(0x0000002df5500000,0x0000002df5600000)]
  0x00000181fa322800 JavaThread "Unconstrained build operations Thread 15" [_thread_blocked, id=12944, stack(0x0000002df5600000,0x0000002df5700000)]
  0x00000181fa31d800 JavaThread "Unconstrained build operations Thread 16" [_thread_blocked, id=17504, stack(0x0000002df5700000,0x0000002df5800000)]
  0x00000181fa31c800 JavaThread "Unconstrained build operations Thread 17" [_thread_blocked, id=16916, stack(0x0000002df5800000,0x0000002df5900000)]
  0x00000181fa320000 JavaThread "Unconstrained build operations Thread 18" [_thread_blocked, id=20764, stack(0x0000002df5900000,0x0000002df5a00000)]
  0x00000181fa321800 JavaThread "Unconstrained build operations Thread 19" [_thread_blocked, id=7988, stack(0x0000002df5a00000,0x0000002df5b00000)]
  0x00000181fa323000 JavaThread "Unconstrained build operations Thread 20" [_thread_blocked, id=22216, stack(0x0000002df5b00000,0x0000002df5c00000)]
  0x00000181fa324000 JavaThread "Unconstrained build operations Thread 21" [_thread_blocked, id=17948, stack(0x0000002df5c00000,0x0000002df5d00000)]
  0x00000181fa31e000 JavaThread "Unconstrained build operations Thread 22" [_thread_blocked, id=14316, stack(0x0000002df5d00000,0x0000002df5e00000)]
  0x00000181fa324800 JavaThread "Unconstrained build operations Thread 23" [_thread_blocked, id=21380, stack(0x0000002df5e00000,0x0000002df5f00000)]
  0x00000181fa31f000 JavaThread "Unconstrained build operations Thread 24" [_thread_blocked, id=14976, stack(0x0000002df5f00000,0x0000002df6000000)]
  0x00000181fa325800 JavaThread "Unconstrained build operations Thread 25" [_thread_blocked, id=13128, stack(0x0000002df6000000,0x0000002df6100000)]
  0x00000181fa32a800 JavaThread "Unconstrained build operations Thread 26" [_thread_blocked, id=19720, stack(0x0000002df6100000,0x0000002df6200000)]
  0x00000181fa328000 JavaThread "Unconstrained build operations Thread 27" [_thread_blocked, id=15760, stack(0x0000002df6200000,0x0000002df6300000)]
  0x00000181fa329800 JavaThread "Unconstrained build operations Thread 28" [_thread_blocked, id=21996, stack(0x0000002df6300000,0x0000002df6400000)]
  0x00000181fa32b800 JavaThread "Unconstrained build operations Thread 29" [_thread_blocked, id=23804, stack(0x0000002df6400000,0x0000002df6500000)]
  0x00000181fa326800 JavaThread "Unconstrained build operations Thread 30" [_thread_blocked, id=22808, stack(0x0000002df6500000,0x0000002df6600000)]
  0x00000181fa327000 JavaThread "Unconstrained build operations Thread 31" [_thread_blocked, id=3220, stack(0x0000002df6600000,0x0000002df6700000)]
  0x00000181fa329000 JavaThread "Unconstrained build operations Thread 32" [_thread_blocked, id=23232, stack(0x0000002df6700000,0x0000002df6800000)]
  0x00000181f7127000 JavaThread "Unconstrained build operations Thread 33" [_thread_blocked, id=10752, stack(0x0000002df6800000,0x0000002df6900000)]
  0x00000181f7127800 JavaThread "Unconstrained build operations Thread 34" [_thread_blocked, id=4236, stack(0x0000002df6900000,0x0000002df6a00000)]
  0x00000181f7128800 JavaThread "Unconstrained build operations Thread 35" [_thread_blocked, id=17360, stack(0x0000002df6a00000,0x0000002df6b00000)]
  0x00000181f7125000 JavaThread "Unconstrained build operations Thread 36" [_thread_blocked, id=18120, stack(0x0000002df6b00000,0x0000002df6c00000)]
  0x00000181f7123800 JavaThread "Unconstrained build operations Thread 37" [_thread_blocked, id=14684, stack(0x0000002df6c00000,0x0000002df6d00000)]
  0x00000181f7122800 JavaThread "Unconstrained build operations Thread 38" [_thread_blocked, id=21396, stack(0x0000002df6d00000,0x0000002df6e00000)]
  0x00000181f7129800 JavaThread "Unconstrained build operations Thread 39" [_thread_blocked, id=740, stack(0x0000002df6e00000,0x0000002df6f00000)]
  0x00000181f7126000 JavaThread "Unconstrained build operations Thread 40" [_thread_blocked, id=23024, stack(0x0000002df6f00000,0x0000002df7000000)]
  0x00000181f712a000 JavaThread "Unconstrained build operations Thread 41" [_thread_blocked, id=24424, stack(0x0000002df7000000,0x0000002df7100000)]
  0x00000181f7124800 JavaThread "Unconstrained build operations Thread 42" [_thread_blocked, id=17908, stack(0x0000002df7100000,0x0000002df7200000)]
  0x00000181f7130800 JavaThread "Unconstrained build operations Thread 43" [_thread_blocked, id=21048, stack(0x0000002df7200000,0x0000002df7300000)]
  0x00000181f712b000 JavaThread "Unconstrained build operations Thread 44" [_thread_blocked, id=4700, stack(0x0000002df7300000,0x0000002df7400000)]
  0x00000181f7131800 JavaThread "Unconstrained build operations Thread 45" [_thread_blocked, id=23724, stack(0x0000002df7400000,0x0000002df7500000)]
  0x00000181f712f000 JavaThread "Unconstrained build operations Thread 46" [_thread_blocked, id=21268, stack(0x0000002df7500000,0x0000002df7600000)]
  0x00000181f7130000 JavaThread "Unconstrained build operations Thread 47" [_thread_blocked, id=8964, stack(0x0000002df7600000,0x0000002df7700000)]
  0x00000181f712b800 JavaThread "Unconstrained build operations Thread 48" [_thread_blocked, id=24332, stack(0x0000002df7700000,0x0000002df7800000)]
  0x00000181f712c800 JavaThread "Unconstrained build operations Thread 49" [_thread_blocked, id=8168, stack(0x0000002df7800000,0x0000002df7900000)]
  0x00000181f712d800 JavaThread "Unconstrained build operations Thread 50" [_thread_blocked, id=16932, stack(0x0000002df7900000,0x0000002df7a00000)]
  0x00000181f712e000 JavaThread "Unconstrained build operations Thread 51" [_thread_blocked, id=14252, stack(0x0000002df7a00000,0x0000002df7b00000)]
  0x00000181fcf2b800 JavaThread "Unconstrained build operations Thread 52" [_thread_blocked, id=11036, stack(0x0000002df7b00000,0x0000002df7c00000)]
  0x00000181fcf2a800 JavaThread "Unconstrained build operations Thread 53" [_thread_blocked, id=9412, stack(0x0000002df7c00000,0x0000002df7d00000)]
  0x00000181fcf27800 JavaThread "Unconstrained build operations Thread 54" [_thread_blocked, id=22064, stack(0x0000002df7d00000,0x0000002df7e00000)]
  0x00000181fcf29800 JavaThread "Unconstrained build operations Thread 55" [_thread_blocked, id=20956, stack(0x0000002df7e00000,0x0000002df7f00000)]
  0x00000181fcf2c000 JavaThread "Unconstrained build operations Thread 56" [_thread_blocked, id=16440, stack(0x0000002df7f00000,0x0000002df8000000)]
  0x00000181fcf2d000 JavaThread "Unconstrained build operations Thread 57" [_thread_blocked, id=22032, stack(0x0000002df8000000,0x0000002df8100000)]
  0x00000181fcf2e000 JavaThread "Unconstrained build operations Thread 58" [_thread_blocked, id=21880, stack(0x0000002df8100000,0x0000002df8200000)]
  0x00000181fcf28000 JavaThread "Unconstrained build operations Thread 59" [_thread_blocked, id=18180, stack(0x0000002df8200000,0x0000002df8300000)]
  0x00000181fcf2e800 JavaThread "Unconstrained build operations Thread 60" [_thread_blocked, id=16044, stack(0x0000002df8300000,0x0000002df8400000)]
  0x00000181fcf29000 JavaThread "Unconstrained build operations Thread 61" [_thread_blocked, id=19972, stack(0x0000002df8400000,0x0000002df8500000)]
  0x00000181fcf2f800 JavaThread "Unconstrained build operations Thread 62" [_thread_blocked, id=18184, stack(0x0000002df8500000,0x0000002df8600000)]
  0x00000181fcf32000 JavaThread "Unconstrained build operations Thread 63" [_thread_blocked, id=3776, stack(0x0000002df8600000,0x0000002df8700000)]
  0x00000181fcf36000 JavaThread "Unconstrained build operations Thread 64" [_thread_blocked, id=11984, stack(0x0000002df8700000,0x0000002df8800000)]
  0x00000181fcf33800 JavaThread "Unconstrained build operations Thread 65" [_thread_blocked, id=20704, stack(0x0000002df8800000,0x0000002df8900000)]
  0x00000181fcf34800 JavaThread "Unconstrained build operations Thread 66" [_thread_blocked, id=23688, stack(0x0000002df8900000,0x0000002df8a00000)]
  0x00000181fcf31000 JavaThread "Unconstrained build operations Thread 67" [_thread_blocked, id=21972, stack(0x0000002df8a00000,0x0000002df8b00000)]
  0x00000181fcf30800 JavaThread "Unconstrained build operations Thread 68" [_thread_blocked, id=11032, stack(0x0000002df8b00000,0x0000002df8c00000)]
  0x00000181fcf35000 JavaThread "Unconstrained build operations Thread 69" [_thread_blocked, id=10816, stack(0x0000002df8c00000,0x0000002df8d00000)]
  0x00000181fcf32800 JavaThread "Unconstrained build operations Thread 70" [_thread_blocked, id=24052, stack(0x0000002df8d00000,0x0000002df8e00000)]
  0x00000181fe320800 JavaThread "Unconstrained build operations Thread 71" [_thread_blocked, id=3968, stack(0x0000002df8e00000,0x0000002df8f00000)]
  0x00000181fe321800 JavaThread "Unconstrained build operations Thread 72" [_thread_blocked, id=20756, stack(0x0000002df8f00000,0x0000002df9000000)]
  0x00000181fe31f000 JavaThread "Unconstrained build operations Thread 73" [_thread_blocked, id=24000, stack(0x0000002df9000000,0x0000002df9100000)]
  0x00000181fe31e000 JavaThread "Unconstrained build operations Thread 74" [_thread_blocked, id=1788, stack(0x0000002df9100000,0x0000002df9200000)]
  0x00000181fe322000 JavaThread "Unconstrained build operations Thread 75" [_thread_blocked, id=6792, stack(0x0000002df9200000,0x0000002df9300000)]
  0x00000181fe31c800 JavaThread "Unconstrained build operations Thread 76" [_thread_blocked, id=13220, stack(0x0000002df9300000,0x0000002df9400000)]
  0x00000181fe31f800 JavaThread "Unconstrained build operations Thread 77" [_thread_blocked, id=8216, stack(0x0000002df9400000,0x0000002df9500000)]
  0x00000181fe323000 JavaThread "Unconstrained build operations Thread 78" [_thread_blocked, id=20800, stack(0x0000002df9500000,0x0000002df9600000)]
  0x00000181fe31d800 JavaThread "Unconstrained build operations Thread 79" [_thread_blocked, id=25292, stack(0x0000002df9600000,0x0000002df9700000)]
  0x00000181fe329800 JavaThread "Unconstrained build operations Thread 80" [_thread_blocked, id=4792, stack(0x0000002df9700000,0x0000002df9800000)]
  0x00000181fe324000 JavaThread "Unconstrained build operations Thread 81" [_thread_blocked, id=14368, stack(0x0000002df9800000,0x0000002df9900000)]
  0x00000181fe32a800 JavaThread "Unconstrained build operations Thread 82" [_thread_blocked, id=15704, stack(0x0000002df9900000,0x0000002df9a00000)]
  0x00000181fe328000 JavaThread "Unconstrained build operations Thread 83" [_thread_blocked, id=9268, stack(0x0000002df9a00000,0x0000002df9b00000)]
  0x00000181fe327000 JavaThread "Unconstrained build operations Thread 84" [_thread_blocked, id=25444, stack(0x0000002df9b00000,0x0000002df9c00000)]
  0x00000181fe328800 JavaThread "Unconstrained build operations Thread 85" [_thread_blocked, id=17352, stack(0x0000002df9c00000,0x0000002df9d00000)]
  0x00000181fe324800 JavaThread "Unconstrained build operations Thread 86" [_thread_blocked, id=19272, stack(0x0000002df9d00000,0x0000002df9e00000)]
  0x00000181fe326800 JavaThread "Unconstrained build operations Thread 87" [_thread_blocked, id=19996, stack(0x0000002df9e00000,0x0000002df9f00000)]
  0x00000181fe32b000 JavaThread "Unconstrained build operations Thread 88" [_thread_blocked, id=6128, stack(0x0000002df9f00000,0x0000002dfa000000)]
  0x00000181fe325800 JavaThread "Unconstrained build operations Thread 89" [_thread_blocked, id=12556, stack(0x0000002dfa000000,0x0000002dfa100000)]
  0x00000181fab94000 JavaThread "Unconstrained build operations Thread 90" [_thread_blocked, id=20776, stack(0x0000002dfa100000,0x0000002dfa200000)]
  0x00000181fab90800 JavaThread "Unconstrained build operations Thread 91" [_thread_blocked, id=20056, stack(0x0000002dfa200000,0x0000002dfa300000)]
  0x00000181fab94800 JavaThread "Unconstrained build operations Thread 92" [_thread_blocked, id=4464, stack(0x0000002dfa300000,0x0000002dfa400000)]
  0x00000181fab93000 JavaThread "Unconstrained build operations Thread 93" [_thread_blocked, id=25156, stack(0x0000002dfa400000,0x0000002dfa500000)]
  0x00000181fab96800 JavaThread "Unconstrained build operations Thread 94" [_thread_blocked, id=14440, stack(0x0000002dfa500000,0x0000002dfa600000)]
  0x00000181fab95800 JavaThread "Unconstrained build operations Thread 95" [_thread_blocked, id=19328, stack(0x0000002dfa600000,0x0000002dfa700000)]
  0x00000181fab97000 JavaThread "Unconstrained build operations Thread 96" [_thread_blocked, id=24060, stack(0x0000002dfa700000,0x0000002dfa800000)]
  0x00000181fab91800 JavaThread "Unconstrained build operations Thread 97" [_thread_blocked, id=16232, stack(0x0000002dfa800000,0x0000002dfa900000)]
  0x00000181fab98000 JavaThread "Unconstrained build operations Thread 98" [_thread_blocked, id=19776, stack(0x0000002dfa900000,0x0000002dfaa00000)]
  0x00000181fab92000 JavaThread "Unconstrained build operations Thread 99" [_thread_blocked, id=21936, stack(0x0000002dfaa00000,0x0000002dfab00000)]
  0x00000181fab9c000 JavaThread "Unconstrained build operations Thread 100" [_thread_blocked, id=25480, stack(0x0000002dfab00000,0x0000002dfac00000)]
  0x00000181fab99800 JavaThread "Unconstrained build operations Thread 101" [_thread_blocked, id=18008, stack(0x0000002dfac00000,0x0000002dfad00000)]
  0x00000181fab9d800 JavaThread "Unconstrained build operations Thread 102" [_thread_blocked, id=21044, stack(0x0000002dfad00000,0x0000002dfae00000)]
  0x00000181fab9e800 JavaThread "Unconstrained build operations Thread 103" [_thread_blocked, id=19012, stack(0x0000002dfae00000,0x0000002dfaf00000)]
  0x00000181fab9d000 JavaThread "Unconstrained build operations Thread 104" [_thread_blocked, id=21736, stack(0x0000002dfaf00000,0x0000002dfb000000)]
  0x00000181fab9a800 JavaThread "Unconstrained build operations Thread 105" [_thread_blocked, id=9628, stack(0x0000002dfb000000,0x0000002dfb100000)]
  0x00000181fab99000 JavaThread "Unconstrained build operations Thread 106" [_thread_blocked, id=14504, stack(0x0000002dfb100000,0x0000002dfb200000)]
  0x00000181fab9f800 JavaThread "Unconstrained build operations Thread 107" [_thread_blocked, id=10512, stack(0x0000002dfb200000,0x0000002dfb300000)]
  0x00000181fab9b000 JavaThread "Unconstrained build operations Thread 108" [_thread_blocked, id=24788, stack(0x0000002dfb300000,0x0000002dfb400000)]
  0x00000181fcef9000 JavaThread "Unconstrained build operations Thread 109" [_thread_blocked, id=7876, stack(0x0000002dfb400000,0x0000002dfb500000)]
  0x00000181fcef9800 JavaThread "Unconstrained build operations Thread 110" [_thread_blocked, id=20436, stack(0x0000002dfb500000,0x0000002dfb600000)]
  0x00000181fcefb800 JavaThread "Unconstrained build operations Thread 111" [_thread_blocked, id=10056, stack(0x0000002dfb600000,0x0000002dfb700000)]
  0x00000181fcefc000 JavaThread "Unconstrained build operations Thread 112" [_thread_blocked, id=17468, stack(0x0000002dfb700000,0x0000002dfb800000)]
  0x00000181fcefa800 JavaThread "Unconstrained build operations Thread 113" [_thread_blocked, id=3628, stack(0x0000002dfb800000,0x0000002dfb900000)]
  0x00000181fcef7800 JavaThread "Unconstrained build operations Thread 114" [_thread_blocked, id=13876, stack(0x0000002dfb900000,0x0000002dfba00000)]
  0x00000181fcefd000 JavaThread "Unconstrained build operations Thread 115" [_thread_blocked, id=20900, stack(0x0000002dfba00000,0x0000002dfbb00000)]
  0x00000181fcefe000 JavaThread "Unconstrained build operations Thread 116" [_thread_blocked, id=22788, stack(0x0000002dfbb00000,0x0000002dfbc00000)]
  0x00000181fcef8000 JavaThread "Unconstrained build operations Thread 117" [_thread_blocked, id=21600, stack(0x0000002dfbc00000,0x0000002dfbd00000)]
  0x00000181fceff800 JavaThread "Unconstrained build operations Thread 118" [_thread_blocked, id=5264, stack(0x0000002dfbd00000,0x0000002dfbe00000)]
  0x00000181fcefe800 JavaThread "Unconstrained build operations Thread 119" [_thread_blocked, id=24164, stack(0x0000002dfbe00000,0x0000002dfbf00000)]
  0x00000181fcf04800 JavaThread "Unconstrained build operations Thread 120" [_thread_blocked, id=4316, stack(0x0000002dfbf00000,0x0000002dfc000000)]

Other Threads:
  0x00000181f3824000 VMThread "VM Thread" [stack: 0x0000002df0c00000,0x0000002df0d00000] [id=8396]
  0x00000181f3a15800 WatcherThread [stack: 0x0000002df1600000,0x0000002df1700000] [id=11248]
  0x00000181d86d8000 GCTaskThread "GC Thread#0" [stack: 0x0000002df0700000,0x0000002df0800000] [id=22404]
  0x00000181f4724000 GCTaskThread "GC Thread#1" [stack: 0x0000002df1800000,0x0000002df1900000] [id=8092]
  0x00000181f46d0000 GCTaskThread "GC Thread#2" [stack: 0x0000002df1900000,0x0000002df1a00000] [id=20844]
  0x00000181f44f8800 GCTaskThread "GC Thread#3" [stack: 0x0000002df1a00000,0x0000002df1b00000] [id=24092]
  0x00000181f48a2800 GCTaskThread "GC Thread#4" [stack: 0x0000002df1b00000,0x0000002df1c00000] [id=24024]
  0x00000181f3faa000 GCTaskThread "GC Thread#5" [stack: 0x0000002df1c00000,0x0000002df1d00000] [id=20408]
  0x00000181f68b5800 GCTaskThread "GC Thread#6" [stack: 0x0000002df2900000,0x0000002df2a00000] [id=13572]
  0x00000181f60bd000 GCTaskThread "GC Thread#7" [stack: 0x0000002df2a00000,0x0000002df2b00000] [id=7032]
  0x00000181f526d000 GCTaskThread "GC Thread#8" [stack: 0x0000002df2b00000,0x0000002df2c00000] [id=25548]
  0x00000181f526e000 GCTaskThread "GC Thread#9" [stack: 0x0000002df2c00000,0x0000002df2d00000] [id=8792]
  0x00000181d8712000 ConcurrentGCThread "G1 Main Marker" [stack: 0x0000002df0800000,0x0000002df0900000] [id=24488]
  0x00000181d8714800 ConcurrentGCThread "G1 Conc#0" [stack: 0x0000002df0900000,0x0000002df0a00000] [id=9708]
  0x00000181f6b46000 ConcurrentGCThread "G1 Conc#1" [stack: 0x0000002df2d00000,0x0000002df2e00000] [id=9016]
  0x00000181f61d9800 ConcurrentGCThread "G1 Conc#2" [stack: 0x0000002df2f00000,0x0000002df3000000] [id=11176]
  0x00000181d879e000 ConcurrentGCThread "G1 Refine#0" [stack: 0x0000002df0a00000,0x0000002df0b00000] [id=25088]
  0x00000181f6b46800 ConcurrentGCThread "G1 Refine#1" [stack: 0x0000002df2e00000,0x0000002df2f00000] [id=11040]
  0x00000181f2e6d800 ConcurrentGCThread "G1 Young RemSet Sampling" [stack: 0x0000002df0b00000,0x0000002df0c00000] [id=22088]

Threads with active compile tasks:
C2 CompilerThread1   6809 6144 %     4       groovyjarjarantlr4.v4.runtime.atn.PredictionContext::join @ 170 (569 bytes)
C2 CompilerThread2   6809 6133       4       groovyjarjarantlr4.v4.runtime.atn.PredictionContext::getCachedContext (297 bytes)

VM state:not at safepoint (normal execution)

VM Mutex/Monitor currently owned by a thread: None

Heap address: 0x0000000080000000, size: 2048 MB, Compressed Oops mode: 32-bit
Narrow klass base: 0x0000000000000000, Narrow klass shift: 3
Compressed class space size: 1073741824 Address: 0x0000000100000000

Heap:
 garbage-first heap   total 262144K, used 102493K [0x0000000080000000, 0x0000000100000000)
  region size 1024K, 32 young (32768K), 9 survivors (9216K)
 Metaspace       used 56832K, capacity 58519K, committed 58544K, reserved 1099776K
  class space    used 7311K, capacity 7924K, committed 7936K, reserved 1048576K
Heap Regions: E=young(eden), S=young(survivor), O=old, HS=humongous(starts), HC=humongous(continues), CS=collection set, F=free, A=archive, TAMS=top-at-mark-start (previous, next)
|   0|0x0000000080000000, 0x0000000080100000, 0x0000000080100000|100%| O|  |TAMS 0x0000000080100000, 0x0000000080000000| Untracked 
|   1|0x0000000080100000, 0x0000000080200000, 0x0000000080200000|100%| O|  |TAMS 0x0000000080200000, 0x0000000080100000| Untracked 
|   2|0x0000000080200000, 0x0000000080300000, 0x0000000080300000|100%| O|  |TAMS 0x0000000080300000, 0x0000000080200000| Untracked 
|   3|0x0000000080300000, 0x0000000080400000, 0x0000000080400000|100%|HS|  |TAMS 0x0000000080400000, 0x0000000080300000| Complete 
|   4|0x0000000080400000, 0x0000000080500000, 0x0000000080500000|100%|HC|  |TAMS 0x0000000080500000, 0x0000000080400000| Complete 
|   5|0x0000000080500000, 0x0000000080600000, 0x0000000080600000|100%|HC|  |TAMS 0x0000000080600000, 0x0000000080500000| Complete 
|   6|0x0000000080600000, 0x0000000080700000, 0x0000000080700000|100%| O|  |TAMS 0x0000000080700000, 0x0000000080600000| Untracked 
|   7|0x0000000080700000, 0x0000000080800000, 0x0000000080800000|100%| O|  |TAMS 0x0000000080800000, 0x0000000080700000| Untracked 
|   8|0x0000000080800000, 0x0000000080900000, 0x0000000080900000|100%| O|  |TAMS 0x0000000080900000, 0x0000000080800000| Untracked 
|   9|0x0000000080900000, 0x0000000080a00000, 0x0000000080a00000|100%| O|  |TAMS 0x0000000080a00000, 0x0000000080900000| Untracked 
|  10|0x0000000080a00000, 0x0000000080b00000, 0x0000000080b00000|100%| O|  |TAMS 0x0000000080b00000, 0x0000000080a00000| Untracked 
|  11|0x0000000080b00000, 0x0000000080c00000, 0x0000000080c00000|100%| O|  |TAMS 0x0000000080c00000, 0x0000000080b00000| Untracked 
|  12|0x0000000080c00000, 0x0000000080d00000, 0x0000000080d00000|100%| O|  |TAMS 0x0000000080d00000, 0x0000000080c00000| Untracked 
|  13|0x0000000080d00000, 0x0000000080e00000, 0x0000000080e00000|100%| O|  |TAMS 0x0000000080e00000, 0x0000000080d00000| Untracked 
|  14|0x0000000080e00000, 0x0000000080f00000, 0x0000000080f00000|100%| O|  |TAMS 0x0000000080f00000, 0x0000000080e00000| Untracked 
|  15|0x0000000080f00000, 0x0000000081000000, 0x0000000081000000|100%| O|  |TAMS 0x0000000081000000, 0x0000000080f00000| Untracked 
|  16|0x0000000081000000, 0x0000000081100000, 0x0000000081100000|100%| O|  |TAMS 0x0000000081033200, 0x0000000081000000| Untracked 
|  17|0x0000000081100000, 0x0000000081200000, 0x0000000081200000|100%|HS|  |TAMS 0x0000000081200000, 0x0000000081100000| Complete 
|  18|0x0000000081200000, 0x0000000081300000, 0x0000000081300000|100%|HC|  |TAMS 0x0000000081300000, 0x0000000081200000| Complete 
|  19|0x0000000081300000, 0x0000000081400000, 0x0000000081400000|100%|HS|  |TAMS 0x0000000081400000, 0x0000000081300000| Complete 
|  20|0x0000000081400000, 0x0000000081500000, 0x0000000081500000|100%|HC|  |TAMS 0x0000000081500000, 0x0000000081400000| Complete 
|  21|0x0000000081500000, 0x0000000081600000, 0x0000000081600000|100%|HC|  |TAMS 0x0000000081600000, 0x0000000081500000| Complete 
|  22|0x0000000081600000, 0x0000000081700000, 0x0000000081700000|100%|HS|  |TAMS 0x0000000081700000, 0x0000000081600000| Complete 
|  23|0x0000000081700000, 0x0000000081800000, 0x0000000081800000|100%|HC|  |TAMS 0x0000000081800000, 0x0000000081700000| Complete 
|  24|0x0000000081800000, 0x0000000081900000, 0x0000000081900000|100%|HC|  |TAMS 0x0000000081900000, 0x0000000081800000| Complete 
|  25|0x0000000081900000, 0x0000000081a00000, 0x0000000081a00000|100%|HS|  |TAMS 0x0000000081a00000, 0x0000000081900000| Complete 
|  26|0x0000000081a00000, 0x0000000081b00000, 0x0000000081b00000|100%|HC|  |TAMS 0x0000000081b00000, 0x0000000081a00000| Complete 
|  27|0x0000000081b00000, 0x0000000081c00000, 0x0000000081c00000|100%|HC|  |TAMS 0x0000000081c00000, 0x0000000081b00000| Complete 
|  28|0x0000000081c00000, 0x0000000081d00000, 0x0000000081d00000|100%|HC|  |TAMS 0x0000000081d00000, 0x0000000081c00000| Complete 
|  29|0x0000000081d00000, 0x0000000081e00000, 0x0000000081e00000|100%|HC|  |TAMS 0x0000000081e00000, 0x0000000081d00000| Complete 
|  30|0x0000000081e00000, 0x0000000081f00000, 0x0000000081f00000|100%|HS|  |TAMS 0x0000000081f00000, 0x0000000081e00000| Complete 
|  31|0x0000000081f00000, 0x0000000082000000, 0x0000000082000000|100%| O|  |TAMS 0x0000000081f00000, 0x0000000081f00000| Untracked 
|  32|0x0000000082000000, 0x0000000082100000, 0x0000000082100000|100%| O|  |TAMS 0x0000000082000000, 0x0000000082000000| Untracked 
|  33|0x0000000082100000, 0x0000000082200000, 0x0000000082200000|100%| O|  |TAMS 0x0000000082100000, 0x0000000082100000| Untracked 
|  34|0x0000000082200000, 0x0000000082300000, 0x0000000082300000|100%|HS|  |TAMS 0x0000000082200000, 0x0000000082200000| Complete 
|  35|0x0000000082300000, 0x0000000082400000, 0x0000000082400000|100%|HC|  |TAMS 0x0000000082300000, 0x0000000082300000| Complete 
|  36|0x0000000082400000, 0x0000000082500000, 0x0000000082500000|100%|HC|  |TAMS 0x0000000082400000, 0x0000000082400000| Complete 
|  37|0x0000000082500000, 0x0000000082600000, 0x0000000082600000|100%|HC|  |TAMS 0x0000000082500000, 0x0000000082500000| Complete 
|  38|0x0000000082600000, 0x0000000082700000, 0x0000000082700000|100%|HS|  |TAMS 0x0000000082600000, 0x0000000082600000| Complete 
|  39|0x0000000082700000, 0x0000000082800000, 0x0000000082800000|100%|HC|  |TAMS 0x0000000082700000, 0x0000000082700000| Complete 
|  40|0x0000000082800000, 0x0000000082900000, 0x0000000082900000|100%|HC|  |TAMS 0x0000000082800000, 0x0000000082800000| Complete 
|  41|0x0000000082900000, 0x0000000082a00000, 0x0000000082a00000|100%|HS|  |TAMS 0x0000000082900000, 0x0000000082900000| Complete 
|  42|0x0000000082a00000, 0x0000000082b00000, 0x0000000082b00000|100%|HC|  |TAMS 0x0000000082a00000, 0x0000000082a00000| Complete 
|  43|0x0000000082b00000, 0x0000000082c00000, 0x0000000082c00000|100%|HS|  |TAMS 0x0000000082b00000, 0x0000000082b00000| Complete 
|  44|0x0000000082c00000, 0x0000000082d00000, 0x0000000082d00000|100%|HC|  |TAMS 0x0000000082c00000, 0x0000000082c00000| Complete 
|  45|0x0000000082d00000, 0x0000000082e00000, 0x0000000082e00000|100%|HC|  |TAMS 0x0000000082d00000, 0x0000000082d00000| Complete 
|  46|0x0000000082e00000, 0x0000000082f00000, 0x0000000082f00000|100%|HS|  |TAMS 0x0000000082e00000, 0x0000000082e00000| Complete 
|  47|0x0000000082f00000, 0x0000000083000000, 0x0000000083000000|100%|HC|  |TAMS 0x0000000082f00000, 0x0000000082f00000| Complete 
|  48|0x0000000083000000, 0x0000000083100000, 0x0000000083100000|100%|HC|  |TAMS 0x0000000083000000, 0x0000000083000000| Complete 
|  49|0x0000000083100000, 0x0000000083200000, 0x0000000083200000|100%|HC|  |TAMS 0x0000000083100000, 0x0000000083100000| Complete 
|  50|0x0000000083200000, 0x0000000083300000, 0x0000000083300000|100%|HC|  |TAMS 0x0000000083200000, 0x0000000083200000| Complete 
|  51|0x0000000083300000, 0x0000000083400000, 0x0000000083400000|100%| O|  |TAMS 0x0000000083300000, 0x0000000083300000| Untracked 
|  52|0x0000000083400000, 0x0000000083500000, 0x0000000083500000|100%| O|  |TAMS 0x0000000083400000, 0x0000000083400000| Untracked 
|  53|0x0000000083500000, 0x0000000083600000, 0x0000000083600000|100%| O|  |TAMS 0x0000000083500000, 0x0000000083500000| Untracked 
|  54|0x0000000083600000, 0x0000000083700000, 0x0000000083700000|100%| O|  |TAMS 0x0000000083600000, 0x0000000083600000| Untracked 
|  55|0x0000000083700000, 0x0000000083800000, 0x0000000083800000|100%| O|  |TAMS 0x0000000083700000, 0x0000000083700000| Untracked 
|  56|0x0000000083800000, 0x0000000083900000, 0x0000000083900000|100%| O|  |TAMS 0x0000000083800000, 0x0000000083800000| Untracked 
|  57|0x0000000083900000, 0x0000000083a00000, 0x0000000083a00000|100%| O|  |TAMS 0x0000000083900000, 0x0000000083900000| Untracked 
|  58|0x0000000083a00000, 0x0000000083b00000, 0x0000000083b00000|100%| O|  |TAMS 0x0000000083a00000, 0x0000000083a00000| Untracked 
|  59|0x0000000083b00000, 0x0000000083c00000, 0x0000000083c00000|100%| O|  |TAMS 0x0000000083b00000, 0x0000000083b00000| Untracked 
|  60|0x0000000083c00000, 0x0000000083d00000, 0x0000000083d00000|100%| O|  |TAMS 0x0000000083c00000, 0x0000000083c00000| Untracked 
|  61|0x0000000083d00000, 0x0000000083e00000, 0x0000000083e00000|100%| O|  |TAMS 0x0000000083d00000, 0x0000000083d00000| Untracked 
|  62|0x0000000083e00000, 0x0000000083f00000, 0x0000000083f00000|100%| O|  |TAMS 0x0000000083e00000, 0x0000000083e00000| Untracked 
|  63|0x0000000083f00000, 0x0000000084000000, 0x0000000084000000|100%| O|  |TAMS 0x0000000083f00000, 0x0000000083f00000| Untracked 
|  64|0x0000000084000000, 0x0000000084100000, 0x0000000084100000|100%| O|  |TAMS 0x0000000084000000, 0x0000000084000000| Untracked 
|  65|0x0000000084100000, 0x0000000084200000, 0x0000000084200000|100%| O|  |TAMS 0x0000000084100000, 0x0000000084100000| Untracked 
|  66|0x0000000084200000, 0x0000000084300000, 0x0000000084300000|100%| O|  |TAMS 0x0000000084200000, 0x0000000084200000| Untracked 
|  67|0x0000000084300000, 0x00000000843de000, 0x0000000084400000| 86%| O|  |TAMS 0x0000000084300000, 0x0000000084300000| Untracked 
|  68|0x0000000084400000, 0x0000000084500000, 0x0000000084500000|100%|HS|  |TAMS 0x0000000084400000, 0x0000000084400000| Complete 
|  69|0x0000000084500000, 0x0000000084600000, 0x0000000084600000|100%|HS|  |TAMS 0x0000000084500000, 0x0000000084500000| Complete 
|  70|0x0000000084600000, 0x0000000084600000, 0x0000000084700000|  0%| F|  |TAMS 0x0000000084600000, 0x0000000084600000| Untracked 
|  71|0x0000000084700000, 0x0000000084700000, 0x0000000084800000|  0%| F|  |TAMS 0x0000000084700000, 0x0000000084700000| Untracked 
|  72|0x0000000084800000, 0x0000000084800000, 0x0000000084900000|  0%| F|  |TAMS 0x0000000084800000, 0x0000000084800000| Untracked 
|  73|0x0000000084900000, 0x0000000084900000, 0x0000000084a00000|  0%| F|  |TAMS 0x0000000084900000, 0x0000000084900000| Untracked 
|  74|0x0000000084a00000, 0x0000000084a00000, 0x0000000084b00000|  0%| F|  |TAMS 0x0000000084a00000, 0x0000000084a00000| Untracked 
|  75|0x0000000084b00000, 0x0000000084b00000, 0x0000000084c00000|  0%| F|  |TAMS 0x0000000084b00000, 0x0000000084b00000| Untracked 
|  76|0x0000000084c00000, 0x0000000084c00000, 0x0000000084d00000|  0%| F|  |TAMS 0x0000000084c00000, 0x0000000084c00000| Untracked 
|  77|0x0000000084d00000, 0x0000000084d00000, 0x0000000084e00000|  0%| F|  |TAMS 0x0000000084d00000, 0x0000000084d00000| Untracked 
|  78|0x0000000084e00000, 0x0000000084e00000, 0x0000000084f00000|  0%| F|  |TAMS 0x0000000084e00000, 0x0000000084e00000| Untracked 
|  79|0x0000000084f00000, 0x0000000084f00000, 0x0000000085000000|  0%| F|  |TAMS 0x0000000084f00000, 0x0000000084f00000| Untracked 
|  80|0x0000000085000000, 0x0000000085000000, 0x0000000085100000|  0%| F|  |TAMS 0x0000000085000000, 0x0000000085000000| Untracked 
|  81|0x0000000085100000, 0x0000000085100000, 0x0000000085200000|  0%| F|  |TAMS 0x0000000085100000, 0x0000000085100000| Untracked 
|  82|0x0000000085200000, 0x0000000085200000, 0x0000000085300000|  0%| F|  |TAMS 0x0000000085200000, 0x0000000085200000| Untracked 
|  83|0x0000000085300000, 0x0000000085300000, 0x0000000085400000|  0%| F|  |TAMS 0x0000000085300000, 0x0000000085300000| Untracked 
|  84|0x0000000085400000, 0x0000000085400000, 0x0000000085500000|  0%| F|  |TAMS 0x0000000085400000, 0x0000000085400000| Untracked 
|  85|0x0000000085500000, 0x0000000085500000, 0x0000000085600000|  0%| F|  |TAMS 0x0000000085500000, 0x0000000085500000| Untracked 
|  86|0x0000000085600000, 0x0000000085600000, 0x0000000085700000|  0%| F|  |TAMS 0x0000000085600000, 0x0000000085600000| Untracked 
|  87|0x0000000085700000, 0x0000000085700000, 0x0000000085800000|  0%| F|  |TAMS 0x0000000085700000, 0x0000000085700000| Untracked 
|  88|0x0000000085800000, 0x0000000085800000, 0x0000000085900000|  0%| F|  |TAMS 0x0000000085800000, 0x0000000085800000| Untracked 
|  89|0x0000000085900000, 0x0000000085900000, 0x0000000085a00000|  0%| F|  |TAMS 0x0000000085900000, 0x0000000085900000| Untracked 
|  90|0x0000000085a00000, 0x0000000085a00000, 0x0000000085b00000|  0%| F|  |TAMS 0x0000000085a00000, 0x0000000085a00000| Untracked 
|  91|0x0000000085b00000, 0x0000000085b00000, 0x0000000085c00000|  0%| F|  |TAMS 0x0000000085b00000, 0x0000000085b00000| Untracked 
|  92|0x0000000085c00000, 0x0000000085c00000, 0x0000000085d00000|  0%| F|  |TAMS 0x0000000085c00000, 0x0000000085c00000| Untracked 
|  93|0x0000000085d00000, 0x0000000085d00000, 0x0000000085e00000|  0%| F|  |TAMS 0x0000000085d00000, 0x0000000085d00000| Untracked 
|  94|0x0000000085e00000, 0x0000000085e00000, 0x0000000085f00000|  0%| F|  |TAMS 0x0000000085e00000, 0x0000000085e00000| Untracked 
|  95|0x0000000085f00000, 0x0000000085f00000, 0x0000000086000000|  0%| F|  |TAMS 0x0000000085f00000, 0x0000000085f00000| Untracked 
|  96|0x0000000086000000, 0x0000000086000000, 0x0000000086100000|  0%| F|  |TAMS 0x0000000086000000, 0x0000000086000000| Untracked 
|  97|0x0000000086100000, 0x0000000086100000, 0x0000000086200000|  0%| F|  |TAMS 0x0000000086100000, 0x0000000086100000| Untracked 
|  98|0x0000000086200000, 0x0000000086200000, 0x0000000086300000|  0%| F|  |TAMS 0x0000000086200000, 0x0000000086200000| Untracked 
|  99|0x0000000086300000, 0x0000000086300000, 0x0000000086400000|  0%| F|  |TAMS 0x0000000086300000, 0x0000000086300000| Untracked 
| 100|0x0000000086400000, 0x0000000086400000, 0x0000000086500000|  0%| F|  |TAMS 0x0000000086400000, 0x0000000086400000| Untracked 
| 101|0x0000000086500000, 0x0000000086500000, 0x0000000086600000|  0%| F|  |TAMS 0x0000000086500000, 0x0000000086500000| Untracked 
| 102|0x0000000086600000, 0x0000000086600000, 0x0000000086700000|  0%| F|  |TAMS 0x0000000086600000, 0x0000000086600000| Untracked 
| 103|0x0000000086700000, 0x0000000086700000, 0x0000000086800000|  0%| F|  |TAMS 0x0000000086700000, 0x0000000086700000| Untracked 
| 104|0x0000000086800000, 0x0000000086800000, 0x0000000086900000|  0%| F|  |TAMS 0x0000000086800000, 0x0000000086800000| Untracked 
| 105|0x0000000086900000, 0x0000000086900000, 0x0000000086a00000|  0%| F|  |TAMS 0x0000000086900000, 0x0000000086900000| Untracked 
| 106|0x0000000086a00000, 0x0000000086a00000, 0x0000000086b00000|  0%| F|  |TAMS 0x0000000086a00000, 0x0000000086a00000| Untracked 
| 107|0x0000000086b00000, 0x0000000086b00000, 0x0000000086c00000|  0%| F|  |TAMS 0x0000000086b00000, 0x0000000086b00000| Untracked 
| 108|0x0000000086c00000, 0x0000000086c00000, 0x0000000086d00000|  0%| F|  |TAMS 0x0000000086c00000, 0x0000000086c00000| Untracked 
| 109|0x0000000086d00000, 0x0000000086d00000, 0x0000000086e00000|  0%| F|  |TAMS 0x0000000086d00000, 0x0000000086d00000| Untracked 
| 110|0x0000000086e00000, 0x0000000086e00000, 0x0000000086f00000|  0%| F|  |TAMS 0x0000000086e00000, 0x0000000086e00000| Untracked 
| 111|0x0000000086f00000, 0x0000000086f00000, 0x0000000087000000|  0%| F|  |TAMS 0x0000000086f00000, 0x0000000086f00000| Untracked 
| 112|0x0000000087000000, 0x0000000087000000, 0x0000000087100000|  0%| F|  |TAMS 0x0000000087000000, 0x0000000087000000| Untracked 
| 113|0x0000000087100000, 0x0000000087100000, 0x0000000087200000|  0%| F|  |TAMS 0x0000000087100000, 0x0000000087100000| Untracked 
| 114|0x0000000087200000, 0x0000000087200000, 0x0000000087300000|  0%| F|  |TAMS 0x0000000087200000, 0x0000000087200000| Untracked 
| 115|0x0000000087300000, 0x0000000087300000, 0x0000000087400000|  0%| F|  |TAMS 0x0000000087300000, 0x0000000087300000| Untracked 
| 116|0x0000000087400000, 0x0000000087400000, 0x0000000087500000|  0%| F|  |TAMS 0x0000000087400000, 0x0000000087400000| Untracked 
| 117|0x0000000087500000, 0x0000000087500000, 0x0000000087600000|  0%| F|  |TAMS 0x0000000087500000, 0x0000000087500000| Untracked 
| 118|0x0000000087600000, 0x0000000087600000, 0x0000000087700000|  0%| F|  |TAMS 0x0000000087600000, 0x0000000087600000| Untracked 
| 119|0x0000000087700000, 0x0000000087700000, 0x0000000087800000|  0%| F|  |TAMS 0x0000000087700000, 0x0000000087700000| Untracked 
| 120|0x0000000087800000, 0x0000000087839570, 0x0000000087900000| 22%| S|CS|TAMS 0x0000000087800000, 0x0000000087800000| Complete 
| 121|0x0000000087900000, 0x0000000087a00000, 0x0000000087a00000|100%| S|CS|TAMS 0x0000000087900000, 0x0000000087900000| Complete 
| 122|0x0000000087a00000, 0x0000000087b00000, 0x0000000087b00000|100%| S|CS|TAMS 0x0000000087a00000, 0x0000000087a00000| Complete 
| 123|0x0000000087b00000, 0x0000000087c00000, 0x0000000087c00000|100%| S|CS|TAMS 0x0000000087b00000, 0x0000000087b00000| Complete 
| 124|0x0000000087c00000, 0x0000000087d00000, 0x0000000087d00000|100%| S|CS|TAMS 0x0000000087c00000, 0x0000000087c00000| Complete 
| 125|0x0000000087d00000, 0x0000000087e00000, 0x0000000087e00000|100%| S|CS|TAMS 0x0000000087d00000, 0x0000000087d00000| Complete 
| 126|0x0000000087e00000, 0x0000000087f00000, 0x0000000087f00000|100%| S|CS|TAMS 0x0000000087e00000, 0x0000000087e00000| Complete 
| 127|0x0000000087f00000, 0x0000000088000000, 0x0000000088000000|100%| S|CS|TAMS 0x0000000087f00000, 0x0000000087f00000| Complete 
| 128|0x0000000088000000, 0x0000000088100000, 0x0000000088100000|100%| S|CS|TAMS 0x0000000088000000, 0x0000000088000000| Complete 
| 129|0x0000000088100000, 0x0000000088100000, 0x0000000088200000|  0%| F|  |TAMS 0x0000000088100000, 0x0000000088100000| Untracked 
| 130|0x0000000088200000, 0x0000000088200000, 0x0000000088300000|  0%| F|  |TAMS 0x0000000088200000, 0x0000000088200000| Untracked 
| 131|0x0000000088300000, 0x0000000088300000, 0x0000000088400000|  0%| F|  |TAMS 0x0000000088300000, 0x0000000088300000| Untracked 
| 132|0x0000000088400000, 0x0000000088400000, 0x0000000088500000|  0%| F|  |TAMS 0x0000000088400000, 0x0000000088400000| Untracked 
| 133|0x0000000088500000, 0x0000000088500000, 0x0000000088600000|  0%| F|  |TAMS 0x0000000088500000, 0x0000000088500000| Untracked 
| 134|0x0000000088600000, 0x0000000088600000, 0x0000000088700000|  0%| F|  |TAMS 0x0000000088600000, 0x0000000088600000| Untracked 
| 135|0x0000000088700000, 0x0000000088700000, 0x0000000088800000|  0%| F|  |TAMS 0x0000000088700000, 0x0000000088700000| Untracked 
| 136|0x0000000088800000, 0x0000000088800000, 0x0000000088900000|  0%| F|  |TAMS 0x0000000088800000, 0x0000000088800000| Untracked 
| 137|0x0000000088900000, 0x0000000088900000, 0x0000000088a00000|  0%| F|  |TAMS 0x0000000088900000, 0x0000000088900000| Untracked 
| 138|0x0000000088a00000, 0x0000000088a00000, 0x0000000088b00000|  0%| F|  |TAMS 0x0000000088a00000, 0x0000000088a00000| Untracked 
| 139|0x0000000088b00000, 0x0000000088b00000, 0x0000000088c00000|  0%| F|  |TAMS 0x0000000088b00000, 0x0000000088b00000| Untracked 
| 140|0x0000000088c00000, 0x0000000088c00000, 0x0000000088d00000|  0%| F|  |TAMS 0x0000000088c00000, 0x0000000088c00000| Untracked 
| 141|0x0000000088d00000, 0x0000000088d00000, 0x0000000088e00000|  0%| F|  |TAMS 0x0000000088d00000, 0x0000000088d00000| Untracked 
| 142|0x0000000088e00000, 0x0000000088e00000, 0x0000000088f00000|  0%| F|  |TAMS 0x0000000088e00000, 0x0000000088e00000| Untracked 
| 143|0x0000000088f00000, 0x0000000088f00000, 0x0000000089000000|  0%| F|  |TAMS 0x0000000088f00000, 0x0000000088f00000| Untracked 
| 144|0x0000000089000000, 0x0000000089000000, 0x0000000089100000|  0%| F|  |TAMS 0x0000000089000000, 0x0000000089000000| Untracked 
| 145|0x0000000089100000, 0x0000000089100000, 0x0000000089200000|  0%| F|  |TAMS 0x0000000089100000, 0x0000000089100000| Untracked 
| 146|0x0000000089200000, 0x0000000089200000, 0x0000000089300000|  0%| F|  |TAMS 0x0000000089200000, 0x0000000089200000| Untracked 
| 147|0x0000000089300000, 0x0000000089300000, 0x0000000089400000|  0%| F|  |TAMS 0x0000000089300000, 0x0000000089300000| Untracked 
| 148|0x0000000089400000, 0x0000000089400000, 0x0000000089500000|  0%| F|  |TAMS 0x0000000089400000, 0x0000000089400000| Untracked 
| 149|0x0000000089500000, 0x0000000089500000, 0x0000000089600000|  0%| F|  |TAMS 0x0000000089500000, 0x0000000089500000| Untracked 
| 150|0x0000000089600000, 0x0000000089600000, 0x0000000089700000|  0%| F|  |TAMS 0x0000000089600000, 0x0000000089600000| Untracked 
| 151|0x0000000089700000, 0x0000000089700000, 0x0000000089800000|  0%| F|  |TAMS 0x0000000089700000, 0x0000000089700000| Untracked 
| 152|0x0000000089800000, 0x0000000089800000, 0x0000000089900000|  0%| F|  |TAMS 0x0000000089800000, 0x0000000089800000| Untracked 
| 153|0x0000000089900000, 0x0000000089900000, 0x0000000089a00000|  0%| F|  |TAMS 0x0000000089900000, 0x0000000089900000| Untracked 
| 154|0x0000000089a00000, 0x0000000089a00000, 0x0000000089b00000|  0%| F|  |TAMS 0x0000000089a00000, 0x0000000089a00000| Untracked 
| 155|0x0000000089b00000, 0x0000000089b00000, 0x0000000089c00000|  0%| F|  |TAMS 0x0000000089b00000, 0x0000000089b00000| Untracked 
| 156|0x0000000089c00000, 0x0000000089c00000, 0x0000000089d00000|  0%| F|  |TAMS 0x0000000089c00000, 0x0000000089c00000| Untracked 
| 157|0x0000000089d00000, 0x0000000089d00000, 0x0000000089e00000|  0%| F|  |TAMS 0x0000000089d00000, 0x0000000089d00000| Untracked 
| 158|0x0000000089e00000, 0x0000000089e00000, 0x0000000089f00000|  0%| F|  |TAMS 0x0000000089e00000, 0x0000000089e00000| Untracked 
| 159|0x0000000089f00000, 0x0000000089f00000, 0x000000008a000000|  0%| F|  |TAMS 0x0000000089f00000, 0x0000000089f00000| Untracked 
| 160|0x000000008a000000, 0x000000008a000000, 0x000000008a100000|  0%| F|  |TAMS 0x000000008a000000, 0x000000008a000000| Untracked 
| 161|0x000000008a100000, 0x000000008a100000, 0x000000008a200000|  0%| F|  |TAMS 0x000000008a100000, 0x000000008a100000| Untracked 
| 162|0x000000008a200000, 0x000000008a200000, 0x000000008a300000|  0%| F|  |TAMS 0x000000008a200000, 0x000000008a200000| Untracked 
| 163|0x000000008a300000, 0x000000008a300000, 0x000000008a400000|  0%| F|  |TAMS 0x000000008a300000, 0x000000008a300000| Untracked 
| 164|0x000000008a400000, 0x000000008a400000, 0x000000008a500000|  0%| F|  |TAMS 0x000000008a400000, 0x000000008a400000| Untracked 
| 165|0x000000008a500000, 0x000000008a500000, 0x000000008a600000|  0%| F|  |TAMS 0x000000008a500000, 0x000000008a500000| Untracked 
| 166|0x000000008a600000, 0x000000008a600000, 0x000000008a700000|  0%| F|  |TAMS 0x000000008a600000, 0x000000008a600000| Untracked 
| 167|0x000000008a700000, 0x000000008a700000, 0x000000008a800000|  0%| F|  |TAMS 0x000000008a700000, 0x000000008a700000| Untracked 
| 168|0x000000008a800000, 0x000000008a800000, 0x000000008a900000|  0%| F|  |TAMS 0x000000008a800000, 0x000000008a800000| Untracked 
| 169|0x000000008a900000, 0x000000008a900000, 0x000000008aa00000|  0%| F|  |TAMS 0x000000008a900000, 0x000000008a900000| Untracked 
| 170|0x000000008aa00000, 0x000000008aa00000, 0x000000008ab00000|  0%| F|  |TAMS 0x000000008aa00000, 0x000000008aa00000| Untracked 
| 171|0x000000008ab00000, 0x000000008ab00000, 0x000000008ac00000|  0%| F|  |TAMS 0x000000008ab00000, 0x000000008ab00000| Untracked 
| 172|0x000000008ac00000, 0x000000008ac00000, 0x000000008ad00000|  0%| F|  |TAMS 0x000000008ac00000, 0x000000008ac00000| Untracked 
| 173|0x000000008ad00000, 0x000000008ad00000, 0x000000008ae00000|  0%| F|  |TAMS 0x000000008ad00000, 0x000000008ad00000| Untracked 
| 174|0x000000008ae00000, 0x000000008ae00000, 0x000000008af00000|  0%| F|  |TAMS 0x000000008ae00000, 0x000000008ae00000| Untracked 
| 175|0x000000008af00000, 0x000000008af00000, 0x000000008b000000|  0%| F|  |TAMS 0x000000008af00000, 0x000000008af00000| Untracked 
| 176|0x000000008b000000, 0x000000008b000000, 0x000000008b100000|  0%| F|  |TAMS 0x000000008b000000, 0x000000008b000000| Untracked 
| 177|0x000000008b100000, 0x000000008b100000, 0x000000008b200000|  0%| F|  |TAMS 0x000000008b100000, 0x000000008b100000| Untracked 
| 178|0x000000008b200000, 0x000000008b200000, 0x000000008b300000|  0%| F|  |TAMS 0x000000008b200000, 0x000000008b200000| Untracked 
| 179|0x000000008b300000, 0x000000008b300000, 0x000000008b400000|  0%| F|  |TAMS 0x000000008b300000, 0x000000008b300000| Untracked 
| 180|0x000000008b400000, 0x000000008b400000, 0x000000008b500000|  0%| F|  |TAMS 0x000000008b400000, 0x000000008b400000| Untracked 
| 181|0x000000008b500000, 0x000000008b500000, 0x000000008b600000|  0%| F|  |TAMS 0x000000008b500000, 0x000000008b500000| Untracked 
| 182|0x000000008b600000, 0x000000008b600000, 0x000000008b700000|  0%| F|  |TAMS 0x000000008b600000, 0x000000008b600000| Untracked 
| 183|0x000000008b700000, 0x000000008b700000, 0x000000008b800000|  0%| F|  |TAMS 0x000000008b700000, 0x000000008b700000| Untracked 
| 184|0x000000008b800000, 0x000000008b800000, 0x000000008b900000|  0%| F|  |TAMS 0x000000008b800000, 0x000000008b800000| Untracked 
| 185|0x000000008b900000, 0x000000008b900000, 0x000000008ba00000|  0%| F|  |TAMS 0x000000008b900000, 0x000000008b900000| Untracked 
| 186|0x000000008ba00000, 0x000000008ba00000, 0x000000008bb00000|  0%| F|  |TAMS 0x000000008ba00000, 0x000000008ba00000| Untracked 
| 187|0x000000008bb00000, 0x000000008bb00000, 0x000000008bc00000|  0%| F|  |TAMS 0x000000008bb00000, 0x000000008bb00000| Untracked 
| 188|0x000000008bc00000, 0x000000008bc00000, 0x000000008bd00000|  0%| F|  |TAMS 0x000000008bc00000, 0x000000008bc00000| Untracked 
| 189|0x000000008bd00000, 0x000000008bd00000, 0x000000008be00000|  0%| F|  |TAMS 0x000000008bd00000, 0x000000008bd00000| Untracked 
| 190|0x000000008be00000, 0x000000008be00000, 0x000000008bf00000|  0%| F|  |TAMS 0x000000008be00000, 0x000000008be00000| Untracked 
| 191|0x000000008bf00000, 0x000000008bf00000, 0x000000008c000000|  0%| F|  |TAMS 0x000000008bf00000, 0x000000008bf00000| Untracked 
| 192|0x000000008c000000, 0x000000008c000000, 0x000000008c100000|  0%| F|  |TAMS 0x000000008c000000, 0x000000008c000000| Untracked 
| 193|0x000000008c100000, 0x000000008c100000, 0x000000008c200000|  0%| F|  |TAMS 0x000000008c100000, 0x000000008c100000| Untracked 
| 194|0x000000008c200000, 0x000000008c200000, 0x000000008c300000|  0%| F|  |TAMS 0x000000008c200000, 0x000000008c200000| Untracked 
| 195|0x000000008c300000, 0x000000008c300000, 0x000000008c400000|  0%| F|  |TAMS 0x000000008c300000, 0x000000008c300000| Untracked 
| 196|0x000000008c400000, 0x000000008c400000, 0x000000008c500000|  0%| F|  |TAMS 0x000000008c400000, 0x000000008c400000| Untracked 
| 197|0x000000008c500000, 0x000000008c500000, 0x000000008c600000|  0%| F|  |TAMS 0x000000008c500000, 0x000000008c500000| Untracked 
| 198|0x000000008c600000, 0x000000008c600000, 0x000000008c700000|  0%| F|  |TAMS 0x000000008c600000, 0x000000008c600000| Untracked 
| 199|0x000000008c700000, 0x000000008c700000, 0x000000008c800000|  0%| F|  |TAMS 0x000000008c700000, 0x000000008c700000| Untracked 
| 200|0x000000008c800000, 0x000000008c800000, 0x000000008c900000|  0%| F|  |TAMS 0x000000008c800000, 0x000000008c800000| Untracked 
| 201|0x000000008c900000, 0x000000008c900000, 0x000000008ca00000|  0%| F|  |TAMS 0x000000008c900000, 0x000000008c900000| Untracked 
| 202|0x000000008ca00000, 0x000000008ca00000, 0x000000008cb00000|  0%| F|  |TAMS 0x000000008ca00000, 0x000000008ca00000| Untracked 
| 203|0x000000008cb00000, 0x000000008cb00000, 0x000000008cc00000|  0%| F|  |TAMS 0x000000008cb00000, 0x000000008cb00000| Untracked 
| 204|0x000000008cc00000, 0x000000008cc00000, 0x000000008cd00000|  0%| F|  |TAMS 0x000000008cc00000, 0x000000008cc00000| Untracked 
| 205|0x000000008cd00000, 0x000000008cd00000, 0x000000008ce00000|  0%| F|  |TAMS 0x000000008cd00000, 0x000000008cd00000| Untracked 
| 206|0x000000008ce00000, 0x000000008ce00000, 0x000000008cf00000|  0%| F|  |TAMS 0x000000008ce00000, 0x000000008ce00000| Untracked 
| 207|0x000000008cf00000, 0x000000008cf00000, 0x000000008d000000|  0%| F|  |TAMS 0x000000008cf00000, 0x000000008cf00000| Untracked 
| 208|0x000000008d000000, 0x000000008d000000, 0x000000008d100000|  0%| F|  |TAMS 0x000000008d000000, 0x000000008d000000| Untracked 
| 209|0x000000008d100000, 0x000000008d100000, 0x000000008d200000|  0%| F|  |TAMS 0x000000008d100000, 0x000000008d100000| Untracked 
| 210|0x000000008d200000, 0x000000008d200000, 0x000000008d300000|  0%| F|  |TAMS 0x000000008d200000, 0x000000008d200000| Untracked 
| 211|0x000000008d300000, 0x000000008d300000, 0x000000008d400000|  0%| F|  |TAMS 0x000000008d300000, 0x000000008d300000| Untracked 
| 212|0x000000008d400000, 0x000000008d400000, 0x000000008d500000|  0%| F|  |TAMS 0x000000008d400000, 0x000000008d400000| Untracked 
| 213|0x000000008d500000, 0x000000008d500000, 0x000000008d600000|  0%| F|  |TAMS 0x000000008d500000, 0x000000008d500000| Untracked 
| 214|0x000000008d600000, 0x000000008d600000, 0x000000008d700000|  0%| F|  |TAMS 0x000000008d600000, 0x000000008d600000| Untracked 
| 215|0x000000008d700000, 0x000000008d700000, 0x000000008d800000|  0%| F|  |TAMS 0x000000008d700000, 0x000000008d700000| Untracked 
| 216|0x000000008d800000, 0x000000008d800000, 0x000000008d900000|  0%| F|  |TAMS 0x000000008d800000, 0x000000008d800000| Untracked 
| 217|0x000000008d900000, 0x000000008d900000, 0x000000008da00000|  0%| F|  |TAMS 0x000000008d900000, 0x000000008d900000| Untracked 
| 218|0x000000008da00000, 0x000000008da00000, 0x000000008db00000|  0%| F|  |TAMS 0x000000008da00000, 0x000000008da00000| Untracked 
| 219|0x000000008db00000, 0x000000008db00000, 0x000000008dc00000|  0%| F|  |TAMS 0x000000008db00000, 0x000000008db00000| Untracked 
| 220|0x000000008dc00000, 0x000000008dc00000, 0x000000008dd00000|  0%| F|  |TAMS 0x000000008dc00000, 0x000000008dc00000| Untracked 
| 221|0x000000008dd00000, 0x000000008dd00000, 0x000000008de00000|  0%| F|  |TAMS 0x000000008dd00000, 0x000000008dd00000| Untracked 
| 222|0x000000008de00000, 0x000000008de00000, 0x000000008df00000|  0%| F|  |TAMS 0x000000008de00000, 0x000000008de00000| Untracked 
| 223|0x000000008df00000, 0x000000008df00000, 0x000000008e000000|  0%| F|  |TAMS 0x000000008df00000, 0x000000008df00000| Untracked 
| 224|0x000000008e000000, 0x000000008e000000, 0x000000008e100000|  0%| F|  |TAMS 0x000000008e000000, 0x000000008e000000| Untracked 
| 225|0x000000008e100000, 0x000000008e100000, 0x000000008e200000|  0%| F|  |TAMS 0x000000008e100000, 0x000000008e100000| Untracked 
| 226|0x000000008e200000, 0x000000008e200000, 0x000000008e300000|  0%| F|  |TAMS 0x000000008e200000, 0x000000008e200000| Untracked 
| 227|0x000000008e300000, 0x000000008e300000, 0x000000008e400000|  0%| F|  |TAMS 0x000000008e300000, 0x000000008e300000| Untracked 
| 228|0x000000008e400000, 0x000000008e400000, 0x000000008e500000|  0%| F|  |TAMS 0x000000008e400000, 0x000000008e400000| Untracked 
| 229|0x000000008e500000, 0x000000008e500000, 0x000000008e600000|  0%| F|  |TAMS 0x000000008e500000, 0x000000008e500000| Untracked 
| 230|0x000000008e600000, 0x000000008e600000, 0x000000008e700000|  0%| F|  |TAMS 0x000000008e600000, 0x000000008e600000| Untracked 
| 231|0x000000008e700000, 0x000000008e700000, 0x000000008e800000|  0%| F|  |TAMS 0x000000008e700000, 0x000000008e700000| Untracked 
| 232|0x000000008e800000, 0x000000008e800000, 0x000000008e900000|  0%| F|  |TAMS 0x000000008e800000, 0x000000008e800000| Untracked 
| 233|0x000000008e900000, 0x000000008e980800, 0x000000008ea00000| 50%| E|  |TAMS 0x000000008e900000, 0x000000008e900000| Complete 
| 234|0x000000008ea00000, 0x000000008eb00000, 0x000000008eb00000|100%| E|CS|TAMS 0x000000008ea00000, 0x000000008ea00000| Complete 
| 235|0x000000008eb00000, 0x000000008ec00000, 0x000000008ec00000|100%| E|CS|TAMS 0x000000008eb00000, 0x000000008eb00000| Complete 
| 236|0x000000008ec00000, 0x000000008ed00000, 0x000000008ed00000|100%| E|CS|TAMS 0x000000008ec00000, 0x000000008ec00000| Complete 
| 237|0x000000008ed00000, 0x000000008ee00000, 0x000000008ee00000|100%| E|CS|TAMS 0x000000008ed00000, 0x000000008ed00000| Complete 
| 238|0x000000008ee00000, 0x000000008ef00000, 0x000000008ef00000|100%| E|CS|TAMS 0x000000008ee00000, 0x000000008ee00000| Complete 
| 239|0x000000008ef00000, 0x000000008f000000, 0x000000008f000000|100%| E|CS|TAMS 0x000000008ef00000, 0x000000008ef00000| Complete 
| 240|0x000000008f000000, 0x000000008f100000, 0x000000008f100000|100%| E|CS|TAMS 0x000000008f000000, 0x000000008f000000| Complete 
| 241|0x000000008f100000, 0x000000008f200000, 0x000000008f200000|100%| E|CS|TAMS 0x000000008f100000, 0x000000008f100000| Complete 
| 242|0x000000008f200000, 0x000000008f300000, 0x000000008f300000|100%| E|CS|TAMS 0x000000008f200000, 0x000000008f200000| Complete 
| 243|0x000000008f300000, 0x000000008f400000, 0x000000008f400000|100%| E|CS|TAMS 0x000000008f300000, 0x000000008f300000| Complete 
| 244|0x000000008f400000, 0x000000008f500000, 0x000000008f500000|100%| E|CS|TAMS 0x000000008f400000, 0x000000008f400000| Complete 
| 245|0x000000008f500000, 0x000000008f600000, 0x000000008f600000|100%| E|CS|TAMS 0x000000008f500000, 0x000000008f500000| Complete 
| 246|0x000000008f600000, 0x000000008f700000, 0x000000008f700000|100%| E|CS|TAMS 0x000000008f600000, 0x000000008f600000| Complete 
| 247|0x000000008f700000, 0x000000008f800000, 0x000000008f800000|100%| E|CS|TAMS 0x000000008f700000, 0x000000008f700000| Complete 
| 248|0x000000008f800000, 0x000000008f900000, 0x000000008f900000|100%| E|CS|TAMS 0x000000008f800000, 0x000000008f800000| Complete 
| 249|0x000000008f900000, 0x000000008fa00000, 0x000000008fa00000|100%| E|CS|TAMS 0x000000008f900000, 0x000000008f900000| Complete 
| 250|0x000000008fa00000, 0x000000008fb00000, 0x000000008fb00000|100%| E|CS|TAMS 0x000000008fa00000, 0x000000008fa00000| Complete 
| 251|0x000000008fb00000, 0x000000008fc00000, 0x000000008fc00000|100%| E|CS|TAMS 0x000000008fb00000, 0x000000008fb00000| Complete 
| 252|0x000000008fc00000, 0x000000008fd00000, 0x000000008fd00000|100%| E|CS|TAMS 0x000000008fc00000, 0x000000008fc00000| Complete 
| 253|0x000000008fd00000, 0x000000008fe00000, 0x000000008fe00000|100%| E|CS|TAMS 0x000000008fd00000, 0x000000008fd00000| Complete 
| 254|0x000000008fe00000, 0x000000008ff00000, 0x000000008ff00000|100%| E|CS|TAMS 0x000000008fe00000, 0x000000008fe00000| Complete 
| 255|0x000000008ff00000, 0x0000000090000000, 0x0000000090000000|100%| E|CS|TAMS 0x000000008ff00000, 0x000000008ff00000| Complete 

Card table byte_map: [0x00000181ebb40000,0x00000181ebf40000] _byte_map_base: 0x00000181eb740000

Marking Bits (Prev, Next): (CMBitMap*) 0x00000181d8709128, (CMBitMap*) 0x00000181d8709160
 Prev Bits: [0x00000181ec340000, 0x00000181ee340000)
 Next Bits: [0x00000181ee340000, 0x00000181f0340000)

Polling page: 0x00000181d6550000

Metaspace:

Usage:
  Non-class:     49.41 MB capacity,    48.37 MB ( 98%) used,   899.98 KB (  2%) free+waste,   167.06 KB ( <1%) overhead. 
      Class:      7.74 MB capacity,     7.14 MB ( 92%) used,   532.26 KB (  7%) free+waste,    80.44 KB (  1%) overhead. 
       Both:     57.15 MB capacity,    55.51 MB ( 97%) used,     1.40 MB (  2%) free+waste,   247.50 KB ( <1%) overhead. 

Virtual space:
  Non-class space:       50.00 MB reserved,      49.42 MB ( 99%) committed 
      Class space:        1.00 GB reserved,       7.75 MB ( <1%) committed 
             Both:        1.05 GB reserved,      57.17 MB (  5%) committed 

Chunk freelists:
   Non-Class:  13.00 KB
       Class:  12.00 KB
        Both:  25.00 KB

MaxMetaspaceSize: 17179869184.00 GB
CompressedClassSpaceSize: 1.00 GB
Initial GC threshold: 20.80 MB
Current GC threshold: 58.41 MB
CDS: off

CodeHeap 'non-profiled nmethods': size=120000Kb used=3800Kb max_used=3800Kb free=116199Kb
 bounds [0x00000181e3cb0000, 0x00000181e4070000, 0x00000181eb1e0000]
CodeHeap 'profiled nmethods': size=120000Kb used=12673Kb max_used=12673Kb free=107326Kb
 bounds [0x00000181dc780000, 0x00000181dd3f0000, 0x00000181e3cb0000]
CodeHeap 'non-nmethods': size=5760Kb used=2310Kb max_used=2420Kb free=3449Kb
 bounds [0x00000181dc1e0000, 0x00000181dc450000, 0x00000181dc780000]
 total_blobs=7059 nmethods=6243 adapters=728
 compilation: enabled
              stopped_count=0, restarted_count=0
 full_count=0

Compilation events (20 events):
Event: 6.747 Thread 0x00000181f3891800 6274       2       org.gradle.cache.internal.btree.FreeListBlockStore$FreeListBlock::alloc (240 bytes)
Event: 6.748 Thread 0x00000181f3891800 nmethod 6274 0x00000181dd3d5990 code [0x00000181dd3d5c40, 0x00000181dd3d63b8]
Event: 6.748 Thread 0x00000181f3891800 6275       2       org.gradle.cache.internal.btree.FileBackedBlockStore$BlockImpl::hasPos (13 bytes)
Event: 6.748 Thread 0x00000181f3891800 nmethod 6275 0x00000181dd3d6810 code [0x00000181dd3d69c0, 0x00000181dd3d6ad8]
Event: 6.748 Thread 0x00000181f3891800 6272       2       java.util.TimeZone::getDefault (10 bytes)
Event: 6.748 Thread 0x00000181f3891800 nmethod 6272 0x00000181dd3d6b90 code [0x00000181dd3d6d60, 0x00000181dd3d6eb8]
Event: 6.749 Thread 0x00000181f3890000 nmethod 6196 0x00000181e4060b10 code [0x00000181e4060d60, 0x00000181e4061da0]
Event: 6.750 Thread 0x00000181f3890000 6182       4       java.util.HashMap::put (13 bytes)
Event: 6.750 Thread 0x00000181f3890000 nmethod 6182 0x00000181e4062690 code [0x00000181e4062840, 0x00000181e4062948]
Event: 6.751 Thread 0x00000181f3890000 6142       4       java.util.HashMap$TreeNode::find (172 bytes)
Event: 6.752 Thread 0x00000181f3891800 6276       2       com.google.common.base.Equivalence$Equals::doEquivalent (6 bytes)
Event: 6.752 Thread 0x00000181f3891800 nmethod 6276 0x00000181dd3d6f90 code [0x00000181dd3d7140, 0x00000181dd3d7268]
Event: 6.757 Thread 0x00000181f3890000 nmethod 6142 0x00000181e4062a10 code [0x00000181e4062be0, 0x00000181e40631a8]
Event: 6.758 Thread 0x00000181f3890000 6136       4       groovyjarjarantlr4.v4.runtime.misc.FlexibleHashMap::put (157 bytes)
Event: 6.760 Thread 0x00000181f3891800 6277       2       com.google.common.collect.MapMakerInternalMap$StrongKeyWeakValueEntry::getValue (10 bytes)
Event: 6.760 Thread 0x00000181f3891800 nmethod 6277 0x00000181dd3d7310 code [0x00000181dd3d74c0, 0x00000181dd3d75e8]
Event: 6.760 Thread 0x00000181f3891800 6278   !   2       jdk.internal.loader.URLClassPath::checkURL (16 bytes)
Event: 6.761 Thread 0x00000181f3891800 nmethod 6278 0x00000181dd3d7690 code [0x00000181dd3d7840, 0x00000181dd3d7988]
Event: 6.761 Thread 0x00000181f3891800 6279       2       java.net.URLConnection::getDefaultUseCaches (30 bytes)
Event: 6.761 Thread 0x00000181f3891800 nmethod 6279 0x00000181dd3d7a90 code [0x00000181dd3d7c60, 0x00000181dd3d7e48]

GC Heap History (14 events):
Event: 0.532 GC heap before
{Heap before GC invocations=0 (full 0):
 garbage-first heap   total 262144K, used 29696K [0x0000000080000000, 0x0000000100000000)
  region size 1024K, 24 young (24576K), 0 survivors (0K)
 Metaspace       used 10069K, capacity 10327K, committed 10624K, reserved 1058816K
  class space    used 1037K, capacity 1106K, committed 1152K, reserved 1048576K
}
Event: 0.535 GC heap after
{Heap after GC invocations=1 (full 0):
 garbage-first heap   total 262144K, used 9404K [0x0000000080000000, 0x0000000100000000)
  region size 1024K, 3 young (3072K), 3 survivors (3072K)
 Metaspace       used 10069K, capacity 10327K, committed 10624K, reserved 1058816K
  class space    used 1037K, capacity 1106K, committed 1152K, reserved 1048576K
}
Event: 2.341 GC heap before
{Heap before GC invocations=1 (full 0):
 garbage-first heap   total 262144K, used 110780K [0x0000000080000000, 0x0000000100000000)
  region size 1024K, 103 young (105472K), 3 survivors (3072K)
 Metaspace       used 20651K, capacity 21154K, committed 21296K, reserved 1069056K
  class space    used 2512K, capacity 2665K, committed 2688K, reserved 1048576K
}
Event: 2.350 GC heap after
{Heap after GC invocations=2 (full 0):
 garbage-first heap   total 262144K, used 17066K [0x0000000080000000, 0x0000000100000000)
  region size 1024K, 11 young (11264K), 11 survivors (11264K)
 Metaspace       used 20651K, capacity 21154K, committed 21296K, reserved 1069056K
  class space    used 2512K, capacity 2665K, committed 2688K, reserved 1048576K
}
Event: 2.562 GC heap before
{Heap before GC invocations=3 (full 0):
 garbage-first heap   total 262144K, used 43690K [0x0000000080000000, 0x0000000100000000)
  region size 1024K, 37 young (37888K), 11 survivors (11264K)
 Metaspace       used 22974K, capacity 23525K, committed 23856K, reserved 1071104K
  class space    used 2917K, capacity 3121K, committed 3200K, reserved 1048576K
}
Event: 2.567 GC heap after
{Heap after GC invocations=4 (full 0):
 garbage-first heap   total 262144K, used 17773K [0x0000000080000000, 0x0000000100000000)
  region size 1024K, 2 young (2048K), 2 survivors (2048K)
 Metaspace       used 22974K, capacity 23525K, committed 23856K, reserved 1071104K
  class space    used 2917K, capacity 3121K, committed 3200K, reserved 1048576K
}
Event: 3.483 GC heap before
{Heap before GC invocations=4 (full 0):
 garbage-first heap   total 262144K, used 136557K [0x0000000080000000, 0x0000000100000000)
  region size 1024K, 104 young (106496K), 2 survivors (2048K)
 Metaspace       used 32842K, capacity 33829K, committed 33968K, reserved 1079296K
  class space    used 4414K, capacity 4768K, committed 4864K, reserved 1048576K
}
Event: 3.487 GC heap after
{Heap after GC invocations=5 (full 0):
 garbage-first heap   total 262144K, used 39149K [0x0000000080000000, 0x0000000100000000)
  region size 1024K, 9 young (9216K), 9 survivors (9216K)
 Metaspace       used 32842K, capacity 33829K, committed 33968K, reserved 1079296K
  class space    used 4414K, capacity 4768K, committed 4864K, reserved 1048576K
}
Event: 3.639 GC heap before
{Heap before GC invocations=5 (full 0):
 garbage-first heap   total 262144K, used 47341K [0x0000000080000000, 0x0000000100000000)
  region size 1024K, 18 young (18432K), 9 survivors (9216K)
 Metaspace       used 34555K, capacity 35547K, committed 35632K, reserved 1079296K
  class space    used 4588K, capacity 4935K, committed 4992K, reserved 1048576K
}
Event: 3.645 GC heap after
{Heap after GC invocations=6 (full 0):
 garbage-first heap   total 262144K, used 39812K [0x0000000080000000, 0x0000000100000000)
  region size 1024K, 9 young (9216K), 9 survivors (9216K)
 Metaspace       used 34555K, capacity 35547K, committed 35632K, reserved 1079296K
  class space    used 4588K, capacity 4935K, committed 4992K, reserved 1048576K
}
Event: 5.211 GC heap before
{Heap before GC invocations=7 (full 0):
 garbage-first heap   total 262144K, used 202628K [0x0000000080000000, 0x0000000100000000)
  region size 1024K, 153 young (156672K), 9 survivors (9216K)
 Metaspace       used 49198K, capacity 50469K, committed 50736K, reserved 1093632K
  class space    used 6270K, capacity 6767K, committed 6784K, reserved 1048576K
}
Event: 5.224 GC heap after
{Heap after GC invocations=8 (full 0):
 garbage-first heap   total 262144K, used 64202K [0x0000000080000000, 0x0000000100000000)
  region size 1024K, 20 young (20480K), 20 survivors (20480K)
 Metaspace       used 49198K, capacity 50469K, committed 50736K, reserved 1093632K
  class space    used 6270K, capacity 6767K, committed 6784K, reserved 1048576K
}
Event: 6.554 GC heap before
{Heap before GC invocations=8 (full 0):
 garbage-first heap   total 262144K, used 198346K [0x0000000080000000, 0x0000000100000000)
  region size 1024K, 147 young (150528K), 20 survivors (20480K)
 Metaspace       used 56416K, capacity 58096K, committed 58288K, reserved 1099776K
  class space    used 7280K, capacity 7871K, committed 7936K, reserved 1048576K
}
Event: 6.569 GC heap after
{Heap after GC invocations=9 (full 0):
 garbage-first heap   total 262144K, used 77917K [0x0000000080000000, 0x0000000100000000)
  region size 1024K, 9 young (9216K), 9 survivors (9216K)
 Metaspace       used 56416K, capacity 58096K, committed 58288K, reserved 1099776K
  class space    used 7280K, capacity 7871K, committed 7936K, reserved 1048576K
}

Deoptimization events (20 events):
Event: 6.629 Thread 0x00000181f52f3800 DEOPT PACKING pc=0x00000181dc8077b4 sp=0x0000002df22f8f50
Event: 6.629 Thread 0x00000181f52f3800 DEOPT UNPACKING pc=0x00000181dc22a95e sp=0x0000002df22f84a0 mode 0
Event: 6.645 Thread 0x00000181f52f3800 Uncommon trap: trap_request=0xffffff4d fr.pc=0x00000181e3f363fc relative=0x00000000000006fc
Event: 6.645 Thread 0x00000181f52f3800 Uncommon trap: reason=unstable_if action=reinterpret pc=0x00000181e3f363fc method=java.util.HashMap.putVal(ILjava/lang/Object;Ljava/lang/Object;ZZ)Ljava/lang/Object; @ 85 c2
Event: 6.645 Thread 0x00000181f52f3800 DEOPT PACKING pc=0x00000181e3f363fc sp=0x0000002df22f82d0
Event: 6.645 Thread 0x00000181f52f3800 DEOPT UNPACKING pc=0x00000181dc22a1af sp=0x0000002df22f8258 mode 2
Event: 6.694 Thread 0x00000181f52f3800 DEOPT PACKING pc=0x00000181dd04f841 sp=0x0000002df22f7120
Event: 6.694 Thread 0x00000181f52f3800 DEOPT UNPACKING pc=0x00000181dc22a95e sp=0x0000002df22f66a8 mode 0
Event: 6.704 Thread 0x00000181f52f3800 DEOPT PACKING pc=0x00000181dd1d9071 sp=0x0000002df22f7b60
Event: 6.704 Thread 0x00000181f52f3800 DEOPT UNPACKING pc=0x00000181dc22a95e sp=0x0000002df22f7058 mode 0
Event: 6.709 Thread 0x00000181f52f3800 DEOPT PACKING pc=0x00000181dd1d9071 sp=0x0000002df22f7580
Event: 6.709 Thread 0x00000181f52f3800 DEOPT UNPACKING pc=0x00000181dc22a95e sp=0x0000002df22f6a78 mode 0
Event: 6.714 Thread 0x00000181f52f3800 Uncommon trap: trap_request=0xffffffde fr.pc=0x00000181e3cd3f64 relative=0x00000000000001c4
Event: 6.714 Thread 0x00000181f52f3800 Uncommon trap: reason=class_check action=maybe_recompile pc=0x00000181e3cd3f64 method=java.lang.String.equals(Ljava/lang/Object;)Z @ 8 c2
Event: 6.714 Thread 0x00000181f52f3800 DEOPT PACKING pc=0x00000181e3cd3f64 sp=0x0000002df22f7b30
Event: 6.714 Thread 0x00000181f52f3800 DEOPT UNPACKING pc=0x00000181dc22a1af sp=0x0000002df22f7ad8 mode 2
Event: 6.744 Thread 0x00000181f52f3800 Uncommon trap: trap_request=0xffffffc6 fr.pc=0x00000181e3dda8f8 relative=0x0000000000000218
Event: 6.744 Thread 0x00000181f52f3800 Uncommon trap: reason=bimorphic_or_optimized_type_check action=maybe_recompile pc=0x00000181e3dda8f8 method=com.google.common.base.CharMatcher.indexIn(Ljava/lang/CharSequence;I)I @ 31 c2
Event: 6.744 Thread 0x00000181f52f3800 DEOPT PACKING pc=0x00000181e3dda8f8 sp=0x0000002df22f78b0
Event: 6.744 Thread 0x00000181f52f3800 DEOPT UNPACKING pc=0x00000181dc22a1af sp=0x0000002df22f7858 mode 2

Classes redefined (0 events):
No events

Internal exceptions (20 events):
Event: 6.027 Thread 0x00000181f7460000 Exception <a 'sun/nio/fs/WindowsException'{0x000000008bb84bb0}> (0x000000008bb84bb0) thrown at [./src/hotspot/share/prims/jni.cpp, line 616]
Event: 6.032 Thread 0x00000181f7460000 Exception <a 'sun/nio/fs/WindowsException'{0x000000008bbb5668}> (0x000000008bbb5668) thrown at [./src/hotspot/share/prims/jni.cpp, line 616]
Event: 6.033 Thread 0x00000181f7460000 Exception <a 'sun/nio/fs/WindowsException'{0x000000008bbb57d0}> (0x000000008bbb57d0) thrown at [./src/hotspot/share/prims/jni.cpp, line 616]
Event: 6.043 Thread 0x00000181f52f3800 Exception <a 'java/lang/ClassNotFoundException'{0x000000008bbf31d0}: build_7lvfyhlghwjzqb7spq2o2fib9BeanInfo> (0x000000008bbf31d0) thrown at [./src/hotspot/share/classfile/systemDictionary.cpp, line 231]
Event: 6.044 Thread 0x00000181f52f3800 Exception <a 'java/lang/ClassNotFoundException'{0x000000008ba0ad58}: org/gradle/api/internal/project/ProjectScriptBeanInfo> (0x000000008ba0ad58) thrown at [./src/hotspot/share/classfile/systemDictionary.cpp, line 231]
Event: 6.044 Thread 0x00000181f52f3800 Exception <a 'java/lang/ClassNotFoundException'{0x000000008ba22588}: org/gradle/api/internal/project/ProjectScriptCustomizer> (0x000000008ba22588) thrown at [./src/hotspot/share/classfile/systemDictionary.cpp, line 231]
Event: 6.045 Thread 0x00000181f52f3800 Exception <a 'java/lang/ClassNotFoundException'{0x000000008ba3e700}: build_7lvfyhlghwjzqb7spq2o2fib9Customizer> (0x000000008ba3e700) thrown at [./src/hotspot/share/classfile/systemDictionary.cpp, line 231]
Event: 6.052 Thread 0x00000181f52f3800 Exception <a 'java/lang/ClassNotFoundException'{0x000000008baddb90}: org/gradle/plugin/use/internal/PluginRequestCollector$PluginDependenciesSpecImplBeanInfo> (0x000000008baddb90) thrown at [./src/hotspot/share/classfile/systemDictionary.cpp, line 231]
Event: 6.053 Thread 0x00000181f52f3800 Exception <a 'java/lang/ClassNotFoundException'{0x000000008b90e568}: org/gradle/plugin/use/internal/PluginRequestCollector$PluginDependenciesSpecImplCustomizer> (0x000000008b90e568) thrown at [./src/hotspot/share/classfile/systemDictionary.cpp, line 231]
Event: 6.056 Thread 0x00000181f52f3800 Exception <a 'java/lang/ClassNotFoundException'{0x000000008b972188}: org/gradle/plugin/use/internal/PluginRequestCollector$PluginDependencySpecImplBeanInfo> (0x000000008b972188) thrown at [./src/hotspot/share/classfile/systemDictionary.cpp, line 231]
Event: 6.056 Thread 0x00000181f52f3800 Exception <a 'java/lang/ClassNotFoundException'{0x000000008b9a0bc0}: org/gradle/plugin/use/internal/PluginRequestCollector$PluginDependencySpecImplCustomizer> (0x000000008b9a0bc0) thrown at [./src/hotspot/share/classfile/systemDictionary.cpp, line 231]
Event: 6.187 Thread 0x00000181f52f3800 Exception <a 'java/lang/NoSuchMethodError'{0x000000008a70b6c0}: 'void java.lang.invoke.DirectMethodHandle$Holder.invokeStatic(java.lang.Object, java.lang.Object, java.lang.Object, int, java.lang.Object)'> (0x000000008a70b6c0) thrown at [./src/hotspot/share/interpreter/linkResolver.cpp, line 773]
Event: 6.635 Thread 0x00000181f745f000 Exception <a 'sun/nio/fs/WindowsException'{0x000000008ff25160}> (0x000000008ff25160) thrown at [./src/hotspot/share/prims/jni.cpp, line 616]
Event: 6.637 Thread 0x00000181f745f000 Exception <a 'sun/nio/fs/WindowsException'{0x000000008fa3c210}> (0x000000008fa3c210) thrown at [./src/hotspot/share/prims/jni.cpp, line 616]
Event: 6.638 Thread 0x00000181f745f000 Exception <a 'sun/nio/fs/WindowsException'{0x000000008fa3c378}> (0x000000008fa3c378) thrown at [./src/hotspot/share/prims/jni.cpp, line 616]
Event: 6.728 Thread 0x00000181f745e800 Exception <a 'sun/nio/fs/WindowsException'{0x000000008ff3a618}> (0x000000008ff3a618) thrown at [./src/hotspot/share/prims/jni.cpp, line 616]
Event: 6.733 Thread 0x00000181f745e800 Exception <a 'sun/nio/fs/WindowsException'{0x000000008ec105a0}> (0x000000008ec105a0) thrown at [./src/hotspot/share/prims/jni.cpp, line 616]
Event: 6.734 Thread 0x00000181f745e800 Exception <a 'sun/nio/fs/WindowsException'{0x000000008ec10710}> (0x000000008ec10710) thrown at [./src/hotspot/share/prims/jni.cpp, line 616]
Event: 6.741 Thread 0x00000181f52f3800 Exception <a 'java/lang/ClassNotFoundException'{0x000000008ec640b8}: build_bij760jgpsietpdbg7yekavsgBeanInfo> (0x000000008ec640b8) thrown at [./src/hotspot/share/classfile/systemDictionary.cpp, line 231]
Event: 6.741 Thread 0x00000181f52f3800 Exception <a 'java/lang/ClassNotFoundException'{0x000000008ec6ff68}: build_bij760jgpsietpdbg7yekavsgCustomizer> (0x000000008ec6ff68) thrown at [./src/hotspot/share/classfile/systemDictionary.cpp, line 231]

Events (20 events):
Event: 6.756 loading class kotlin/Deprecated
Event: 6.756 loading class kotlin/Deprecated done
Event: 6.756 loading class kotlin/ReplaceWith
Event: 6.756 loading class kotlin/ReplaceWith done
Event: 6.757 loading class kotlin/DeprecationLevel
Event: 6.757 loading class kotlin/DeprecationLevel done
Event: 6.757 loading class kotlin/annotation/MustBeDocumented
Event: 6.757 loading class kotlin/annotation/MustBeDocumented done
Event: 6.759 loading class com/android/build/gradle/BasePluginKt
Event: 6.759 loading class com/android/build/gradle/BasePluginKt done
Event: 6.760 loading class org/gradle/api/internal/plugins/DefaultObjectConfigurationAction$3
Event: 6.760 loading class org/gradle/api/internal/plugins/DefaultObjectConfigurationAction$3 done
Event: 6.761 loading class com/android/build/gradle/internal/plugins/VersionCheckPlugin
Event: 6.761 loading class com/android/build/gradle/internal/plugins/VersionCheckPlugin done
Event: 6.762 loading class com/android/build/gradle/internal/plugins/VersionCheckPlugin$Companion
Event: 6.762 loading class com/android/build/gradle/internal/plugins/VersionCheckPlugin$Companion done
Event: 6.763 loading class com/android/ide/common/repository/GradleVersion
Event: 6.763 loading class com/android/ide/common/repository/GradleVersion done
Event: 6.773 loading class com/google/common/base/Splitter
Event: 6.773 loading class com/google/common/base/Splitter done


Dynamic libraries:
0x00007ff6744d0000 - 0x00007ff6744da000 	C:\Program Files\Android\Android Studio\jre\bin\java.exe
0x00007ffd3f4f0000 - 0x00007ffd3f6e8000 	C:\WINDOWS\SYSTEM32\ntdll.dll
0x00007ffd3ebe0000 - 0x00007ffd3ec9d000 	C:\WINDOWS\System32\KERNEL32.DLL
0x00007ffd3ce80000 - 0x00007ffd3d152000 	C:\WINDOWS\System32\KERNELBASE.dll
0x00007ffd3cd20000 - 0x00007ffd3ce20000 	C:\WINDOWS\System32\ucrtbase.dll
0x00007ffcf64a0000 - 0x00007ffcf64b9000 	C:\Program Files\Android\Android Studio\jre\bin\jli.dll
0x00007ffcf3ff0000 - 0x00007ffcf4007000 	C:\Program Files\Android\Android Studio\jre\bin\VCRUNTIME140.dll
0x00007ffd3dba0000 - 0x00007ffd3dd3d000 	C:\WINDOWS\System32\USER32.dll
0x00007ffd3ce20000 - 0x00007ffd3ce42000 	C:\WINDOWS\System32\win32u.dll
0x00007ffd3eac0000 - 0x00007ffd3eaeb000 	C:\WINDOWS\System32\GDI32.dll
0x00007ffd25650000 - 0x00007ffd258ea000 	C:\WINDOWS\WinSxS\amd64_microsoft.windows.common-controls_6595b64144ccf1df_6.0.19041.1110_none_60b5254171f9507e\COMCTL32.dll
0x00007ffd3d2c0000 - 0x00007ffd3d3cf000 	C:\WINDOWS\System32\gdi32full.dll
0x00007ffd3db00000 - 0x00007ffd3db9e000 	C:\WINDOWS\System32\msvcrt.dll
0x00007ffd3d460000 - 0x00007ffd3d4fd000 	C:\WINDOWS\System32\msvcp_win.dll
0x00007ffd3ebb0000 - 0x00007ffd3ebe0000 	C:\WINDOWS\System32\IMM32.DLL
0x00007ffcc7280000 - 0x00007ffcc731d000 	C:\Program Files\Android\Android Studio\jre\bin\msvcp140.dll
0x00007ffcc2460000 - 0x00007ffcc2f62000 	C:\Program Files\Android\Android Studio\jre\bin\server\jvm.dll
0x00007ffd3eb00000 - 0x00007ffd3ebae000 	C:\WINDOWS\System32\ADVAPI32.dll
0x00007ffd3e050000 - 0x00007ffd3e0ec000 	C:\WINDOWS\System32\sechost.dll
0x00007ffd3ee50000 - 0x00007ffd3ef75000 	C:\WINDOWS\System32\RPCRT4.dll
0x00007ffd3efe0000 - 0x00007ffd3efe8000 	C:\WINDOWS\System32\PSAPI.DLL
0x00007ffd2ded0000 - 0x00007ffd2def7000 	C:\WINDOWS\SYSTEM32\WINMM.dll
0x00007ffd36760000 - 0x00007ffd36769000 	C:\WINDOWS\SYSTEM32\WSOCK32.dll
0x00007ffd33320000 - 0x00007ffd3332a000 	C:\WINDOWS\SYSTEM32\VERSION.dll
0x00007ffd3e920000 - 0x00007ffd3e98b000 	C:\WINDOWS\System32\WS2_32.dll
0x00007ffd3b7c0000 - 0x00007ffd3b7d2000 	C:\WINDOWS\SYSTEM32\kernel.appcore.dll
0x00007ffd23f70000 - 0x00007ffd23f81000 	C:\Program Files\Android\Android Studio\jre\bin\verify.dll
0x00007ffd3b540000 - 0x00007ffd3b724000 	C:\WINDOWS\SYSTEM32\DBGHELP.DLL
0x00007ffd1fed0000 - 0x00007ffd1fefc000 	C:\WINDOWS\SYSTEM32\dbgcore.DLL
0x00007ffd3d3d0000 - 0x00007ffd3d452000 	C:\WINDOWS\System32\bcryptPrimitives.dll
0x00007ffd23d60000 - 0x00007ffd23d89000 	C:\Program Files\Android\Android Studio\jre\bin\java.dll
0x00007ffd26210000 - 0x00007ffd2621b000 	C:\Program Files\Android\Android Studio\jre\bin\jimage.dll
0x00007ffd23f50000 - 0x00007ffd23f68000 	C:\Program Files\Android\Android Studio\jre\bin\zip.dll
0x00007ffd3e1d0000 - 0x00007ffd3e913000 	C:\WINDOWS\System32\SHELL32.dll
0x00007ffd3a9d0000 - 0x00007ffd3b161000 	C:\WINDOWS\SYSTEM32\windows.storage.dll
0x00007ffd3f150000 - 0x00007ffd3f4a4000 	C:\WINDOWS\System32\combase.dll
0x00007ffd3c660000 - 0x00007ffd3c690000 	C:\WINDOWS\SYSTEM32\Wldp.dll
0x00007ffd3da50000 - 0x00007ffd3dafd000 	C:\WINDOWS\System32\SHCORE.dll
0x00007ffd3ef80000 - 0x00007ffd3efd5000 	C:\WINDOWS\System32\shlwapi.dll
0x00007ffd3cb40000 - 0x00007ffd3cb5f000 	C:\WINDOWS\SYSTEM32\profapi.dll
0x00007ffd216a0000 - 0x00007ffd216ba000 	C:\Program Files\Android\Android Studio\jre\bin\net.dll
0x00007ffd33810000 - 0x00007ffd3391d000 	C:\WINDOWS\SYSTEM32\WINHTTP.dll
0x00007ffd3c3c0000 - 0x00007ffd3c42a000 	C:\WINDOWS\system32\mswsock.dll
0x00007ffd10000000 - 0x00007ffd10014000 	C:\Program Files\Android\Android Studio\jre\bin\nio.dll
0x00007ffcf7460000 - 0x00007ffcf7487000 	C:\Users\Imad\.gradle\native\e1d6ef7f7dcc3fd88c89a11ec53ec762bb8ba0a96d01ffa2cd45eb1d1d8dd5c5\windows-amd64\native-platform.dll
0x00007ffcc7130000 - 0x00007ffcc7274000 	C:\Users\Imad\.gradle\native\0d407fdbe67a94daf76414ababcb853783967236a71b16ec16e742cd7a986fd3\windows-amd64\native-platform-file-events.dll
0x00007ffd21690000 - 0x00007ffd2169a000 	C:\Program Files\Android\Android Studio\jre\bin\management.dll
0x00007ffd10070000 - 0x00007ffd1007d000 	C:\Program Files\Android\Android Studio\jre\bin\management_ext.dll
0x00007ffd3c5b0000 - 0x00007ffd3c5c8000 	C:\WINDOWS\SYSTEM32\CRYPTSP.dll
0x00007ffd3bc70000 - 0x00007ffd3bca4000 	C:\WINDOWS\system32\rsaenh.dll
0x00007ffd3ce50000 - 0x00007ffd3ce77000 	C:\WINDOWS\System32\bcrypt.dll
0x00007ffd3cac0000 - 0x00007ffd3caee000 	C:\WINDOWS\SYSTEM32\USERENV.dll
0x00007ffd3c5d0000 - 0x00007ffd3c5dc000 	C:\WINDOWS\SYSTEM32\CRYPTBASE.dll
0x00007ffd3c060000 - 0x00007ffd3c09b000 	C:\WINDOWS\SYSTEM32\IPHLPAPI.DLL
0x00007ffd3eaf0000 - 0x00007ffd3eaf8000 	C:\WINDOWS\System32\NSI.dll
0x00007ffd334d0000 - 0x00007ffd334e7000 	C:\WINDOWS\SYSTEM32\dhcpcsvc6.DLL
0x00007ffd32c00000 - 0x00007ffd32c1d000 	C:\WINDOWS\SYSTEM32\dhcpcsvc.DLL
0x00007ffd3c0a0000 - 0x00007ffd3c16a000 	C:\WINDOWS\SYSTEM32\DNSAPI.dll

dbghelp: loaded successfully - version: 4.0.5 - missing functions: none
symbol engine: initialized successfully - sym options: 0x614 - pdb path: .;C:\Program Files\Android\Android Studio\jre\bin;C:\WINDOWS\SYSTEM32;C:\WINDOWS\WinSxS\amd64_microsoft.windows.common-controls_6595b64144ccf1df_6.0.19041.1110_none_60b5254171f9507e;C:\Program Files\Android\Android Studio\jre\bin\server;C:\Users\Imad\.gradle\native\e1d6ef7f7dcc3fd88c89a11ec53ec762bb8ba0a96d01ffa2cd45eb1d1d8dd5c5\windows-amd64;C:\Users\Imad\.gradle\native\0d407fdbe67a94daf76414ababcb853783967236a71b16ec16e742cd7a986fd3\windows-amd64

VM Arguments:
jvm_args: --add-opens=java.base/java.util=ALL-UNNAMED --add-opens=java.base/java.lang=ALL-UNNAMED --add-opens=java.base/java.lang.invoke=ALL-UNNAMED --add-opens=java.base/java.util=ALL-UNNAMED --add-opens=java.prefs/java.util.prefs=ALL-UNNAMED --add-opens=java.prefs/java.util.prefs=ALL-UNNAMED --add-opens=java.base/java.nio.charset=ALL-UNNAMED --add-opens=java.base/java.net=ALL-UNNAMED --add-opens=java.base/java.util.concurrent.atomic=ALL-UNNAMED -Xmx2048m -Dfile.encoding=UTF-8 -Duser.country=ES -Duser.language=es -Duser.variant 
java_command: org.gradle.launcher.daemon.bootstrap.GradleDaemon 7.4
java_class_path (initial): C:\Users\Imad\.gradle\wrapper\dists\gradle-7.4-bin\c0gwcg53nkjbqw7r0h0umtfvt\gradle-7.4\lib\gradle-launcher-7.4.jar
Launcher Type: SUN_STANDARD

[Global flags]
     intx CICompilerCount                          = 4                                         {product} {ergonomic}
     uint ConcGCThreads                            = 3                                         {product} {ergonomic}
     uint G1ConcRefinementThreads                  = 10                                        {product} {ergonomic}
   size_t G1HeapRegionSize                         = 1048576                                   {product} {ergonomic}
    uintx GCDrainStackTargetSize                   = 64                                        {product} {ergonomic}
   size_t InitialHeapSize                          = 268435456                                 {product} {ergonomic}
   size_t MarkStackSize                            = 4194304                                   {product} {ergonomic}
   size_t MaxHeapSize                              = 2147483648                                {product} {command line}
   size_t MaxNewSize                               = 1287651328                                {product} {ergonomic}
   size_t MinHeapDeltaBytes                        = 1048576                                   {product} {ergonomic}
    uintx NonNMethodCodeHeapSize                   = 5836300                                {pd product} {ergonomic}
    uintx NonProfiledCodeHeapSize                  = 122910970                              {pd product} {ergonomic}
    uintx ProfiledCodeHeapSize                     = 122910970                              {pd product} {ergonomic}
    uintx ReservedCodeCacheSize                    = 251658240                              {pd product} {ergonomic}
     bool SegmentedCodeCache                       = true                                      {product} {ergonomic}
     bool UseCompressedClassPointers               = true                                 {lp64_product} {ergonomic}
     bool UseCompressedOops                        = true                                 {lp64_product} {ergonomic}
     bool UseG1GC                                  = true                                      {product} {ergonomic}
     bool UseLargePagesIndividualAllocation        = false                                  {pd product} {ergonomic}

Logging:
Log output configuration:
 #0: stdout all=warning uptime,level,tags
 #1: stderr all=off uptime,level,tags

Environment Variables:
JAVA_HOME=C:\Program Files\Java\jdk1.8.0_151
PATH=C:\Program Files (x86)\Common Files\Oracle\Java\javapath;C:\ProgramData\Oracle\Java\javapath;C:\Windows\system32;C:\Windows;C:\Windows\System32\Wbem;C:\Windows\System32\WindowsPowerShell\v1.0\;C:\Windows\System32\OpenSSH\;C:\Program Files (x86)\NVIDIA Corporation\PhysX\Common;C:\Program Files\NVIDIA Corporation\NVIDIA NvDLISR;C:\Program Files\dotnet\;C:\Program Files\Microsoft SQL Server\Client SDK\ODBC\170\Tools\Binn\;C:\WINDOWS\system32;C:\WINDOWS;C:\WINDOWS\System32\Wbem;C:\WINDOWS\System32\WindowsPowerShell\v1.0\;C:\WINDOWS\System32\OpenSSH\;C:\Program Files\Microsoft SQL Server\130\Tools\Binn\;C:\Program Files\nodejs\;C:\Program Files (x86)\Microsoft SQL Server\150\DTS\Binn\;C:\Program Files\Azure Data Studio\bin;C:\Program Files (x86)\Microsoft SQL Server\150\Tools\Binn\;C:\Program Files\Microsoft SQL Server\150\Tools\Binn\;C:\Program Files\Microsoft SQL Server\150\DTS\Binn\;C:\Program Files\Liquid Technologies\Liquid Studio\XmlDataBinder20\Redist20\cpp\win32\bin;C:\Program Files\Liquid Technologies\Liquid Studio\XmlDataBinder20\Redist20\cpp\win64\bin;C:\Program Files\Git\cmd;C:\Program Files\MySQL\MySQL Shell 8.0\bin\;C:\Users\Imad\AppData\Local\Programs\Python\Python39\Scripts\;C:\Users\Imad\AppData\Local\Programs\Python\Python39\;C:\Users\Imad\AppData\Local\Microsoft\WindowsApps;C:\Users\Imad\AppData\Local\Programs\Microsoft VS Code\bin;C:\Users\Imad\AppData\Local\Android\Sdk\platform-tools;C:\Program Files\JetBrains\PyCharm Community Edition 2020.2.3\bin;;C:\src\flutter\bin;C:\Users\Imad\AppData\Roaming\npm;C:\Program Files\Azure Data Studio\bin;C:\Program Files\heroku\bin;C:\Users\Imad\AppData\Local\GitHubDesktop\bin;C:\Users\Imad\.dotnet\tools
USERNAME=Imad
OS=Windows_NT
PROCESSOR_IDENTIFIER=Intel64 Family 6 Model 158 Stepping 10, GenuineIntel



---------------  S Y S T E M  ---------------

OS: Windows 10 , 64 bit Build 19041 (10.0.19041.1889)
OS uptime: 1 days 23:17 hours

CPU:total 12 (initial active 12) (6 cores per cpu, 2 threads per core) family 6 model 158 stepping 10 microcode 0xf0, cmov, cx8, fxsr, mmx, sse, sse2, sse3, ssse3, sse4.1, sse4.2, popcnt, avx, avx2, aes, clmul, erms, 3dnowpref, lzcnt, ht, tsc, tscinvbit, bmi1, bmi2, adx, fma

Memory: 4k page, system-wide physical 16294M (642M free)
TotalPageFile size 19226M (AvailPageFile size 4M)
current process WorkingSet (physical memory assigned to process): 475M, peak: 475M
current process commit charge ("private bytes"): 536M, peak: 537M

vm_info: OpenJDK 64-Bit Server VM (11.0.13+0-b1751.21-8125866) for windows-amd64 JRE (11.0.13+0-b1751.21-8125866), built on Feb  2 2022 03:00:22 by "builder" with MS VC++ 14.0 (VS2015)

END.
